[2024-12-27 18:32:24,863 main.py:229 INFO] Detected system ID: KnownSystem.RTX4090x2
[2024-12-27 18:32:25,138 harness.py:249 INFO] The harness will load 3 plugins: ['build/plugins/pixelShuffle3DPlugin/libpixelshuffle3dplugin.so', 'build/plugins/conv3D1X1X1K4Plugin/libconv3D1X1X1K4Plugin.so', 'build/plugins/conv3D3X3X3C1K32Plugin/libconv3D3X3X3C1K32Plugin.so']
[2024-12-27 18:32:25,138 generate_conf_files.py:107 INFO] Generated measurements/ entries for RTX4090x2_TRT/3d-unet-99.9/SingleStream
[2024-12-27 18:32:25,138 __init__.py:46 INFO] Running command: ./build/bin/harness_3dunet --plugins="build/plugins/pixelShuffle3DPlugin/libpixelshuffle3dplugin.so,build/plugins/conv3D1X1X1K4Plugin/libconv3D1X1X1K4Plugin.so,build/plugins/conv3D3X3X3C1K32Plugin/libconv3D3X3X3C1K32Plugin.so" --logfile_outdir="/cm-mount/home/arjun/gh_action_results/valid_results/RTX4090x2-nvidia_original-gpu-tensorrt-vdefault-default_config/3d-unet-99.9/singlestream/performance/run_1" --logfile_prefix="mlperf_log_" --performance_sample_count=43 --test_mode="PerformanceOnly" --gpu_copy_streams=1 --gpu_inference_streams=1 --use_deque_limit=true --gpu_batch_size=1 --map_path="data_maps/kits19/val_map.txt" --mlperf_conf_path="/home/cmuser/CM/repos/local/cache/5860c00d55d14786/inference/mlperf.conf" --tensor_path="build/preprocessed_data/KiTS19/inference/int8" --use_graphs=false --user_conf_path="/home/cmuser/CM/repos/mlcommons@mlperf-automations/script/generate-mlperf-inference-user-conf/tmp/fdd93de12da94423a5a3c8c3eca998ac.conf" --unet3d_sw_gaussian_patch_path="/home/cmuser/CM/repos/local/cache/4db00c74da1e44c8/preprocessed_data/KiTS19/etc/gaussian_patches.npy" --gpu_engines="./build/engines/RTX4090x2/3d-unet/SingleStream/3d-unet-SingleStream-gpu-b1-int8.custom_k_99_9_MaxP.plan" --max_dlas=0 --slice_overlap_patch_kernel_cg_impl=false --scenario SingleStream --model 3d-unet
[2024-12-27 18:32:25,138 __init__.py:53 INFO] Overriding Environment
benchmark : Benchmark.UNET3D
buffer_manager_thread_count : 0
data_dir : /home/cmuser/CM/repos/local/cache/4db00c74da1e44c8/data
gpu_batch_size : 1
gpu_copy_streams : 1
gpu_inference_streams : 1
input_dtype : int8
input_format : linear
log_dir : /home/cmuser/CM/repos/local/cache/94a57f78972843c6/repo/closed/NVIDIA/build/logs/2024.12.27-18.32.23
map_path : data_maps/kits19/val_map.txt
mlperf_conf_path : /home/cmuser/CM/repos/local/cache/5860c00d55d14786/inference/mlperf.conf
precision : int8
preprocessed_data_dir : /home/cmuser/CM/repos/local/cache/4db00c74da1e44c8/preprocessed_data
scenario : Scenario.SingleStream
single_stream_expected_latency_ns : 0
slice_overlap_patch_kernel_cg_impl : False
system : SystemConfiguration(host_cpu_conf=CPUConfiguration(layout={CPU(name='Intel(R) Xeon(R) w7-2495X', architecture=<CPUArchitecture.x86_64: AliasedName(name='x86_64', aliases=(), patterns=())>, core_count=24, threads_per_core=2): 1}), host_mem_conf=MemoryConfiguration(host_memory_capacity=Memory(quantity=197.334532, byte_suffix=<ByteSuffix.GB: (1000, 3)>, _num_bytes=197334532000), comparison_tolerance=0.05), accelerator_conf=AcceleratorConfiguration(layout=defaultdict(<class 'int'>, {GPU(name='NVIDIA GeForce RTX 4090', accelerator_type=<AcceleratorType.Discrete: AliasedName(name='Discrete', aliases=(), patterns=())>, vram=Memory(quantity=23.98828125, byte_suffix=<ByteSuffix.GiB: (1024, 3)>, _num_bytes=25757220864), max_power_limit=450.0, pci_id='0x268410DE', compute_sm=89): 1, GPU(name='NVIDIA GeForce RTX 4090', accelerator_type=<AcceleratorType.Discrete: AliasedName(name='Discrete', aliases=(), patterns=())>, vram=Memory(quantity=23.98828125, byte_suffix=<ByteSuffix.GiB: (1024, 3)>, _num_bytes=25757220864), max_power_limit=500.0, pci_id='0x268410DE', compute_sm=89): 1})), numa_conf=None, system_id='RTX4090x2')
tensor_path : build/preprocessed_data/KiTS19/inference/int8
test_mode : PerformanceOnly
unet3d_sw_gaussian_patch_path : /home/cmuser/CM/repos/local/cache/4db00c74da1e44c8/preprocessed_data/KiTS19/etc/gaussian_patches.npy
use_deque_limit : True
use_graphs : False
user_conf_path : /home/cmuser/CM/repos/mlcommons@mlperf-automations/script/generate-mlperf-inference-user-conf/tmp/fdd93de12da94423a5a3c8c3eca998ac.conf
system_id : RTX4090x2
config_name : RTX4090x2_3d-unet_SingleStream
workload_setting : WorkloadSetting(HarnessType.Custom, AccuracyTarget.k_99_9, PowerSetting.MaxP)
optimization_level : plugin-enabled
num_profiles : 1
config_ver : custom_k_99_9_MaxP
accuracy_level : 99.9%
inference_server : custom
skip_file_checks : False
power_limit : None
cpu_freq : None
&&&& RUNNING MLPerf_Inference_3DUNet_Harness # ./build/bin/harness_3dunet
[I] mlperf.conf path: /home/cmuser/CM/repos/local/cache/5860c00d55d14786/inference/mlperf.conf
[I] user.conf path: /home/cmuser/CM/repos/mlcommons@mlperf-automations/script/generate-mlperf-inference-user-conf/tmp/fdd93de12da94423a5a3c8c3eca998ac.conf
Creating QSL.
Finished Creating QSL.
Setting up SUT.
[I] [TRT] Loaded engine size: 31 MiB
[I] [TRT] [MemUsageChange] Init cuBLAS/cuBLASLt: CPU +0, GPU +8, now: CPU 85, GPU 1097 (MiB)
[I] [TRT] [MemUsageChange] Init cuDNN: CPU +1, GPU +10, now: CPU 86, GPU 1107 (MiB)
[I] [TRT] [MemUsageChange] TensorRT-managed allocation in engine deserialization: CPU +0, GPU +29, now: CPU 0, GPU 29 (MiB)
[I] Device:0: ./build/engines/RTX4090x2/3d-unet/SingleStream/3d-unet-SingleStream-gpu-b1-int8.custom_k_99_9_MaxP.plan has been successfully loaded.
[I] [TRT] Loaded engine size: 31 MiB
[W] [TRT] Using an engine plan file across different models of devices is not recommended and is likely to affect performance or even cause errors.
[I] [TRT] [MemUsageChange] Init cuBLAS/cuBLASLt: CPU +0, GPU +8, now: CPU 121, GPU 842 (MiB)
[I] [TRT] [MemUsageChange] Init cuDNN: CPU +1, GPU +10, now: CPU 122, GPU 852 (MiB)
[I] [TRT] [MemUsageChange] TensorRT-managed allocation in engine deserialization: CPU +0, GPU +30, now: CPU 0, GPU 59 (MiB)
[I] Device:1: ./build/engines/RTX4090x2/3d-unet/SingleStream/3d-unet-SingleStream-gpu-b1-int8.custom_k_99_9_MaxP.plan has been successfully loaded.
[E] [TRT] 3: [runtime.cpp::~Runtime::401] Error Code 3: API Usage Error (Parameter check failed at: runtime/rt/runtime.cpp::~Runtime::401, condition: mEngineCounter.use_count() == 1 Destroying a runtime before destroying deserialized engines created by the runtime leads to undefined behavior.)
[I] [TRT] [MemUsageChange] Init cuBLAS/cuBLASLt: CPU +0, GPU +8, now: CPU 90, GPU 1715 (MiB)
[I] [TRT] [MemUsageChange] Init cuDNN: CPU +0, GPU +8, now: CPU 90, GPU 1723 (MiB)
[I] [TRT] [MemUsageChange] TensorRT-managed allocation in IExecutionContext creation: CPU +0, GPU +278, now: CPU 0, GPU 337 (MiB)
[I] [TRT] [MemUsageChange] Init cuBLAS/cuBLASLt: CPU +0, GPU +8, now: CPU 97, GPU 1458 (MiB)
[I] [TRT] [MemUsageChange] Init cuDNN: CPU +1, GPU +8, now: CPU 98, GPU 1466 (MiB)
[I] [TRT] [MemUsageChange] TensorRT-managed allocation in IExecutionContext creation: CPU +0, GPU +277, now: CPU 0, GPU 614 (MiB)
[I] Creating batcher thread: 0 EnableBatcherThreadPerDevice: true
[I] Creating batcher thread: 1 EnableBatcherThreadPerDevice: true
Finished setting up SUT.
Starting warmup. Running for a minimum of 5 seconds.
Finished warmup. Ran for 5.04969s.
Starting running actual test.
================================================
MLPerf Results Summary
================================================
SUT name : Server_3DUNet
Scenario : SingleStream
Mode     : PerformanceOnly
90th percentile latency (ns) : 428716796
Result is : VALID
  Min duration satisfied : Yes
  Min queries satisfied : Yes
  Early stopping satisfied: Yes
Early Stopping Result:
 * Processed at least 64 queries (3010).
 * Would discard 261 highest latency queries.
 * Early stopping 90th percentile estimate: 429340369
 * Early stopping 99th percentile estimate: 497772891

================================================
Additional Stats
================================================
QPS w/ loadgen overhead         : 4.52
QPS w/o loadgen overhead        : 4.53

Min latency (ns)                : 28027274
Max latency (ns)                : 506430214
Mean latency (ns)               : 220963953
50.00 percentile latency (ns)   : 172492097
90.00 percentile latency (ns)   : 428716796
95.00 percentile latency (ns)   : 493032835
97.00 percentile latency (ns)   : 493622214
99.00 percentile latency (ns)   : 496748230
99.90 percentile latency (ns)   : 498503360

================================================
Test Parameters Used
================================================
samples_per_query : 1
target_qps : 2.5
target_latency (ns): 0
max_async_queries : 1
min_duration (ms): 600000
max_duration (ms): 0
min_query_count : 3010
max_query_count : 0
qsl_rng_seed : 3066443479025735752
sample_index_rng_seed : 10688027786191513374
schedule_rng_seed : 14962580496156340209
accuracy_log_rng_seed : 0
accuracy_log_probability : 0
accuracy_log_sampling_target : 0
print_timestamps : 0
performance_issue_unique : 0
performance_issue_same : 0
performance_issue_same_index : 0
performance_sample_count : 43

No warnings encountered during test.

No errors encountered during test.
Finished running actual test.
Device Device:0 processed:
  86316 batches of size 1
  Memcpy Calls: 0
  PerSampleCudaMemcpy Calls: 1338
  BatchedCudaMemcpy Calls: 0
Device Device:1 processed:
  106954 batches of size 1
  Memcpy Calls: 0
  PerSampleCudaMemcpy Calls: 1672
  BatchedCudaMemcpy Calls: 0
&&&& PASSED MLPerf_Inference_3DUNet_Harness # ./build/bin/harness_3dunet
[2024-12-27 18:43:37,340 run_harness.py:166 INFO] Result: result_90.00_percentile_latency_ns: 428716796, Result is VALID
 
======================== Result summaries: ========================

