[2025-02-10 15:54:51,108 main.py:229 INFO] Detected system ID: KnownSystem.d9326a75ce64
[2025-02-10 15:54:51,488 generate_conf_files.py:107 INFO] Generated measurements/ entries for d9326a75ce64_TRT/bert-99/SingleStream
[2025-02-10 15:54:51,488 __init__.py:46 INFO] Running command: ./build/bin/harness_bert --logfile_outdir="/mlc-mount/home/arjun/gh_action_results/valid_results/RTX4090x2-nvidia_original-gpu-tensorrt-vdefault-default_config/bert-99/singlestream/performance/run_1" --logfile_prefix="mlperf_log_" --performance_sample_count=10833 --test_mode="PerformanceOnly" --gpu_batch_size=1 --mlperf_conf_path="/home/mlcuser/MLC/repos/local/cache/get-git-repo_14157262/inference/mlperf.conf" --tensor_path="build/preprocessed_data/squad_tokenized/input_ids.npy,build/preprocessed_data/squad_tokenized/segment_ids.npy,build/preprocessed_data/squad_tokenized/input_mask.npy" --use_graphs=true --user_conf_path="/home/mlcuser/MLC/repos/mlcommons@mlperf-automations/script/generate-mlperf-inference-user-conf/tmp/9c556cb4d4f5415da805ea7155d32164.conf" --gpu_inference_streams=1 --gpu_copy_streams=1 --gpu_engines="./build/engines/d9326a75ce64/bert/SingleStream/bert-SingleStream-gpu-int8_S_384_B_1_P_1_vs.custom_k_99_MaxP.plan" --scenario SingleStream --model bert
[2025-02-10 15:54:51,488 __init__.py:53 INFO] Overriding Environment
benchmark : Benchmark.BERT
buffer_manager_thread_count : 0
coalesced_tensor : True
data_dir : /home/mlcuser/MLC/repos/local/cache/get-mlperf-inference-nvidia-scratch-space_5aab030f/data
gpu_batch_size : 1
gpu_copy_streams : 1
gpu_inference_streams : 1
input_dtype : int32
input_format : linear
log_dir : /home/mlcuser/MLC/repos/local/cache/get-git-repo_0ab377fc/repo/closed/NVIDIA/build/logs/2025.02.10-15.54.49
mlperf_conf_path : /home/mlcuser/MLC/repos/local/cache/get-git-repo_14157262/inference/mlperf.conf
precision : int8
preprocessed_data_dir : /home/mlcuser/MLC/repos/local/cache/get-mlperf-inference-nvidia-scratch-space_5aab030f/preprocessed_data
scenario : Scenario.SingleStream
single_stream_expected_latency_ns : 0
system : SystemConfiguration(host_cpu_conf=CPUConfiguration(layout={CPU(name='Intel(R) Xeon(R) w7-2495X', architecture=<CPUArchitecture.x86_64: AliasedName(name='x86_64', aliases=(), patterns=())>, core_count=24, threads_per_core=2): 1}), host_mem_conf=MemoryConfiguration(host_memory_capacity=Memory(quantity=197.33452799999998, byte_suffix=<ByteSuffix.GB: (1000, 3)>, _num_bytes=197334528000), comparison_tolerance=0.05), accelerator_conf=AcceleratorConfiguration(layout=defaultdict(<class 'int'>, {GPU(name='NVIDIA GeForce RTX 4090', accelerator_type=<AcceleratorType.Discrete: AliasedName(name='Discrete', aliases=(), patterns=())>, vram=Memory(quantity=23.98828125, byte_suffix=<ByteSuffix.GiB: (1024, 3)>, _num_bytes=25757220864), max_power_limit=450.0, pci_id='0x268410DE', compute_sm=89): 1, GPU(name='NVIDIA GeForce RTX 4090', accelerator_type=<AcceleratorType.Discrete: AliasedName(name='Discrete', aliases=(), patterns=())>, vram=Memory(quantity=23.98828125, byte_suffix=<ByteSuffix.GiB: (1024, 3)>, _num_bytes=25757220864), max_power_limit=500.0, pci_id='0x268410DE', compute_sm=89): 1})), numa_conf=None, system_id='d9326a75ce64')
tensor_path : build/preprocessed_data/squad_tokenized/input_ids.npy,build/preprocessed_data/squad_tokenized/segment_ids.npy,build/preprocessed_data/squad_tokenized/input_mask.npy
test_mode : PerformanceOnly
use_graphs : True
use_small_tile_gemm_plugin : False
user_conf_path : /home/mlcuser/MLC/repos/mlcommons@mlperf-automations/script/generate-mlperf-inference-user-conf/tmp/9c556cb4d4f5415da805ea7155d32164.conf
system_id : d9326a75ce64
config_name : d9326a75ce64_bert_SingleStream
workload_setting : WorkloadSetting(HarnessType.Custom, AccuracyTarget.k_99, PowerSetting.MaxP)
optimization_level : plugin-enabled
num_profiles : 1
config_ver : custom_k_99_MaxP
accuracy_level : 99%
inference_server : custom
skip_file_checks : True
power_limit : None
cpu_freq : None
&&&& RUNNING BERT_HARNESS # ./build/bin/harness_bert
I0210 15:54:51.541523  9476 main_bert.cc:164] Found 2 GPUs
I0210 15:54:51.656440  9476 bert_server.cc:147] Engine Path: ./build/engines/d9326a75ce64/bert/SingleStream/bert-SingleStream-gpu-int8_S_384_B_1_P_1_vs.custom_k_99_MaxP.plan
[I] [TRT] Loaded engine size: 352 MiB
[I] [TRT] Loaded engine size: 352 MiB
[W] [TRT] Using an engine plan file across different models of devices is not recommended and is likely to affect performance or even cause errors.
[I] [TRT] [MemUsageChange] Init cuBLAS/cuBLASLt: CPU +67, GPU +8, now: CPU 540, GPU 1163 (MiB)
[I] [TRT] [MemUsageChange] Init cuDNN: CPU +2, GPU +10, now: CPU 542, GPU 1173 (MiB)
[I] [TRT] [MemUsageChange] TensorRT-managed allocation in engine deserialization: CPU +0, GPU +581, now: CPU 0, GPU 581 (MiB)
[I] [TRT] [MemUsageChange] Init cuBLAS/cuBLASLt: CPU +6, GPU +8, now: CPU 551, GPU 908 (MiB)
[I] [TRT] [MemUsageChange] Init cuDNN: CPU +2, GPU +10, now: CPU 553, GPU 918 (MiB)
[I] [TRT] [MemUsageChange] TensorRT-managed allocation in engine deserialization: CPU +0, GPU +291, now: CPU 0, GPU 581 (MiB)
I0210 15:54:52.069705  9476 bert_server.cc:208] Engines Creation Completed
I0210 15:54:52.087073  9476 bert_server.cc:213] Use CUDA graphs
I0210 15:54:52.087200  9476 bert_core_vs.cc:385] Engine - Device Memory requirements: 2753024
I0210 15:54:52.087204  9476 bert_core_vs.cc:393] Engine - Number of Optimization Profiles: 1
I0210 15:54:52.087209  9476 bert_core_vs.cc:415] Engine - Profile 0 maxDims 384 Bmax=1 Smax=384
[I] [TRT] [MemUsageChange] Init cuBLAS/cuBLASLt: CPU +0, GPU +8, now: CPU 200, GPU 1169 (MiB)
[I] [TRT] [MemUsageChange] Init cuDNN: CPU +0, GPU +8, now: CPU 200, GPU 1177 (MiB)
I0210 15:54:52.120397  9476 bert_core_vs.cc:426] Setting Opt.Prof. to 0
I0210 15:54:52.120420  9476 bert_core_vs.cc:444] Context creation complete. Max supported batchSize: 1
I0210 15:54:52.120481  9476 bert_core_vs.cc:476] Setup complete
[I] [TRT] [MemUsageChange] TensorRT-managed allocation in IExecutionContext creation: CPU +1, GPU +0, now: CPU 1, GPU 581 (MiB)
I0210 15:54:52.120623  9476 bert_core_vs.cc:385] Engine - Device Memory requirements: 2753024
I0210 15:54:52.120626  9476 bert_core_vs.cc:393] Engine - Number of Optimization Profiles: 1
I0210 15:54:52.120630  9476 bert_core_vs.cc:415] Engine - Profile 0 maxDims 384 Bmax=1 Smax=384
[I] [TRT] [MemUsageChange] Init cuBLAS/cuBLASLt: CPU +0, GPU +8, now: CPU 262, GPU 914 (MiB)
[I] [TRT] [MemUsageChange] Init cuDNN: CPU +0, GPU +8, now: CPU 262, GPU 922 (MiB)
I0210 15:54:52.155030  9476 bert_core_vs.cc:426] Setting Opt.Prof. to 0
I0210 15:54:52.155040  9476 bert_core_vs.cc:444] Context creation complete. Max supported batchSize: 1
I0210 15:54:52.155102  9476 bert_core_vs.cc:476] Setup complete
[I] [TRT] [MemUsageChange] TensorRT-managed allocation in IExecutionContext creation: CPU +0, GPU +0, now: CPU 1, GPU 581 (MiB)
I0210 15:54:52.335762  9486 bert_core_vs.cc:352] Created 96 CUDA graphs
I0210 15:54:52.362135  9488 bert_core_vs.cc:352] Created 96 CUDA graphs
I0210 15:54:52.365248  9476 main_bert.cc:185] Starting running actual test.
I0210 16:04:54.042874  9476 main_bert.cc:191] Finished running actual test.
================================================
MLPerf Results Summary
================================================
SUT name : BERT SERVER
Scenario : SingleStream
Mode     : PerformanceOnly
90th percentile latency (ns) : 1030327
Result is : VALID
  Min duration satisfied : Yes
  Min queries satisfied : Yes
  Early stopping satisfied: Yes
Early Stopping Result:
 * Processed at least 64 queries (633463).
 * Would discard 62789 highest latency queries.
 * Early stopping 90th percentile estimate: 1030837
 * Early stopping 99th percentile estimate: 1212325

================================================
Additional Stats
================================================
QPS w/ loadgen overhead         : 1055.77
QPS w/o loadgen overhead        : 1063.31

Min latency (ns)                : 853669
Max latency (ns)                : 6128457
Mean latency (ns)               : 940462
50.00 percentile latency (ns)   : 921252
90.00 percentile latency (ns)   : 1030327
95.00 percentile latency (ns)   : 1142063
97.00 percentile latency (ns)   : 1191005
99.00 percentile latency (ns)   : 1212008
99.90 percentile latency (ns)   : 1225516

================================================
Test Parameters Used
================================================
samples_per_query : 1
target_qps : 2000
target_latency (ns): 0
max_async_queries : 1
min_duration (ms): 600000
max_duration (ms): 660000
min_query_count : 100
max_query_count : 0
qsl_rng_seed : 6023615788873153749
sample_index_rng_seed : 15036839855038426416
schedule_rng_seed : 9933818062894767841
accuracy_log_rng_seed : 0
accuracy_log_probability : 0
accuracy_log_sampling_target : 0
print_timestamps : 0
performance_issue_unique : 0
performance_issue_same : 0
performance_issue_same_index : 0
performance_sample_count : 10833

No warnings encountered during test.

No errors encountered during test.
[2025-02-10 16:04:54,281 run_harness.py:166 INFO] Result: result_90.00_percentile_latency_ns: 1030327, Result is VALID
 
======================== Result summaries: ========================

