[2025-02-02 00:15:58,978 main.py:229 INFO] Detected system ID: KnownSystem.edb7da106296
[2025-02-02 00:15:59,127 generate_conf_files.py:107 INFO] Generated measurements/ entries for edb7da106296_TRT/resnet50/Server
[2025-02-02 00:15:59,127 harness.py:326 INFO] Updated LD_PRELOAD: /usr/lib/x86_64-linux-gnu/libjemalloc.so.2
[2025-02-02 00:15:59,127 __init__.py:46 INFO] Running command: ./build/bin/harness_default --logfile_outdir="/mlc-mount/home/arjun/gh_action_results/valid_results/RTX4090x2-nvidia_original-gpu-tensorrt-vdefault-default_config/resnet50/server/accuracy" --logfile_prefix="mlperf_log_" --performance_sample_count=2048 --test_mode="AccuracyOnly" --deque_timeout_usec=2000 --gpu_copy_streams=9 --gpu_inference_streams=2 --use_cuda_thread_per_device=true --use_deque_limit=true --gpu_batch_size=64 --map_path="data_maps/imagenet/val_map.txt" --mlperf_conf_path="/home/mlcuser/MLC/repos/local/cache/get-git-repo_14157262/inference/mlperf.conf" --tensor_path="build/preprocessed_data/imagenet/ResNet50/int8_linear" --use_graphs=true --user_conf_path="/home/mlcuser/MLC/repos/mlcommons@mlperf-automations/script/generate-mlperf-inference-user-conf/tmp/032766b3fcd24d16ad52b003bc327677.conf" --gpu_engines="./build/engines/edb7da106296/resnet50/Server/resnet50-Server-gpu-b64-int8.lwis_k_99_MaxP.plan" --max_dlas=0 --scenario Server --model resnet50
[2025-02-02 00:15:59,127 __init__.py:53 INFO] Overriding Environment
ERROR: ld.so: object '/usr/lib/x86_64-linux-gnu/libjemalloc.so.2' from LD_PRELOAD cannot be preloaded (cannot open shared object file): ignored.
ERROR: ld.so: object '/usr/lib/x86_64-linux-gnu/libjemalloc.so.2' from LD_PRELOAD cannot be preloaded (cannot open shared object file): ignored.
benchmark : Benchmark.ResNet50
buffer_manager_thread_count : 0
data_dir : /home/mlcuser/MLC/repos/local/cache/get-mlperf-inference-nvidia-scratch-space_5aab030f/data
deque_timeout_usec : 2000
gpu_batch_size : 64
gpu_copy_streams : 9
gpu_inference_streams : 2
input_dtype : int8
input_format : linear
log_dir : /home/mlcuser/MLC/repos/local/cache/get-git-repo_0ab377fc/repo/closed/NVIDIA/build/logs/2025.02.02-00.15.57
map_path : data_maps/imagenet/val_map.txt
mlperf_conf_path : /home/mlcuser/MLC/repos/local/cache/get-git-repo_14157262/inference/mlperf.conf
precision : int8
preprocessed_data_dir : /home/mlcuser/MLC/repos/local/cache/get-mlperf-inference-nvidia-scratch-space_5aab030f/preprocessed_data
scenario : Scenario.Server
server_target_qps : 0
server_target_qps_adj_factor : 0.0
system : SystemConfiguration(host_cpu_conf=CPUConfiguration(layout={CPU(name='Intel(R) Xeon(R) w7-2495X', architecture=<CPUArchitecture.x86_64: AliasedName(name='x86_64', aliases=(), patterns=())>, core_count=24, threads_per_core=2): 1}), host_mem_conf=MemoryConfiguration(host_memory_capacity=Memory(quantity=197.33452799999998, byte_suffix=<ByteSuffix.GB: (1000, 3)>, _num_bytes=197334528000), comparison_tolerance=0.05), accelerator_conf=AcceleratorConfiguration(layout=defaultdict(<class 'int'>, {GPU(name='NVIDIA GeForce RTX 4090', accelerator_type=<AcceleratorType.Discrete: AliasedName(name='Discrete', aliases=(), patterns=())>, vram=Memory(quantity=23.98828125, byte_suffix=<ByteSuffix.GiB: (1024, 3)>, _num_bytes=25757220864), max_power_limit=450.0, pci_id='0x268410DE', compute_sm=89): 1, GPU(name='NVIDIA GeForce RTX 4090', accelerator_type=<AcceleratorType.Discrete: AliasedName(name='Discrete', aliases=(), patterns=())>, vram=Memory(quantity=23.98828125, byte_suffix=<ByteSuffix.GiB: (1024, 3)>, _num_bytes=25757220864), max_power_limit=500.0, pci_id='0x268410DE', compute_sm=89): 1})), numa_conf=NUMAConfiguration(numa_nodes={}, num_numa_nodes=1), system_id='edb7da106296')
tensor_path : build/preprocessed_data/imagenet/ResNet50/int8_linear
test_mode : AccuracyOnly
use_cuda_thread_per_device : True
use_deque_limit : True
use_graphs : True
user_conf_path : /home/mlcuser/MLC/repos/mlcommons@mlperf-automations/script/generate-mlperf-inference-user-conf/tmp/032766b3fcd24d16ad52b003bc327677.conf
system_id : edb7da106296
config_name : edb7da106296_resnet50_Server
workload_setting : WorkloadSetting(HarnessType.LWIS, AccuracyTarget.k_99, PowerSetting.MaxP)
optimization_level : plugin-enabled
num_profiles : 9
config_ver : lwis_k_99_MaxP
accuracy_level : 99%
inference_server : lwis
skip_file_checks : False
power_limit : None
cpu_freq : None
&&&& RUNNING Default_Harness # ./build/bin/harness_default
[I] mlperf.conf path: /home/mlcuser/MLC/repos/local/cache/get-git-repo_14157262/inference/mlperf.conf
[I] user.conf path: /home/mlcuser/MLC/repos/mlcommons@mlperf-automations/script/generate-mlperf-inference-user-conf/tmp/032766b3fcd24d16ad52b003bc327677.conf
Creating QSL.
Finished Creating QSL.
Setting up SUT.
[I] [TRT] Loaded engine size: 69 MiB
[I] [TRT] [MemUsageChange] Init cuBLAS/cuBLASLt: CPU +6, GPU +10, now: CPU 168, GPU 831 (MiB)
[I] [TRT] [MemUsageChange] Init cuDNN: CPU +2, GPU +10, now: CPU 170, GPU 841 (MiB)
[I] [TRT] [MemUsageChange] TensorRT-managed allocation in engine deserialization: CPU +0, GPU +19, now: CPU 0, GPU 19 (MiB)
[I] Device:0.GPU: [0] ./build/engines/edb7da106296/resnet50/Server/resnet50-Server-gpu-b64-int8.lwis_k_99_MaxP.plan has been successfully loaded.
[I] [TRT] Loaded engine size: 69 MiB
[W] [TRT] Using an engine plan file across different models of devices is not recommended and is likely to affect performance or even cause errors.
[I] [TRT] [MemUsageChange] Init cuBLAS/cuBLASLt: CPU +6, GPU +10, now: CPU 248, GPU 575 (MiB)
[I] [TRT] [MemUsageChange] Init cuDNN: CPU +1, GPU +10, now: CPU 249, GPU 585 (MiB)
[I] [TRT] [MemUsageChange] TensorRT-managed allocation in engine deserialization: CPU +1, GPU +20, now: CPU 1, GPU 39 (MiB)
[I] Device:1.GPU: [0] ./build/engines/edb7da106296/resnet50/Server/resnet50-Server-gpu-b64-int8.lwis_k_99_MaxP.plan has been successfully loaded.
[E] [TRT] 3: [runtime.cpp::~Runtime::401] Error Code 3: API Usage Error (Parameter check failed at: runtime/rt/runtime.cpp::~Runtime::401, condition: mEngineCounter.use_count() == 1 Destroying a runtime before destroying deserialized engines created by the runtime leads to undefined behavior.)
[I] [TRT] [MemUsageChange] Init cuBLAS/cuBLASLt: CPU +0, GPU +10, now: CPU 180, GPU 833 (MiB)
[I] [TRT] [MemUsageChange] Init cuDNN: CPU +0, GPU +8, now: CPU 180, GPU 841 (MiB)
[I] [TRT] [MemUsageChange] TensorRT-managed allocation in IExecutionContext creation: CPU +0, GPU +99, now: CPU 1, GPU 138 (MiB)
[I] [TRT] [MemUsageChange] Init cuBLAS/cuBLASLt: CPU +0, GPU +8, now: CPU 231, GPU 997 (MiB)
[I] [TRT] [MemUsageChange] Init cuDNN: CPU +0, GPU +10, now: CPU 231, GPU 1007 (MiB)
[I] [TRT] Could not set default profile 0 for execution context. Profile index must be set explicitly.
[I] [TRT] [MemUsageChange] TensorRT-managed allocation in IExecutionContext creation: CPU +0, GPU +100, now: CPU 1, GPU 238 (MiB)
[I] [TRT] [MemUsageChange] Init cuBLAS/cuBLASLt: CPU +0, GPU +8, now: CPU 281, GPU 1161 (MiB)
[I] [TRT] [MemUsageChange] Init cuDNN: CPU +1, GPU +12, now: CPU 282, GPU 1173 (MiB)
[I] [TRT] Could not set default profile 0 for execution context. Profile index must be set explicitly.
[I] [TRT] [MemUsageChange] TensorRT-managed allocation in IExecutionContext creation: CPU +1, GPU +99, now: CPU 2, GPU 337 (MiB)
[I] [TRT] [MemUsageChange] Init cuBLAS/cuBLASLt: CPU +0, GPU +8, now: CPU 332, GPU 1329 (MiB)
[I] [TRT] [MemUsageChange] Init cuDNN: CPU +0, GPU +10, now: CPU 332, GPU 1339 (MiB)
[I] [TRT] Could not set default profile 0 for execution context. Profile index must be set explicitly.
[I] [TRT] [MemUsageChange] TensorRT-managed allocation in IExecutionContext creation: CPU +0, GPU +100, now: CPU 2, GPU 437 (MiB)
[I] [TRT] [MemUsageChange] Init cuBLAS/cuBLASLt: CPU +0, GPU +8, now: CPU 383, GPU 1497 (MiB)
[I] [TRT] [MemUsageChange] Init cuDNN: CPU +0, GPU +12, now: CPU 383, GPU 1509 (MiB)
[I] [TRT] Could not set default profile 0 for execution context. Profile index must be set explicitly.
[I] [TRT] [MemUsageChange] TensorRT-managed allocation in IExecutionContext creation: CPU +0, GPU +99, now: CPU 2, GPU 536 (MiB)
[I] [TRT] [MemUsageChange] Init cuBLAS/cuBLASLt: CPU +0, GPU +8, now: CPU 433, GPU 1663 (MiB)
[I] [TRT] [MemUsageChange] Init cuDNN: CPU +1, GPU +10, now: CPU 434, GPU 1673 (MiB)
[I] [TRT] Could not set default profile 0 for execution context. Profile index must be set explicitly.
[I] [TRT] [MemUsageChange] TensorRT-managed allocation in IExecutionContext creation: CPU +0, GPU +100, now: CPU 2, GPU 636 (MiB)
[I] [TRT] [MemUsageChange] Init cuBLAS/cuBLASLt: CPU +0, GPU +8, now: CPU 484, GPU 1831 (MiB)
[I] [TRT] [MemUsageChange] Init cuDNN: CPU +0, GPU +10, now: CPU 484, GPU 1841 (MiB)
[I] [TRT] Could not set default profile 0 for execution context. Profile index must be set explicitly.
[I] [TRT] [MemUsageChange] TensorRT-managed allocation in IExecutionContext creation: CPU +0, GPU +100, now: CPU 2, GPU 736 (MiB)
[I] [TRT] [MemUsageChange] Init cuBLAS/cuBLASLt: CPU +0, GPU +8, now: CPU 535, GPU 1999 (MiB)
[I] [TRT] [MemUsageChange] Init cuDNN: CPU +0, GPU +10, now: CPU 535, GPU 2009 (MiB)
[I] [TRT] Could not set default profile 0 for execution context. Profile index must be set explicitly.
[I] [TRT] [MemUsageChange] TensorRT-managed allocation in IExecutionContext creation: CPU +0, GPU +99, now: CPU 2, GPU 835 (MiB)
[I] [TRT] [MemUsageChange] Init cuBLAS/cuBLASLt: CPU +0, GPU +8, now: CPU 585, GPU 2165 (MiB)
[I] [TRT] [MemUsageChange] Init cuDNN: CPU +0, GPU +10, now: CPU 585, GPU 2175 (MiB)
[I] [TRT] Could not set default profile 0 for execution context. Profile index must be set explicitly.
[I] [TRT] [MemUsageChange] TensorRT-managed allocation in IExecutionContext creation: CPU +1, GPU +100, now: CPU 3, GPU 935 (MiB)
[I] [TRT] [MemUsageChange] Init cuBLAS/cuBLASLt: CPU +0, GPU +10, now: CPU 636, GPU 577 (MiB)
[I] [TRT] [MemUsageChange] Init cuDNN: CPU +0, GPU +8, now: CPU 636, GPU 585 (MiB)
[I] [TRT] [MemUsageChange] TensorRT-managed allocation in IExecutionContext creation: CPU +0, GPU +99, now: CPU 3, GPU 1034 (MiB)
[I] [TRT] [MemUsageChange] Init cuBLAS/cuBLASLt: CPU +0, GPU +8, now: CPU 686, GPU 741 (MiB)
[I] [TRT] [MemUsageChange] Init cuDNN: CPU +0, GPU +10, now: CPU 686, GPU 751 (MiB)
[I] [TRT] Could not set default profile 0 for execution context. Profile index must be set explicitly.
[I] [TRT] [MemUsageChange] TensorRT-managed allocation in IExecutionContext creation: CPU +0, GPU +100, now: CPU 3, GPU 1134 (MiB)
[I] [TRT] [MemUsageChange] Init cuBLAS/cuBLASLt: CPU +0, GPU +8, now: CPU 737, GPU 905 (MiB)
[I] [TRT] [MemUsageChange] Init cuDNN: CPU +0, GPU +12, now: CPU 737, GPU 917 (MiB)
[I] [TRT] Could not set default profile 0 for execution context. Profile index must be set explicitly.
[I] [TRT] [MemUsageChange] TensorRT-managed allocation in IExecutionContext creation: CPU +0, GPU +99, now: CPU 3, GPU 1233 (MiB)
[I] [TRT] [MemUsageChange] Init cuBLAS/cuBLASLt: CPU +1, GPU +8, now: CPU 788, GPU 1073 (MiB)
[I] [TRT] [MemUsageChange] Init cuDNN: CPU +0, GPU +10, now: CPU 788, GPU 1083 (MiB)
[I] [TRT] Could not set default profile 0 for execution context. Profile index must be set explicitly.
[I] [TRT] [MemUsageChange] TensorRT-managed allocation in IExecutionContext creation: CPU +0, GPU +100, now: CPU 3, GPU 1333 (MiB)
[I] [TRT] [MemUsageChange] Init cuBLAS/cuBLASLt: CPU +0, GPU +8, now: CPU 838, GPU 1241 (MiB)
[I] [TRT] [MemUsageChange] Init cuDNN: CPU +1, GPU +12, now: CPU 839, GPU 1253 (MiB)
[I] [TRT] Could not set default profile 0 for execution context. Profile index must be set explicitly.
[I] [TRT] [MemUsageChange] TensorRT-managed allocation in IExecutionContext creation: CPU +0, GPU +99, now: CPU 3, GPU 1432 (MiB)
[I] [TRT] [MemUsageChange] Init cuBLAS/cuBLASLt: CPU +0, GPU +8, now: CPU 889, GPU 1407 (MiB)
[I] [TRT] [MemUsageChange] Init cuDNN: CPU +0, GPU +10, now: CPU 889, GPU 1417 (MiB)
[I] [TRT] Could not set default profile 0 for execution context. Profile index must be set explicitly.
[I] [TRT] [MemUsageChange] TensorRT-managed allocation in IExecutionContext creation: CPU +0, GPU +100, now: CPU 3, GPU 1532 (MiB)
[I] [TRT] [MemUsageChange] Init cuBLAS/cuBLASLt: CPU +0, GPU +8, now: CPU 939, GPU 1575 (MiB)
[I] [TRT] [MemUsageChange] Init cuDNN: CPU +0, GPU +10, now: CPU 939, GPU 1585 (MiB)
[I] [TRT] Could not set default profile 0 for execution context. Profile index must be set explicitly.
[I] [TRT] [MemUsageChange] TensorRT-managed allocation in IExecutionContext creation: CPU +1, GPU +100, now: CPU 4, GPU 1632 (MiB)
[I] [TRT] [MemUsageChange] Init cuBLAS/cuBLASLt: CPU +0, GPU +8, now: CPU 990, GPU 1743 (MiB)
[I] [TRT] [MemUsageChange] Init cuDNN: CPU +0, GPU +10, now: CPU 990, GPU 1753 (MiB)
[I] [TRT] Could not set default profile 0 for execution context. Profile index must be set explicitly.
[I] [TRT] [MemUsageChange] TensorRT-managed allocation in IExecutionContext creation: CPU +0, GPU +99, now: CPU 4, GPU 1731 (MiB)
[I] [TRT] [MemUsageChange] Init cuBLAS/cuBLASLt: CPU +1, GPU +8, now: CPU 1041, GPU 1909 (MiB)
[I] [TRT] [MemUsageChange] Init cuDNN: CPU +0, GPU +10, now: CPU 1041, GPU 1919 (MiB)
[I] [TRT] Could not set default profile 0 for execution context. Profile index must be set explicitly.
[I] [TRT] [MemUsageChange] TensorRT-managed allocation in IExecutionContext creation: CPU +0, GPU +100, now: CPU 4, GPU 1831 (MiB)
[I] Start creating CUDA graphs
[I] Capture 576 CUDA graphs
[I] Capture 576 CUDA graphs
[I] Finish creating CUDA graphs
[I] Creating batcher thread: 0 EnableBatcherThreadPerDevice: false
[I] Creating cuda thread: 0
[I] Creating cuda thread: 1
Finished setting up SUT.
Starting warmup. Running for a minimum of 5 seconds.
Finished warmup. Ran for 5.15564s.
Starting running actual test.

No warnings encountered during test.

No errors encountered during test.
Finished running actual test.
Device Device:0.GPU processed:
  2 batches of size 1
  2 batches of size 5
  1 batches of size 14
  1 batches of size 17
  1 batches of size 18
  1 batches of size 27
  2 batches of size 31
  2 batches of size 33
  1 batches of size 37
  1 batches of size 46
  1 batches of size 47
  1 batches of size 50
  2 batches of size 59
  2 batches of size 63
  382 batches of size 64
  Memcpy Calls: 0
  PerSampleCudaMemcpy Calls: 25086
  BatchedCudaMemcpy Calls: 2
Device Device:1.GPU processed:
  2 batches of size 1
  1 batches of size 5
  1 batches of size 8
  1 batches of size 15
  1 batches of size 16
  1 batches of size 17
  1 batches of size 18
  1 batches of size 19
  1 batches of size 20
  1 batches of size 26
  1 batches of size 27
  1 batches of size 37
  1 batches of size 38
  1 batches of size 44
  1 batches of size 45
  1 batches of size 46
  1 batches of size 47
  1 batches of size 49
  1 batches of size 56
  1 batches of size 59
  2 batches of size 63
  378 batches of size 64
  Memcpy Calls: 0
  PerSampleCudaMemcpy Calls: 24910
  BatchedCudaMemcpy Calls: 2
&&&& PASSED Default_Harness # ./build/bin/harness_default
[2025-02-02 00:16:14,142 run_harness.py:166 INFO] Result: Accuracy run detected.
[2025-02-02 00:16:14,142 __init__.py:46 INFO] Running command: python3 /home/mlcuser/MLC/repos/local/cache/get-git-repo_0ab377fc/repo/closed/NVIDIA/build/inference/vision/classification_and_detection/tools/accuracy-imagenet.py --mlperf-accuracy-file /mlc-mount/home/arjun/gh_action_results/valid_results/RTX4090x2-nvidia_original-gpu-tensorrt-vdefault-default_config/resnet50/server/accuracy/mlperf_log_accuracy.json --imagenet-val-file data_maps/imagenet/val_map.txt --dtype int32
accuracy=76.078%, good=38039, total=50000
 
======================== Result summaries: ========================

