[2024-11-15 22:40:44,580 main.py:229 INFO] Detected system ID: KnownSystem.RTX4090x2
[2024-11-15 22:40:44,912 generate_conf_files.py:107 INFO] Generated measurements/ entries for RTX4090x2_TRT/bert-99/Server
[2024-11-15 22:40:44,913 __init__.py:46 INFO] Running command: ./build/bin/harness_bert --logfile_outdir="/cm-mount/home/arjun/gh_action_results/valid_results/RTX4090x2-nvidia_original-gpu-tensorrt-vdefault-default_config/bert-99/server/accuracy" --logfile_prefix="mlperf_log_" --performance_sample_count=10833 --test_mode="AccuracyOnly" --gpu_batch_size=256 --mlperf_conf_path="/home/cmuser/CM/repos/local/cache/84c461ccbd344553/inference/mlperf.conf" --tensor_path="build/preprocessed_data/squad_tokenized/input_ids.npy,build/preprocessed_data/squad_tokenized/segment_ids.npy,build/preprocessed_data/squad_tokenized/input_mask.npy" --use_graphs=true --user_conf_path="/home/cmuser/CM/repos/gateoverflow@cm4mlops/script/generate-mlperf-inference-user-conf/tmp/2ad7b98fe36e4344bef5cc22cac0ae55.conf" --gpu_inference_streams=2 --gpu_copy_streams=1 --gpu_engines="./build/engines/RTX4090x2/bert/Server/bert-Server-gpu-int8_S_384_B_256_P_2_vs.custom_k_99_MaxP.plan" --scenario Server --model bert
[2024-11-15 22:40:44,913 __init__.py:53 INFO] Overriding Environment
benchmark : Benchmark.BERT
buffer_manager_thread_count : 0
coalesced_tensor : True
data_dir : /home/cmuser/CM/repos/local/cache/e066920512fd47b7/data
gpu_batch_size : 256
gpu_copy_streams : 1
gpu_inference_streams : 2
input_dtype : int32
input_format : linear
log_dir : /home/cmuser/CM/repos/local/cache/f042d2560d924ad6/repo/closed/NVIDIA/build/logs/2024.11.15-22.40.43
mlperf_conf_path : /home/cmuser/CM/repos/local/cache/84c461ccbd344553/inference/mlperf.conf
precision : int8
preprocessed_data_dir : /home/cmuser/CM/repos/local/cache/e066920512fd47b7/preprocessed_data
scenario : Scenario.Server
server_target_qps : 0
server_target_qps_adj_factor : 0.0
system : SystemConfiguration(host_cpu_conf=CPUConfiguration(layout={CPU(name='Intel(R) Xeon(R) w7-2495X', architecture=<CPUArchitecture.x86_64: AliasedName(name='x86_64', aliases=(), patterns=())>, core_count=24, threads_per_core=2): 1}), host_mem_conf=MemoryConfiguration(host_memory_capacity=Memory(quantity=197.330052, byte_suffix=<ByteSuffix.GB: (1000, 3)>, _num_bytes=197330052000), comparison_tolerance=0.05), accelerator_conf=AcceleratorConfiguration(layout=defaultdict(<class 'int'>, {GPU(name='NVIDIA GeForce RTX 4090', accelerator_type=<AcceleratorType.Discrete: AliasedName(name='Discrete', aliases=(), patterns=())>, vram=Memory(quantity=23.98828125, byte_suffix=<ByteSuffix.GiB: (1024, 3)>, _num_bytes=25757220864), max_power_limit=450.0, pci_id='0x268410DE', compute_sm=89): 1, GPU(name='NVIDIA GeForce RTX 4090', accelerator_type=<AcceleratorType.Discrete: AliasedName(name='Discrete', aliases=(), patterns=())>, vram=Memory(quantity=23.98828125, byte_suffix=<ByteSuffix.GiB: (1024, 3)>, _num_bytes=25757220864), max_power_limit=500.0, pci_id='0x268410DE', compute_sm=89): 1})), numa_conf=NUMAConfiguration(numa_nodes={}, num_numa_nodes=1), system_id='RTX4090x2')
tensor_path : build/preprocessed_data/squad_tokenized/input_ids.npy,build/preprocessed_data/squad_tokenized/segment_ids.npy,build/preprocessed_data/squad_tokenized/input_mask.npy
test_mode : AccuracyOnly
use_graphs : True
use_small_tile_gemm_plugin : True
user_conf_path : /home/cmuser/CM/repos/gateoverflow@cm4mlops/script/generate-mlperf-inference-user-conf/tmp/2ad7b98fe36e4344bef5cc22cac0ae55.conf
system_id : RTX4090x2
config_name : RTX4090x2_bert_Server
workload_setting : WorkloadSetting(HarnessType.Custom, AccuracyTarget.k_99, PowerSetting.MaxP)
optimization_level : plugin-enabled
num_profiles : 1
config_ver : custom_k_99_MaxP
accuracy_level : 99%
inference_server : custom
skip_file_checks : True
power_limit : None
cpu_freq : None
&&&& RUNNING BERT_HARNESS # ./build/bin/harness_bert
I1115 22:40:44.976719 25298 main_bert.cc:163] Found 2 GPUs
I1115 22:40:45.135432 25298 bert_server.cc:147] Engine Path: ./build/engines/RTX4090x2/bert/Server/bert-Server-gpu-int8_S_384_B_256_P_2_vs.custom_k_99_MaxP.plan
[I] [TRT] Loaded engine size: 608 MiB
[I] [TRT] Loaded engine size: 608 MiB
[W] [TRT] Using an engine plan file across different models of devices is not recommended and is likely to affect performance or even cause errors.
[I] [TRT] [MemUsageChange] Init cuBLAS/cuBLASLt: CPU +17, GPU +8, now: CPU 1603, GPU 1031 (MiB)
[I] [TRT] [MemUsageChange] Init cuDNN: CPU +7, GPU +10, now: CPU 1610, GPU 1041 (MiB)
[I] [TRT] [MemUsageChange] TensorRT-managed allocation in engine deserialization: CPU +0, GPU +194, now: CPU 0, GPU 194 (MiB)
[I] [TRT] [MemUsageChange] Init cuBLAS/cuBLASLt: CPU +6, GPU +8, now: CPU 1698, GPU 740 (MiB)
[I] [TRT] [MemUsageChange] Init cuDNN: CPU +1, GPU +10, now: CPU 1699, GPU 750 (MiB)
[I] [TRT] [MemUsageChange] TensorRT-managed allocation in engine deserialization: CPU +0, GPU +97, now: CPU 0, GPU 194 (MiB)
I1115 22:40:46.125480 25298 bert_server.cc:208] Engines Creation Completed
I1115 22:40:46.170977 25298 bert_server.cc:213] Use CUDA graphs
I1115 22:40:46.171293 25298 bert_core_vs.cc:385] Engine - Device Memory requirements: 704644608
I1115 22:40:46.171299 25298 bert_core_vs.cc:393] Engine - Number of Optimization Profiles: 2
I1115 22:40:46.171308 25298 bert_core_vs.cc:415] Engine - Profile 0 maxDims 98304 Bmax=256 Smax=384
[I] [TRT] [MemUsageChange] Init cuBLAS/cuBLASLt: CPU +0, GPU +8, now: CPU 1090, GPU 1707 (MiB)
[I] [TRT] [MemUsageChange] Init cuDNN: CPU +0, GPU +8, now: CPU 1090, GPU 1715 (MiB)
I1115 22:40:46.714278 25298 bert_core_vs.cc:426] Setting Opt.Prof. to 0
I1115 22:40:46.714322 25298 bert_core_vs.cc:444] Context creation complete. Max supported batchSize: 256
[I] [TRT] [MemUsageChange] TensorRT-managed allocation in IExecutionContext creation: CPU +0, GPU +0, now: CPU 0, GPU 194 (MiB)
I1115 22:40:46.714493 25298 bert_core_vs.cc:476] Setup complete
I1115 22:40:46.714706 25298 bert_core_vs.cc:385] Engine - Device Memory requirements: 704644608
I1115 22:40:46.714708 25298 bert_core_vs.cc:393] Engine - Number of Optimization Profiles: 2
I1115 22:40:46.714712 25298 bert_core_vs.cc:415] Engine - Profile 0 maxDims 98304 Bmax=256 Smax=384
[I] [TRT] [MemUsageChange] Init cuBLAS/cuBLASLt: CPU +0, GPU +8, now: CPU 1602, GPU 1416 (MiB)
[I] [TRT] [MemUsageChange] Init cuDNN: CPU +0, GPU +8, now: CPU 1602, GPU 1424 (MiB)
I1115 22:40:47.285617 25298 bert_core_vs.cc:426] Setting Opt.Prof. to 0
I1115 22:40:47.285638 25298 bert_core_vs.cc:444] Context creation complete. Max supported batchSize: 256
[I] [TRT] [MemUsageChange] TensorRT-managed allocation in IExecutionContext creation: CPU +0, GPU +0, now: CPU 0, GPU 194 (MiB)
I1115 22:40:47.285792 25298 bert_core_vs.cc:476] Setup complete
I1115 22:40:58.990980 25308 bert_core_vs.cc:352] Created 200 CUDA graphs
I1115 22:40:59.424348 25310 bert_core_vs.cc:352] Created 200 CUDA graphs
I1115 22:40:59.425141 25298 bert_core_vs.cc:385] Engine - Device Memory requirements: 704644608
I1115 22:40:59.425181 25298 bert_core_vs.cc:393] Engine - Number of Optimization Profiles: 2
I1115 22:40:59.425199 25298 bert_core_vs.cc:415] Engine - Profile 1 maxDims 98304 Bmax=256 Smax=384
[I] [TRT] [MemUsageChange] Init cuBLAS/cuBLASLt: CPU +0, GPU +8, now: CPU 2531, GPU 5199 (MiB)
[I] [TRT] [MemUsageChange] Init cuDNN: CPU +1, GPU +10, now: CPU 2532, GPU 5209 (MiB)
I1115 22:40:59.800088 25298 bert_core_vs.cc:426] Setting Opt.Prof. to 1
[I] [TRT] Could not set default profile 0 for execution context. Profile index must be set explicitly.
[I] [TRT] [MemUsageChange] TensorRT-managed allocation in IExecutionContext creation: CPU +0, GPU +0, now: CPU 0, GPU 194 (MiB)
I1115 22:40:59.800197 25298 bert_core_vs.cc:444] Context creation complete. Max supported batchSize: 256
I1115 22:40:59.801049 25298 bert_core_vs.cc:476] Setup complete
I1115 22:40:59.801226 25298 bert_core_vs.cc:385] Engine - Device Memory requirements: 704644608
I1115 22:40:59.801230 25298 bert_core_vs.cc:393] Engine - Number of Optimization Profiles: 2
I1115 22:40:59.801234 25298 bert_core_vs.cc:415] Engine - Profile 1 maxDims 98304 Bmax=256 Smax=384
[I] [TRT] [MemUsageChange] Init cuBLAS/cuBLASLt: CPU +0, GPU +8, now: CPU 3043, GPU 4908 (MiB)
[I] [TRT] [MemUsageChange] Init cuDNN: CPU +1, GPU +10, now: CPU 3044, GPU 4918 (MiB)
I1115 22:41:00.195824 25298 bert_core_vs.cc:426] Setting Opt.Prof. to 1
[I] [TRT] Could not set default profile 0 for execution context. Profile index must be set explicitly.
[I] [TRT] [MemUsageChange] TensorRT-managed allocation in IExecutionContext creation: CPU +1, GPU +0, now: CPU 1, GPU 194 (MiB)
I1115 22:41:00.195984 25298 bert_core_vs.cc:444] Context creation complete. Max supported batchSize: 256
I1115 22:41:00.197392 25298 bert_core_vs.cc:476] Setup complete
I1115 22:41:12.086199 25312 bert_core_vs.cc:352] Created 200 CUDA graphs
I1115 22:41:12.371870 25314 bert_core_vs.cc:352] Created 200 CUDA graphs
I1115 22:41:12.838227 25298 main_bert.cc:184] Starting running actual test.
I1115 22:41:14.712742 25298 main_bert.cc:190] Finished running actual test.

No warnings encountered during test.

No errors encountered during test.
[2024-11-15 22:41:15,242 run_harness.py:166 INFO] Result: Accuracy run detected.
[2024-11-15 22:41:15,242 __init__.py:46 INFO] Running command: PYTHONPATH=code/bert/tensorrt/helpers python3 /home/cmuser/CM/repos/local/cache/f042d2560d924ad6/repo/closed/NVIDIA/build/inference/language/bert/accuracy-squad.py --log_file /cm-mount/home/arjun/gh_action_results/valid_results/RTX4090x2-nvidia_original-gpu-tensorrt-vdefault-default_config/bert-99/server/accuracy/mlperf_log_accuracy.json --vocab_file build/models/bert/vocab.txt --val_data /home/cmuser/CM/repos/local/cache/e066920512fd47b7/data/squad/dev-v1.1.json --out_file /cm-mount/home/arjun/gh_action_results/valid_results/RTX4090x2-nvidia_original-gpu-tensorrt-vdefault-default_config/bert-99/server/accuracy/predictions.json --output_dtype float16
{"exact_match": 82.77199621570483, "f1": 90.25897829249658}
Reading examples...
Loading cached features from 'eval_features.pickle'...
Loading LoadGen logs...
Post-processing predictions...
Writing predictions to: /cm-mount/home/arjun/gh_action_results/valid_results/RTX4090x2-nvidia_original-gpu-tensorrt-vdefault-default_config/bert-99/server/accuracy/predictions.json
Evaluating predictions...
 
======================== Result summaries: ========================

