[2024-11-27 00:16:54,610 main.py:229 INFO] Detected system ID: KnownSystem.RTX4090x2
[2024-11-27 00:16:54,958 generate_conf_files.py:107 INFO] Generated measurements/ entries for RTX4090x2_TRT/bert-99/Server
[2024-11-27 00:16:54,958 __init__.py:46 INFO] Running command: ./build/bin/harness_bert --logfile_outdir="/cm-mount/home/arjun/gh_action_results/valid_results/RTX4090x2-nvidia_original-gpu-tensorrt-vdefault-default_config/bert-99/server/performance/run_1" --logfile_prefix="mlperf_log_" --performance_sample_count=10833 --test_mode="PerformanceOnly" --gpu_batch_size=256 --mlperf_conf_path="/home/cmuser/CM/repos/local/cache/87747420af614d80/inference/mlperf.conf" --tensor_path="build/preprocessed_data/squad_tokenized/input_ids.npy,build/preprocessed_data/squad_tokenized/segment_ids.npy,build/preprocessed_data/squad_tokenized/input_mask.npy" --use_graphs=true --user_conf_path="/home/cmuser/CM/repos/gateoverflow@cm4mlops/script/generate-mlperf-inference-user-conf/tmp/5867fb6ef17d48f5a98f120dc1e7b00e.conf" --gpu_inference_streams=2 --gpu_copy_streams=1 --gpu_engines="./build/engines/RTX4090x2/bert/Server/bert-Server-gpu-int8_S_384_B_256_P_2_vs.custom_k_99_MaxP.plan" --scenario Server --model bert
[2024-11-27 00:16:54,958 __init__.py:53 INFO] Overriding Environment
benchmark : Benchmark.BERT
buffer_manager_thread_count : 0
coalesced_tensor : True
data_dir : /home/cmuser/CM/repos/local/cache/e066920512fd47b7/data
gpu_batch_size : 256
gpu_copy_streams : 1
gpu_inference_streams : 2
input_dtype : int32
input_format : linear
log_dir : /home/cmuser/CM/repos/local/cache/f042d2560d924ad6/repo/closed/NVIDIA/build/logs/2024.11.27-00.16.53
mlperf_conf_path : /home/cmuser/CM/repos/local/cache/87747420af614d80/inference/mlperf.conf
precision : int8
preprocessed_data_dir : /home/cmuser/CM/repos/local/cache/e066920512fd47b7/preprocessed_data
scenario : Scenario.Server
server_target_qps : 0
server_target_qps_adj_factor : 0.0
system : SystemConfiguration(host_cpu_conf=CPUConfiguration(layout={CPU(name='Intel(R) Xeon(R) w7-2495X', architecture=<CPUArchitecture.x86_64: AliasedName(name='x86_64', aliases=(), patterns=())>, core_count=24, threads_per_core=2): 1}), host_mem_conf=MemoryConfiguration(host_memory_capacity=Memory(quantity=197.330052, byte_suffix=<ByteSuffix.GB: (1000, 3)>, _num_bytes=197330052000), comparison_tolerance=0.05), accelerator_conf=AcceleratorConfiguration(layout=defaultdict(<class 'int'>, {GPU(name='NVIDIA GeForce RTX 4090', accelerator_type=<AcceleratorType.Discrete: AliasedName(name='Discrete', aliases=(), patterns=())>, vram=Memory(quantity=23.98828125, byte_suffix=<ByteSuffix.GiB: (1024, 3)>, _num_bytes=25757220864), max_power_limit=450.0, pci_id='0x268410DE', compute_sm=89): 1, GPU(name='NVIDIA GeForce RTX 4090', accelerator_type=<AcceleratorType.Discrete: AliasedName(name='Discrete', aliases=(), patterns=())>, vram=Memory(quantity=23.98828125, byte_suffix=<ByteSuffix.GiB: (1024, 3)>, _num_bytes=25757220864), max_power_limit=500.0, pci_id='0x268410DE', compute_sm=89): 1})), numa_conf=NUMAConfiguration(numa_nodes={}, num_numa_nodes=1), system_id='RTX4090x2')
tensor_path : build/preprocessed_data/squad_tokenized/input_ids.npy,build/preprocessed_data/squad_tokenized/segment_ids.npy,build/preprocessed_data/squad_tokenized/input_mask.npy
test_mode : PerformanceOnly
use_graphs : True
use_small_tile_gemm_plugin : True
user_conf_path : /home/cmuser/CM/repos/gateoverflow@cm4mlops/script/generate-mlperf-inference-user-conf/tmp/5867fb6ef17d48f5a98f120dc1e7b00e.conf
system_id : RTX4090x2
config_name : RTX4090x2_bert_Server
workload_setting : WorkloadSetting(HarnessType.Custom, AccuracyTarget.k_99, PowerSetting.MaxP)
optimization_level : plugin-enabled
num_profiles : 1
config_ver : custom_k_99_MaxP
accuracy_level : 99%
inference_server : custom
skip_file_checks : True
power_limit : None
cpu_freq : None
&&&& RUNNING BERT_HARNESS # ./build/bin/harness_bert
I1127 00:16:55.007342 27237 main_bert.cc:163] Found 2 GPUs
I1127 00:16:55.130036 27237 bert_server.cc:147] Engine Path: ./build/engines/RTX4090x2/bert/Server/bert-Server-gpu-int8_S_384_B_256_P_2_vs.custom_k_99_MaxP.plan
[I] [TRT] Loaded engine size: 608 MiB
[I] [TRT] Loaded engine size: 608 MiB
[W] [TRT] Using an engine plan file across different models of devices is not recommended and is likely to affect performance or even cause errors.
[I] [TRT] [MemUsageChange] Init cuBLAS/cuBLASLt: CPU +23, GPU +8, now: CPU 1604, GPU 1031 (MiB)
[I] [TRT] [MemUsageChange] Init cuDNN: CPU +6, GPU +10, now: CPU 1610, GPU 1041 (MiB)
[I] [TRT] [MemUsageChange] TensorRT-managed allocation in engine deserialization: CPU +0, GPU +194, now: CPU 0, GPU 194 (MiB)
[I] [TRT] [MemUsageChange] Init cuBLAS/cuBLASLt: CPU +6, GPU +8, now: CPU 1698, GPU 739 (MiB)
[I] [TRT] [MemUsageChange] Init cuDNN: CPU +1, GPU +10, now: CPU 1699, GPU 749 (MiB)
[I] [TRT] [MemUsageChange] TensorRT-managed allocation in engine deserialization: CPU +0, GPU +97, now: CPU 0, GPU 194 (MiB)
I1127 00:16:56.034693 27237 bert_server.cc:208] Engines Creation Completed
I1127 00:16:56.059207 27237 bert_server.cc:213] Use CUDA graphs
I1127 00:16:56.059383 27237 bert_core_vs.cc:385] Engine - Device Memory requirements: 704644608
I1127 00:16:56.059388 27237 bert_core_vs.cc:393] Engine - Number of Optimization Profiles: 2
I1127 00:16:56.059394 27237 bert_core_vs.cc:415] Engine - Profile 0 maxDims 98304 Bmax=256 Smax=384
[I] [TRT] [MemUsageChange] Init cuBLAS/cuBLASLt: CPU +0, GPU +8, now: CPU 1090, GPU 1707 (MiB)
[I] [TRT] [MemUsageChange] Init cuDNN: CPU +0, GPU +8, now: CPU 1090, GPU 1715 (MiB)
I1127 00:16:56.390841 27237 bert_core_vs.cc:426] Setting Opt.Prof. to 0
I1127 00:16:56.390870 27237 bert_core_vs.cc:444] Context creation complete. Max supported batchSize: 256
[I] [TRT] [MemUsageChange] TensorRT-managed allocation in IExecutionContext creation: CPU +0, GPU +0, now: CPU 0, GPU 194 (MiB)
I1127 00:16:56.391021 27237 bert_core_vs.cc:476] Setup complete
I1127 00:16:56.391211 27237 bert_core_vs.cc:385] Engine - Device Memory requirements: 704644608
I1127 00:16:56.391214 27237 bert_core_vs.cc:393] Engine - Number of Optimization Profiles: 2
I1127 00:16:56.391218 27237 bert_core_vs.cc:415] Engine - Profile 0 maxDims 98304 Bmax=256 Smax=384
[I] [TRT] [MemUsageChange] Init cuBLAS/cuBLASLt: CPU +0, GPU +8, now: CPU 1602, GPU 1415 (MiB)
[I] [TRT] [MemUsageChange] Init cuDNN: CPU +0, GPU +8, now: CPU 1602, GPU 1423 (MiB)
I1127 00:16:56.744321 27237 bert_core_vs.cc:426] Setting Opt.Prof. to 0
I1127 00:16:56.744339 27237 bert_core_vs.cc:444] Context creation complete. Max supported batchSize: 256
[I] [TRT] [MemUsageChange] TensorRT-managed allocation in IExecutionContext creation: CPU +0, GPU +0, now: CPU 0, GPU 194 (MiB)
I1127 00:16:56.744470 27237 bert_core_vs.cc:476] Setup complete
I1127 00:17:08.783532 27249 bert_core_vs.cc:352] Created 200 CUDA graphs
I1127 00:17:08.792548 27247 bert_core_vs.cc:352] Created 200 CUDA graphs
I1127 00:17:08.792923 27237 bert_core_vs.cc:385] Engine - Device Memory requirements: 704644608
I1127 00:17:08.792941 27237 bert_core_vs.cc:393] Engine - Number of Optimization Profiles: 2
I1127 00:17:08.792946 27237 bert_core_vs.cc:415] Engine - Profile 1 maxDims 98304 Bmax=256 Smax=384
[I] [TRT] [MemUsageChange] Init cuBLAS/cuBLASLt: CPU +0, GPU +8, now: CPU 2531, GPU 5199 (MiB)
[I] [TRT] [MemUsageChange] Init cuDNN: CPU +1, GPU +10, now: CPU 2532, GPU 5209 (MiB)
I1127 00:17:09.122416 27237 bert_core_vs.cc:426] Setting Opt.Prof. to 1
I1127 00:17:09.122524 27237 bert_core_vs.cc:444] Context creation complete. Max supported batchSize: 256
[I] [TRT] Could not set default profile 0 for execution context. Profile index must be set explicitly.
[I] [TRT] [MemUsageChange] TensorRT-managed allocation in IExecutionContext creation: CPU +0, GPU +0, now: CPU 0, GPU 194 (MiB)
I1127 00:17:09.123435 27237 bert_core_vs.cc:476] Setup complete
I1127 00:17:09.123696 27237 bert_core_vs.cc:385] Engine - Device Memory requirements: 704644608
I1127 00:17:09.123700 27237 bert_core_vs.cc:393] Engine - Number of Optimization Profiles: 2
I1127 00:17:09.123705 27237 bert_core_vs.cc:415] Engine - Profile 1 maxDims 98304 Bmax=256 Smax=384
[I] [TRT] [MemUsageChange] Init cuBLAS/cuBLASLt: CPU +1, GPU +8, now: CPU 3044, GPU 4907 (MiB)
[I] [TRT] [MemUsageChange] Init cuDNN: CPU +0, GPU +10, now: CPU 3044, GPU 4917 (MiB)
I1127 00:17:09.478150 27237 bert_core_vs.cc:426] Setting Opt.Prof. to 1
[I] [TRT] Could not set default profile 0 for execution context. Profile index must be set explicitly.
[I] [TRT] [MemUsageChange] TensorRT-managed allocation in IExecutionContext creation: CPU +1, GPU +0, now: CPU 1, GPU 194 (MiB)
I1127 00:17:09.478251 27237 bert_core_vs.cc:444] Context creation complete. Max supported batchSize: 256
I1127 00:17:09.479034 27237 bert_core_vs.cc:476] Setup complete
I1127 00:17:21.511207 27251 bert_core_vs.cc:352] Created 200 CUDA graphs
I1127 00:17:21.624127 27253 bert_core_vs.cc:352] Created 200 CUDA graphs
I1127 00:17:22.093143 27237 main_bert.cc:184] Starting running actual test.
I1127 00:27:25.443586 27237 main_bert.cc:190] Finished running actual test.
================================================
MLPerf Results Summary
================================================
SUT name : BERT SERVER
Scenario : Server
Mode     : PerformanceOnly
Scheduled samples per second : 6061.61
Result is : VALID
  Performance constraints satisfied : Yes
  Min duration satisfied : Yes
  Min queries satisfied : Yes
  Early stopping satisfied: Yes
Early Stopping Result:
 * Run successful.

================================================
Additional Stats
================================================
Completed samples per second    : 6061.47

Min latency (ns)                : 3063267
Max latency (ns)                : 42780098
Mean latency (ns)               : 17277747
50.00 percentile latency (ns)   : 16938491
90.00 percentile latency (ns)   : 22741190
95.00 percentile latency (ns)   : 24563142
97.00 percentile latency (ns)   : 25773768
99.00 percentile latency (ns)   : 28123131
99.90 percentile latency (ns)   : 32539701

================================================
Test Parameters Used
================================================
samples_per_query : 1
target_qps : 6060
target_latency (ns): 130000000
max_async_queries : 0
min_duration (ms): 600000
max_duration (ms): 0
min_query_count : 100
max_query_count : 0
qsl_rng_seed : 3066443479025735752
sample_index_rng_seed : 10688027786191513374
schedule_rng_seed : 14962580496156340209
accuracy_log_rng_seed : 0
accuracy_log_probability : 0
accuracy_log_sampling_target : 0
print_timestamps : 0
performance_issue_unique : 0
performance_issue_same : 0
performance_issue_same_index : 0
performance_sample_count : 10833

No warnings encountered during test.

No errors encountered during test.
[2024-11-27 00:27:26,248 run_harness.py:166 INFO] Result: result_scheduled_samples_per_sec: 6061.61, Result is VALID
 
======================== Result summaries: ========================

