[2024-11-16 19:08:57,603 main.py:229 INFO] Detected system ID: KnownSystem.RTX4090x1
[2024-11-16 19:08:58,111 generate_conf_files.py:107 INFO] Generated measurements/ entries for RTX4090x1_TRT/bert-99/Offline
[2024-11-16 19:08:58,111 __init__.py:46 INFO] Running command: ./build/bin/harness_bert --logfile_outdir="/cm-mount/home/arjun/gh_action_results/valid_results/RTX4090x1-nvidia_original-gpu-tensorrt-vdefault-default_config/bert-99/offline/performance/run_1" --logfile_prefix="mlperf_log_" --performance_sample_count=10833 --test_mode="PerformanceOnly" --gpu_batch_size=256 --mlperf_conf_path="/home/cmuser/CM/repos/local/cache/a19184d7615e4db4/inference/mlperf.conf" --tensor_path="build/preprocessed_data/squad_tokenized/input_ids.npy,build/preprocessed_data/squad_tokenized/segment_ids.npy,build/preprocessed_data/squad_tokenized/input_mask.npy" --use_graphs=false --user_conf_path="/home/cmuser/CM/repos/gateoverflow@cm4mlops/script/generate-mlperf-inference-user-conf/tmp/4885f430ccca4c15aa2a2f1af3fa8438.conf" --gpu_inference_streams=2 --gpu_copy_streams=2 --gpu_engines="./build/engines/RTX4090x1/bert/Offline/bert-Offline-gpu-int8_S_384_B_256_P_2_vs.custom_k_99_MaxP.plan" --scenario Offline --model bert
[2024-11-16 19:08:58,111 __init__.py:53 INFO] Overriding Environment
benchmark : Benchmark.BERT
buffer_manager_thread_count : 0
coalesced_tensor : True
data_dir : /home/cmuser/CM/repos/local/cache/a8c152aef5494496/data
gpu_batch_size : 256
gpu_copy_streams : 2
gpu_inference_streams : 2
input_dtype : int32
input_format : linear
log_dir : /home/cmuser/CM/repos/local/cache/7f727c82430f4c1e/repo/closed/NVIDIA/build/logs/2024.11.16-19.08.56
mlperf_conf_path : /home/cmuser/CM/repos/local/cache/a19184d7615e4db4/inference/mlperf.conf
offline_expected_qps : 0.0
precision : int8
preprocessed_data_dir : /home/cmuser/CM/repos/local/cache/a8c152aef5494496/preprocessed_data
scenario : Scenario.Offline
system : SystemConfiguration(host_cpu_conf=CPUConfiguration(layout={CPU(name='AMD Ryzen 9 7950X 16-Core Processor', architecture=<CPUArchitecture.x86_64: AliasedName(name='x86_64', aliases=(), patterns=())>, core_count=16, threads_per_core=2): 1}), host_mem_conf=MemoryConfiguration(host_memory_capacity=Memory(quantity=131.080076, byte_suffix=<ByteSuffix.GB: (1000, 3)>, _num_bytes=131080076000), comparison_tolerance=0.05), accelerator_conf=AcceleratorConfiguration(layout=defaultdict(<class 'int'>, {GPU(name='NVIDIA GeForce RTX 4090', accelerator_type=<AcceleratorType.Discrete: AliasedName(name='Discrete', aliases=(), patterns=())>, vram=Memory(quantity=23.98828125, byte_suffix=<ByteSuffix.GiB: (1024, 3)>, _num_bytes=25757220864), max_power_limit=450.0, pci_id='0x268410DE', compute_sm=89): 1})), numa_conf=None, system_id='RTX4090x1')
tensor_path : build/preprocessed_data/squad_tokenized/input_ids.npy,build/preprocessed_data/squad_tokenized/segment_ids.npy,build/preprocessed_data/squad_tokenized/input_mask.npy
test_mode : PerformanceOnly
use_graphs : False
user_conf_path : /home/cmuser/CM/repos/gateoverflow@cm4mlops/script/generate-mlperf-inference-user-conf/tmp/4885f430ccca4c15aa2a2f1af3fa8438.conf
system_id : RTX4090x1
config_name : RTX4090x1_bert_Offline
workload_setting : WorkloadSetting(HarnessType.Custom, AccuracyTarget.k_99, PowerSetting.MaxP)
optimization_level : plugin-enabled
num_profiles : 2
config_ver : custom_k_99_MaxP
accuracy_level : 99%
inference_server : custom
skip_file_checks : True
power_limit : None
cpu_freq : None
&&&& RUNNING BERT_HARNESS # ./build/bin/harness_bert
I1116 19:08:58.169587 17560 main_bert.cc:163] Found 1 GPUs
I1116 19:08:58.568156 17560 bert_server.cc:147] Engine Path: ./build/engines/RTX4090x1/bert/Offline/bert-Offline-gpu-int8_S_384_B_256_P_2_vs.custom_k_99_MaxP.plan
[I] [TRT] Loaded engine size: 414 MiB
[I] [TRT] [MemUsageChange] Init cuBLAS/cuBLASLt: CPU +7, GPU +8, now: CPU 582, GPU 1232 (MiB)
[I] [TRT] [MemUsageChange] Init cuDNN: CPU +1, GPU +10, now: CPU 583, GPU 1242 (MiB)
[I] [TRT] [MemUsageChange] TensorRT-managed allocation in engine deserialization: CPU +0, GPU +290, now: CPU 0, GPU 290 (MiB)
I1116 19:08:58.906761 17560 bert_server.cc:208] Engines Creation Completed
I1116 19:08:58.926893 17560 bert_core_vs.cc:385] Engine - Device Memory requirements: 704644608
I1116 19:08:58.926898 17560 bert_core_vs.cc:393] Engine - Number of Optimization Profiles: 2
I1116 19:08:58.926903 17560 bert_core_vs.cc:415] Engine - Profile 0 maxDims 98304 Bmax=256 Smax=384
[I] [TRT] [MemUsageChange] Init cuBLAS/cuBLASLt: CPU +0, GPU +8, now: CPU 169, GPU 1908 (MiB)
[I] [TRT] [MemUsageChange] Init cuDNN: CPU +1, GPU +8, now: CPU 170, GPU 1916 (MiB)
I1116 19:08:58.983721 17560 bert_core_vs.cc:426] Setting Opt.Prof. to 0
I1116 19:08:58.983750 17560 bert_core_vs.cc:444] Context creation complete. Max supported batchSize: 256
[I] [TRT] [MemUsageChange] TensorRT-managed allocation in IExecutionContext creation: CPU +0, GPU +0, now: CPU 0, GPU 290 (MiB)
I1116 19:08:58.984721 17560 bert_core_vs.cc:476] Setup complete
I1116 19:08:58.984911 17560 bert_core_vs.cc:385] Engine - Device Memory requirements: 704644608
I1116 19:08:58.984916 17560 bert_core_vs.cc:393] Engine - Number of Optimization Profiles: 2
I1116 19:08:58.984920 17560 bert_core_vs.cc:415] Engine - Profile 1 maxDims 98304 Bmax=256 Smax=384
[I] [TRT] [MemUsageChange] Init cuBLAS/cuBLASLt: CPU +1, GPU +8, now: CPU 293, GPU 2722 (MiB)
[I] [TRT] [MemUsageChange] Init cuDNN: CPU +0, GPU +10, now: CPU 293, GPU 2732 (MiB)
I1116 19:08:59.041126 17560 bert_core_vs.cc:426] Setting Opt.Prof. to 1
[I] [TRT] Could not set default profile 0 for execution context. Profile index must be set explicitly.
[I] [TRT] [MemUsageChange] TensorRT-managed allocation in IExecutionContext creation: CPU +1, GPU +0, now: CPU 1, GPU 290 (MiB)
I1116 19:08:59.041494 17560 bert_core_vs.cc:444] Context creation complete. Max supported batchSize: 256
I1116 19:08:59.042477 17560 bert_core_vs.cc:476] Setup complete
I1116 19:08:59.269902 17560 main_bert.cc:184] Starting running actual test.
I1116 19:19:44.990267 17560 main_bert.cc:190] Finished running actual test.
================================================
MLPerf Results Summary
================================================
SUT name : BERT SERVER
Scenario : Offline
Mode     : PerformanceOnly
Samples per second: 4132.06
Result is : VALID
  Min duration satisfied : Yes
  Min queries satisfied : Yes
  Early stopping satisfied: Yes

================================================
Additional Stats
================================================
Min latency (ns)                : 724368145
Max latency (ns)                : 645294829309
Mean latency (ns)               : 391252577159
50.00 percentile latency (ns)   : 416590620082
90.00 percentile latency (ns)   : 615382396740
95.00 percentile latency (ns)   : 633069027935
97.00 percentile latency (ns)   : 638887650738
99.00 percentile latency (ns)   : 643545558058
99.90 percentile latency (ns)   : 645154690427

================================================
Test Parameters Used
================================================
samples_per_query : 2666400
target_qps : 4040
target_latency (ns): 0
max_async_queries : 1
min_duration (ms): 600000
max_duration (ms): 0
min_query_count : 1
max_query_count : 0
qsl_rng_seed : 3066443479025735752
sample_index_rng_seed : 10688027786191513374
schedule_rng_seed : 14962580496156340209
accuracy_log_rng_seed : 0
accuracy_log_probability : 0
accuracy_log_sampling_target : 0
print_timestamps : 0
performance_issue_unique : 0
performance_issue_same : 0
performance_issue_same_index : 0
performance_sample_count : 10833

No warnings encountered during test.

No errors encountered during test.
[2024-11-16 19:19:45,274 run_harness.py:166 INFO] Result: result_samples_per_second: 4132.06, Result is VALID
 
======================== Result summaries: ========================

