[2024-12-02 01:01:45,088 main.py:229 INFO] Detected system ID: KnownSystem.RTX4090x2
[2024-12-02 01:01:45,638 generate_conf_files.py:107 INFO] Generated measurements/ entries for RTX4090x2_TRT/bert-99.9/Offline
[2024-12-02 01:01:45,639 __init__.py:46 INFO] Running command: ./build/bin/harness_bert --logfile_outdir="/cm-mount/home/arjun/gh_action_results/valid_results/RTX4090x2-nvidia_original-gpu-tensorrt-vdefault-default_config/bert-99.9/offline/accuracy" --logfile_prefix="mlperf_log_" --performance_sample_count=10833 --test_mode="AccuracyOnly" --gpu_batch_size=256 --mlperf_conf_path="/home/cmuser/CM/repos/local/cache/dc2365c0a26b45a2/inference/mlperf.conf" --tensor_path="build/preprocessed_data/squad_tokenized/input_ids.npy,build/preprocessed_data/squad_tokenized/segment_ids.npy,build/preprocessed_data/squad_tokenized/input_mask.npy" --use_graphs=false --user_conf_path="/home/cmuser/CM/repos/gateoverflow@cm4mlops/script/generate-mlperf-inference-user-conf/tmp/0aa82b1db389464791b3625a6d4baa13.conf" --gpu_inference_streams=2 --gpu_copy_streams=2 --gpu_engines="./build/engines/RTX4090x2/bert/Offline/bert-Offline-gpu-fp16_S_384_B_256_P_2_vs.custom_k_99_9_MaxP.plan" --scenario Offline --model bert
[2024-12-02 01:01:45,639 __init__.py:53 INFO] Overriding Environment
benchmark : Benchmark.BERT
buffer_manager_thread_count : 0
coalesced_tensor : True
data_dir : /home/cmuser/CM/repos/local/cache/e066920512fd47b7/data
gpu_batch_size : 256
gpu_copy_streams : 2
gpu_inference_streams : 2
input_dtype : int32
input_format : linear
log_dir : /home/cmuser/CM/repos/local/cache/f042d2560d924ad6/repo/closed/NVIDIA/build/logs/2024.12.02-01.01.43
mlperf_conf_path : /home/cmuser/CM/repos/local/cache/dc2365c0a26b45a2/inference/mlperf.conf
offline_expected_qps : 0.0
precision : fp16
preprocessed_data_dir : /home/cmuser/CM/repos/local/cache/e066920512fd47b7/preprocessed_data
scenario : Scenario.Offline
system : SystemConfiguration(host_cpu_conf=CPUConfiguration(layout={CPU(name='Intel(R) Xeon(R) w7-2495X', architecture=<CPUArchitecture.x86_64: AliasedName(name='x86_64', aliases=(), patterns=())>, core_count=24, threads_per_core=2): 1}), host_mem_conf=MemoryConfiguration(host_memory_capacity=Memory(quantity=197.330052, byte_suffix=<ByteSuffix.GB: (1000, 3)>, _num_bytes=197330052000), comparison_tolerance=0.05), accelerator_conf=AcceleratorConfiguration(layout=defaultdict(<class 'int'>, {GPU(name='NVIDIA GeForce RTX 4090', accelerator_type=<AcceleratorType.Discrete: AliasedName(name='Discrete', aliases=(), patterns=())>, vram=Memory(quantity=23.98828125, byte_suffix=<ByteSuffix.GiB: (1024, 3)>, _num_bytes=25757220864), max_power_limit=450.0, pci_id='0x268410DE', compute_sm=89): 1, GPU(name='NVIDIA GeForce RTX 4090', accelerator_type=<AcceleratorType.Discrete: AliasedName(name='Discrete', aliases=(), patterns=())>, vram=Memory(quantity=23.98828125, byte_suffix=<ByteSuffix.GiB: (1024, 3)>, _num_bytes=25757220864), max_power_limit=500.0, pci_id='0x268410DE', compute_sm=89): 1})), numa_conf=NUMAConfiguration(numa_nodes={}, num_numa_nodes=1), system_id='RTX4090x2')
tensor_path : build/preprocessed_data/squad_tokenized/input_ids.npy,build/preprocessed_data/squad_tokenized/segment_ids.npy,build/preprocessed_data/squad_tokenized/input_mask.npy
test_mode : AccuracyOnly
use_graphs : False
user_conf_path : /home/cmuser/CM/repos/gateoverflow@cm4mlops/script/generate-mlperf-inference-user-conf/tmp/0aa82b1db389464791b3625a6d4baa13.conf
system_id : RTX4090x2
config_name : RTX4090x2_bert_Offline
workload_setting : WorkloadSetting(HarnessType.Custom, AccuracyTarget.k_99_9, PowerSetting.MaxP)
optimization_level : plugin-enabled
num_profiles : 2
config_ver : custom_k_99_9_MaxP
accuracy_level : 99.9%
inference_server : custom
skip_file_checks : True
power_limit : None
cpu_freq : None
&&&& RUNNING BERT_HARNESS # ./build/bin/harness_bert
I1202 01:01:45.703128 15650 main_bert.cc:163] Found 2 GPUs
I1202 01:01:45.854317 15650 bert_server.cc:147] Engine Path: ./build/engines/RTX4090x2/bert/Offline/bert-Offline-gpu-fp16_S_384_B_256_P_2_vs.custom_k_99_9_MaxP.plan
[I] [TRT] Loaded engine size: 700 MiB
[I] [TRT] Loaded engine size: 700 MiB
[W] [TRT] Using an engine plan file across different models of devices is not recommended and is likely to affect performance or even cause errors.
[I] [TRT] [MemUsageChange] Init cuBLAS/cuBLASLt: CPU +7, GPU +10, now: CPU 1000, GPU 1511 (MiB)
[I] [TRT] [MemUsageChange] Init cuDNN: CPU +1, GPU +10, now: CPU 1001, GPU 1521 (MiB)
[I] [TRT] [MemUsageChange] TensorRT-managed allocation in engine deserialization: CPU +0, GPU +1152, now: CPU 0, GPU 1152 (MiB)
[I] [TRT] [MemUsageChange] Init cuBLAS/cuBLASLt: CPU +6, GPU +10, now: CPU 1009, GPU 1219 (MiB)
[I] [TRT] [MemUsageChange] Init cuDNN: CPU +1, GPU +10, now: CPU 1010, GPU 1229 (MiB)
[I] [TRT] [MemUsageChange] TensorRT-managed allocation in engine deserialization: CPU +1, GPU +576, now: CPU 1, GPU 1152 (MiB)
I1202 01:01:46.646807 15650 bert_server.cc:208] Engines Creation Completed
I1202 01:01:46.676570 15650 bert_core_vs.cc:385] Engine - Device Memory requirements: 1409287680
I1202 01:01:46.676581 15650 bert_core_vs.cc:393] Engine - Number of Optimization Profiles: 2
I1202 01:01:46.676586 15650 bert_core_vs.cc:415] Engine - Profile 0 maxDims 98304 Bmax=256 Smax=384
[I] [TRT] [MemUsageChange] Init cuBLAS/cuBLASLt: CPU +0, GPU +8, now: CPU 311, GPU 2859 (MiB)
[I] [TRT] [MemUsageChange] Init cuDNN: CPU +0, GPU +8, now: CPU 311, GPU 2867 (MiB)
I1202 01:01:46.753628 15650 bert_core_vs.cc:426] Setting Opt.Prof. to 0
I1202 01:01:46.753652 15650 bert_core_vs.cc:444] Context creation complete. Max supported batchSize: 256
[I] [TRT] [MemUsageChange] TensorRT-managed allocation in IExecutionContext creation: CPU +0, GPU +0, now: CPU 1, GPU 1152 (MiB)
I1202 01:01:46.754559 15650 bert_core_vs.cc:476] Setup complete
I1202 01:01:46.754721 15650 bert_core_vs.cc:385] Engine - Device Memory requirements: 1409287680
I1202 01:01:46.754724 15650 bert_core_vs.cc:393] Engine - Number of Optimization Profiles: 2
I1202 01:01:46.754729 15650 bert_core_vs.cc:415] Engine - Profile 0 maxDims 98304 Bmax=256 Smax=384
[I] [TRT] [MemUsageChange] Init cuBLAS/cuBLASLt: CPU +0, GPU +8, now: CPU 434, GPU 2567 (MiB)
[I] [TRT] [MemUsageChange] Init cuDNN: CPU +0, GPU +8, now: CPU 434, GPU 2575 (MiB)
I1202 01:01:46.852751 15650 bert_core_vs.cc:426] Setting Opt.Prof. to 0
I1202 01:01:46.852773 15650 bert_core_vs.cc:444] Context creation complete. Max supported batchSize: 256
[I] [TRT] [MemUsageChange] TensorRT-managed allocation in IExecutionContext creation: CPU +1, GPU +0, now: CPU 2, GPU 1152 (MiB)
I1202 01:01:46.853873 15650 bert_core_vs.cc:476] Setup complete
I1202 01:01:46.854108 15650 bert_core_vs.cc:385] Engine - Device Memory requirements: 1409287680
I1202 01:01:46.854113 15650 bert_core_vs.cc:393] Engine - Number of Optimization Profiles: 2
I1202 01:01:46.854117 15650 bert_core_vs.cc:415] Engine - Profile 1 maxDims 98304 Bmax=256 Smax=384
[I] [TRT] [MemUsageChange] Init cuBLAS/cuBLASLt: CPU +0, GPU +8, now: CPU 558, GPU 4345 (MiB)
[I] [TRT] [MemUsageChange] Init cuDNN: CPU +0, GPU +10, now: CPU 558, GPU 4355 (MiB)
I1202 01:01:46.966617 15650 bert_core_vs.cc:426] Setting Opt.Prof. to 1
[I] [TRT] Could not set default profile 0 for execution context. Profile index must be set explicitly.
[I] [TRT] [MemUsageChange] TensorRT-managed allocation in IExecutionContext creation: CPU +1, GPU +0, now: CPU 3, GPU 1152 (MiB)
I1202 01:01:46.967065 15650 bert_core_vs.cc:444] Context creation complete. Max supported batchSize: 256
I1202 01:01:46.968218 15650 bert_core_vs.cc:476] Setup complete
I1202 01:01:46.968426 15650 bert_core_vs.cc:385] Engine - Device Memory requirements: 1409287680
I1202 01:01:46.968430 15650 bert_core_vs.cc:393] Engine - Number of Optimization Profiles: 2
I1202 01:01:46.968434 15650 bert_core_vs.cc:415] Engine - Profile 1 maxDims 98304 Bmax=256 Smax=384
[I] [TRT] [MemUsageChange] Init cuBLAS/cuBLASLt: CPU +0, GPU +8, now: CPU 681, GPU 4053 (MiB)
[I] [TRT] [MemUsageChange] Init cuDNN: CPU +1, GPU +10, now: CPU 682, GPU 4063 (MiB)
I1202 01:01:47.081254 15650 bert_core_vs.cc:426] Setting Opt.Prof. to 1
[I] [TRT] Could not set default profile 0 for execution context. Profile index must be set explicitly.
[I] [TRT] [MemUsageChange] TensorRT-managed allocation in IExecutionContext creation: CPU +0, GPU +0, now: CPU 3, GPU 1152 (MiB)
I1202 01:01:47.081707 15650 bert_core_vs.cc:444] Context creation complete. Max supported batchSize: 256
I1202 01:01:47.082830 15650 bert_core_vs.cc:476] Setup complete
I1202 01:01:48.273478 15650 main_bert.cc:184] Starting running actual test.
I1202 01:01:51.596966 15650 main_bert.cc:190] Finished running actual test.

No warnings encountered during test.

No errors encountered during test.
[2024-12-02 01:01:51,832 run_harness.py:166 INFO] Result: Accuracy run detected.
[2024-12-02 01:01:51,832 __init__.py:46 INFO] Running command: PYTHONPATH=code/bert/tensorrt/helpers python3 /home/cmuser/CM/repos/local/cache/f042d2560d924ad6/repo/closed/NVIDIA/build/inference/language/bert/accuracy-squad.py --log_file /cm-mount/home/arjun/gh_action_results/valid_results/RTX4090x2-nvidia_original-gpu-tensorrt-vdefault-default_config/bert-99.9/offline/accuracy/mlperf_log_accuracy.json --vocab_file build/models/bert/vocab.txt --val_data /home/cmuser/CM/repos/local/cache/e066920512fd47b7/data/squad/dev-v1.1.json --out_file /cm-mount/home/arjun/gh_action_results/valid_results/RTX4090x2-nvidia_original-gpu-tensorrt-vdefault-default_config/bert-99.9/offline/accuracy/predictions.json --output_dtype float16
{"exact_match": 83.67076631977294, "f1": 90.8832407068292}
Reading examples...
No cached features at 'eval_features.pickle'... converting from examples...
Creating tokenizer...
Converting examples to features...
Caching features at 'eval_features.pickle'...
Loading LoadGen logs...
Post-processing predictions...
Writing predictions to: /cm-mount/home/arjun/gh_action_results/valid_results/RTX4090x2-nvidia_original-gpu-tensorrt-vdefault-default_config/bert-99.9/offline/accuracy/predictions.json
Evaluating predictions...
 
======================== Result summaries: ========================

