[2024-11-25 21:35:01,357 main.py:229 INFO] Detected system ID: KnownSystem.RTX4090x2
[2024-11-25 21:35:01,883 generate_conf_files.py:107 INFO] Generated measurements/ entries for RTX4090x2_TRT/bert-99.9/Offline
[2024-11-25 21:35:01,883 __init__.py:46 INFO] Running command: ./build/bin/harness_bert --logfile_outdir="/cm-mount/home/arjun/gh_action_results/valid_results/RTX4090x2-nvidia_original-gpu-tensorrt-vdefault-default_config/bert-99.9/offline/performance/run_1" --logfile_prefix="mlperf_log_" --performance_sample_count=10833 --test_mode="PerformanceOnly" --gpu_batch_size=256 --mlperf_conf_path="/home/cmuser/CM/repos/local/cache/0c211f8b05cf4796/inference/mlperf.conf" --tensor_path="build/preprocessed_data/squad_tokenized/input_ids.npy,build/preprocessed_data/squad_tokenized/segment_ids.npy,build/preprocessed_data/squad_tokenized/input_mask.npy" --use_graphs=false --user_conf_path="/home/cmuser/CM/repos/gateoverflow@cm4mlops/script/generate-mlperf-inference-user-conf/tmp/8223e454bed8428e808206392e2f7a14.conf" --gpu_inference_streams=2 --gpu_copy_streams=2 --gpu_engines="./build/engines/RTX4090x2/bert/Offline/bert-Offline-gpu-fp16_S_384_B_256_P_2_vs.custom_k_99_9_MaxP.plan" --scenario Offline --model bert
[2024-11-25 21:35:01,883 __init__.py:53 INFO] Overriding Environment
benchmark : Benchmark.BERT
buffer_manager_thread_count : 0
coalesced_tensor : True
data_dir : /home/cmuser/CM/repos/local/cache/e066920512fd47b7/data
gpu_batch_size : 256
gpu_copy_streams : 2
gpu_inference_streams : 2
input_dtype : int32
input_format : linear
log_dir : /home/cmuser/CM/repos/local/cache/f042d2560d924ad6/repo/closed/NVIDIA/build/logs/2024.11.25-21.35.00
mlperf_conf_path : /home/cmuser/CM/repos/local/cache/0c211f8b05cf4796/inference/mlperf.conf
offline_expected_qps : 0.0
precision : fp16
preprocessed_data_dir : /home/cmuser/CM/repos/local/cache/e066920512fd47b7/preprocessed_data
scenario : Scenario.Offline
system : SystemConfiguration(host_cpu_conf=CPUConfiguration(layout={CPU(name='Intel(R) Xeon(R) w7-2495X', architecture=<CPUArchitecture.x86_64: AliasedName(name='x86_64', aliases=(), patterns=())>, core_count=24, threads_per_core=2): 1}), host_mem_conf=MemoryConfiguration(host_memory_capacity=Memory(quantity=197.330052, byte_suffix=<ByteSuffix.GB: (1000, 3)>, _num_bytes=197330052000), comparison_tolerance=0.05), accelerator_conf=AcceleratorConfiguration(layout=defaultdict(<class 'int'>, {GPU(name='NVIDIA GeForce RTX 4090', accelerator_type=<AcceleratorType.Discrete: AliasedName(name='Discrete', aliases=(), patterns=())>, vram=Memory(quantity=23.98828125, byte_suffix=<ByteSuffix.GiB: (1024, 3)>, _num_bytes=25757220864), max_power_limit=450.0, pci_id='0x268410DE', compute_sm=89): 1, GPU(name='NVIDIA GeForce RTX 4090', accelerator_type=<AcceleratorType.Discrete: AliasedName(name='Discrete', aliases=(), patterns=())>, vram=Memory(quantity=23.98828125, byte_suffix=<ByteSuffix.GiB: (1024, 3)>, _num_bytes=25757220864), max_power_limit=500.0, pci_id='0x268410DE', compute_sm=89): 1})), numa_conf=None, system_id='RTX4090x2')
tensor_path : build/preprocessed_data/squad_tokenized/input_ids.npy,build/preprocessed_data/squad_tokenized/segment_ids.npy,build/preprocessed_data/squad_tokenized/input_mask.npy
test_mode : PerformanceOnly
use_graphs : False
user_conf_path : /home/cmuser/CM/repos/gateoverflow@cm4mlops/script/generate-mlperf-inference-user-conf/tmp/8223e454bed8428e808206392e2f7a14.conf
system_id : RTX4090x2
config_name : RTX4090x2_bert_Offline
workload_setting : WorkloadSetting(HarnessType.Custom, AccuracyTarget.k_99_9, PowerSetting.MaxP)
optimization_level : plugin-enabled
num_profiles : 2
config_ver : custom_k_99_9_MaxP
accuracy_level : 99.9%
inference_server : custom
skip_file_checks : True
power_limit : None
cpu_freq : None
&&&& RUNNING BERT_HARNESS # ./build/bin/harness_bert
I1125 21:35:01.940557 12244 main_bert.cc:163] Found 2 GPUs
I1125 21:35:02.070756 12244 bert_server.cc:147] Engine Path: ./build/engines/RTX4090x2/bert/Offline/bert-Offline-gpu-fp16_S_384_B_256_P_2_vs.custom_k_99_9_MaxP.plan
[I] [TRT] Loaded engine size: 700 MiB
[I] [TRT] Loaded engine size: 700 MiB
[W] [TRT] Using an engine plan file across different models of devices is not recommended and is likely to affect performance or even cause errors.
[I] [TRT] [MemUsageChange] Init cuBLAS/cuBLASLt: CPU +7, GPU +10, now: CPU 1000, GPU 1511 (MiB)
[I] [TRT] [MemUsageChange] Init cuDNN: CPU +1, GPU +10, now: CPU 1001, GPU 1521 (MiB)
[I] [TRT] [MemUsageChange] TensorRT-managed allocation in engine deserialization: CPU +0, GPU +1152, now: CPU 0, GPU 1152 (MiB)
[I] [TRT] [MemUsageChange] Init cuBLAS/cuBLASLt: CPU +6, GPU +10, now: CPU 1009, GPU 1219 (MiB)
[I] [TRT] [MemUsageChange] Init cuDNN: CPU +1, GPU +10, now: CPU 1010, GPU 1229 (MiB)
[I] [TRT] [MemUsageChange] TensorRT-managed allocation in engine deserialization: CPU +1, GPU +576, now: CPU 1, GPU 1152 (MiB)
I1125 21:35:02.743221 12244 bert_server.cc:208] Engines Creation Completed
I1125 21:35:02.780854 12244 bert_core_vs.cc:385] Engine - Device Memory requirements: 1409287680
I1125 21:35:02.780864 12244 bert_core_vs.cc:393] Engine - Number of Optimization Profiles: 2
I1125 21:35:02.780869 12244 bert_core_vs.cc:415] Engine - Profile 0 maxDims 98304 Bmax=256 Smax=384
[I] [TRT] [MemUsageChange] Init cuBLAS/cuBLASLt: CPU +0, GPU +8, now: CPU 311, GPU 2859 (MiB)
[I] [TRT] [MemUsageChange] Init cuDNN: CPU +0, GPU +8, now: CPU 311, GPU 2867 (MiB)
I1125 21:35:02.846779 12244 bert_core_vs.cc:426] Setting Opt.Prof. to 0
I1125 21:35:02.846805 12244 bert_core_vs.cc:444] Context creation complete. Max supported batchSize: 256
[I] [TRT] [MemUsageChange] TensorRT-managed allocation in IExecutionContext creation: CPU +1, GPU +0, now: CPU 2, GPU 1152 (MiB)
I1125 21:35:02.847620 12244 bert_core_vs.cc:476] Setup complete
I1125 21:35:02.847775 12244 bert_core_vs.cc:385] Engine - Device Memory requirements: 1409287680
I1125 21:35:02.847779 12244 bert_core_vs.cc:393] Engine - Number of Optimization Profiles: 2
I1125 21:35:02.847781 12244 bert_core_vs.cc:415] Engine - Profile 0 maxDims 98304 Bmax=256 Smax=384
[I] [TRT] [MemUsageChange] Init cuBLAS/cuBLASLt: CPU +0, GPU +8, now: CPU 434, GPU 2567 (MiB)
[I] [TRT] [MemUsageChange] Init cuDNN: CPU +1, GPU +8, now: CPU 435, GPU 2575 (MiB)
I1125 21:35:02.913813 12244 bert_core_vs.cc:426] Setting Opt.Prof. to 0
[I] [TRT] [MemUsageChange] TensorRT-managed allocation in IExecutionContext creation: CPU +0, GPU +0, now: CPU 2, GPU 1152 (MiB)
I1125 21:35:02.913826 12244 bert_core_vs.cc:444] Context creation complete. Max supported batchSize: 256
I1125 21:35:02.914609 12244 bert_core_vs.cc:476] Setup complete
I1125 21:35:02.914772 12244 bert_core_vs.cc:385] Engine - Device Memory requirements: 1409287680
I1125 21:35:02.914774 12244 bert_core_vs.cc:393] Engine - Number of Optimization Profiles: 2
I1125 21:35:02.914777 12244 bert_core_vs.cc:415] Engine - Profile 1 maxDims 98304 Bmax=256 Smax=384
[I] [TRT] [MemUsageChange] Init cuBLAS/cuBLASLt: CPU +0, GPU +8, now: CPU 558, GPU 4345 (MiB)
[I] [TRT] [MemUsageChange] Init cuDNN: CPU +0, GPU +10, now: CPU 558, GPU 4355 (MiB)
I1125 21:35:02.980039 12244 bert_core_vs.cc:426] Setting Opt.Prof. to 1
[I] [TRT] Could not set default profile 0 for execution context. Profile index must be set explicitly.
[I] [TRT] [MemUsageChange] TensorRT-managed allocation in IExecutionContext creation: CPU +1, GPU +0, now: CPU 3, GPU 1152 (MiB)
I1125 21:35:02.980374 12244 bert_core_vs.cc:444] Context creation complete. Max supported batchSize: 256
I1125 21:35:02.981197 12244 bert_core_vs.cc:476] Setup complete
I1125 21:35:02.981350 12244 bert_core_vs.cc:385] Engine - Device Memory requirements: 1409287680
I1125 21:35:02.981352 12244 bert_core_vs.cc:393] Engine - Number of Optimization Profiles: 2
I1125 21:35:02.981356 12244 bert_core_vs.cc:415] Engine - Profile 1 maxDims 98304 Bmax=256 Smax=384
[I] [TRT] [MemUsageChange] Init cuBLAS/cuBLASLt: CPU +0, GPU +8, now: CPU 682, GPU 4053 (MiB)
[I] [TRT] [MemUsageChange] Init cuDNN: CPU +0, GPU +10, now: CPU 682, GPU 4063 (MiB)
I1125 21:35:03.046653 12244 bert_core_vs.cc:426] Setting Opt.Prof. to 1
[I] [TRT] Could not set default profile 0 for execution context. Profile index must be set explicitly.
[I] [TRT] [MemUsageChange] TensorRT-managed allocation in IExecutionContext creation: CPU +0, GPU +0, now: CPU 3, GPU 1152 (MiB)
I1125 21:35:03.046978 12244 bert_core_vs.cc:444] Context creation complete. Max supported batchSize: 256
I1125 21:35:03.047839 12244 bert_core_vs.cc:476] Setup complete
I1125 21:35:04.249408 12244 main_bert.cc:184] Starting running actual test.
I1125 21:46:47.586501 12244 main_bert.cc:190] Finished running actual test.
================================================
MLPerf Results Summary
================================================
SUT name : BERT SERVER
Scenario : Offline
Mode     : PerformanceOnly
Samples per second: 3319.74
Result is : VALID
  Min duration satisfied : Yes
  Min queries satisfied : Yes
  Early stopping satisfied: Yes

================================================
Additional Stats
================================================
Min latency (ns)                : 1175271293
Max latency (ns)                : 702796380835
Mean latency (ns)               : 424713758464
50.00 percentile latency (ns)   : 452109389247
90.00 percentile latency (ns)   : 670072974954
95.00 percentile latency (ns)   : 689468928573
97.00 percentile latency (ns)   : 695887648813
99.00 percentile latency (ns)   : 700970899887
99.90 percentile latency (ns)   : 702666900026

================================================
Test Parameters Used
================================================
samples_per_query : 2333100
target_qps : 3535
target_latency (ns): 0
max_async_queries : 1
min_duration (ms): 600000
max_duration (ms): 0
min_query_count : 1
max_query_count : 0
qsl_rng_seed : 3066443479025735752
sample_index_rng_seed : 10688027786191513374
schedule_rng_seed : 14962580496156340209
accuracy_log_rng_seed : 0
accuracy_log_probability : 0
accuracy_log_sampling_target : 0
print_timestamps : 0
performance_issue_unique : 0
performance_issue_same : 0
performance_issue_same_index : 0
performance_sample_count : 10833

No warnings encountered during test.

No errors encountered during test.
[2024-11-25 21:46:47,829 run_harness.py:166 INFO] Result: result_samples_per_second: 3319.74, Result is VALID
 
======================== Result summaries: ========================

