[2025-02-12 05:41:41,393 main.py:229 INFO] Detected system ID: KnownSystem.Nvidia_6fa3926ed2d5
[2025-02-12 05:41:41,914 generate_conf_files.py:107 INFO] Generated measurements/ entries for Nvidia_6fa3926ed2d5_TRT/bert-99.9/Offline
[2025-02-12 05:41:41,914 __init__.py:46 INFO] Running command: ./build/bin/harness_bert --logfile_outdir="/mlc-mount/home/arjun/gh_action_results/valid_results/RTX4090x2-nvidia_original-gpu-tensorrt-vdefault-default_config/bert-99.9/offline/performance/run_1" --logfile_prefix="mlperf_log_" --performance_sample_count=10833 --test_mode="PerformanceOnly" --gpu_batch_size=256 --mlperf_conf_path="/home/mlcuser/MLC/repos/local/cache/get-git-repo_14157262/inference/mlperf.conf" --tensor_path="build/preprocessed_data/squad_tokenized/input_ids.npy,build/preprocessed_data/squad_tokenized/segment_ids.npy,build/preprocessed_data/squad_tokenized/input_mask.npy" --use_graphs=false --user_conf_path="/home/mlcuser/MLC/repos/mlcommons@mlperf-automations/script/generate-mlperf-inference-user-conf/tmp/b4a51ea686c04d3598ac9f4f72635b07.conf" --gpu_inference_streams=2 --gpu_copy_streams=2 --gpu_engines="./build/engines/Nvidia_6fa3926ed2d5/bert/Offline/bert-Offline-gpu-fp16_S_384_B_256_P_2_vs.custom_k_99_9_MaxP.plan" --scenario Offline --model bert
[2025-02-12 05:41:41,914 __init__.py:53 INFO] Overriding Environment
benchmark : Benchmark.BERT
buffer_manager_thread_count : 0
coalesced_tensor : True
data_dir : /home/mlcuser/MLC/repos/local/cache/get-mlperf-inference-nvidia-scratch-space_5aab030f/data
gpu_batch_size : 256
gpu_copy_streams : 2
gpu_inference_streams : 2
input_dtype : int32
input_format : linear
log_dir : /home/mlcuser/MLC/repos/local/cache/get-git-repo_0ab377fc/repo/closed/NVIDIA/build/logs/2025.02.12-05.41.39
mlperf_conf_path : /home/mlcuser/MLC/repos/local/cache/get-git-repo_14157262/inference/mlperf.conf
offline_expected_qps : 0.0
precision : fp16
preprocessed_data_dir : /home/mlcuser/MLC/repos/local/cache/get-mlperf-inference-nvidia-scratch-space_5aab030f/preprocessed_data
scenario : Scenario.Offline
system : SystemConfiguration(host_cpu_conf=CPUConfiguration(layout={CPU(name='Intel(R) Xeon(R) w7-2495X', architecture=<CPUArchitecture.x86_64: AliasedName(name='x86_64', aliases=(), patterns=())>, core_count=24, threads_per_core=2): 1}), host_mem_conf=MemoryConfiguration(host_memory_capacity=Memory(quantity=197.33452799999998, byte_suffix=<ByteSuffix.GB: (1000, 3)>, _num_bytes=197334528000), comparison_tolerance=0.05), accelerator_conf=AcceleratorConfiguration(layout=defaultdict(<class 'int'>, {GPU(name='NVIDIA GeForce RTX 4090', accelerator_type=<AcceleratorType.Discrete: AliasedName(name='Discrete', aliases=(), patterns=())>, vram=Memory(quantity=23.98828125, byte_suffix=<ByteSuffix.GiB: (1024, 3)>, _num_bytes=25757220864), max_power_limit=450.0, pci_id='0x268410DE', compute_sm=89): 1, GPU(name='NVIDIA GeForce RTX 4090', accelerator_type=<AcceleratorType.Discrete: AliasedName(name='Discrete', aliases=(), patterns=())>, vram=Memory(quantity=23.98828125, byte_suffix=<ByteSuffix.GiB: (1024, 3)>, _num_bytes=25757220864), max_power_limit=500.0, pci_id='0x268410DE', compute_sm=89): 1})), numa_conf=NUMAConfiguration(numa_nodes={}, num_numa_nodes=1), system_id='Nvidia_6fa3926ed2d5')
tensor_path : build/preprocessed_data/squad_tokenized/input_ids.npy,build/preprocessed_data/squad_tokenized/segment_ids.npy,build/preprocessed_data/squad_tokenized/input_mask.npy
test_mode : PerformanceOnly
use_graphs : False
user_conf_path : /home/mlcuser/MLC/repos/mlcommons@mlperf-automations/script/generate-mlperf-inference-user-conf/tmp/b4a51ea686c04d3598ac9f4f72635b07.conf
system_id : Nvidia_6fa3926ed2d5
config_name : Nvidia_6fa3926ed2d5_bert_Offline
workload_setting : WorkloadSetting(HarnessType.Custom, AccuracyTarget.k_99_9, PowerSetting.MaxP)
optimization_level : plugin-enabled
num_profiles : 2
config_ver : custom_k_99_9_MaxP
accuracy_level : 99.9%
inference_server : custom
skip_file_checks : True
power_limit : None
cpu_freq : None
&&&& RUNNING BERT_HARNESS # ./build/bin/harness_bert
I0212 05:41:41.961309 17140 main_bert.cc:164] Found 2 GPUs
I0212 05:41:42.080736 17140 bert_server.cc:147] Engine Path: ./build/engines/Nvidia_6fa3926ed2d5/bert/Offline/bert-Offline-gpu-fp16_S_384_B_256_P_2_vs.custom_k_99_9_MaxP.plan
[I] [TRT] Loaded engine size: 700 MiB
[I] [TRT] Loaded engine size: 700 MiB
[W] [TRT] Using an engine plan file across different models of devices is not recommended and is likely to affect performance or even cause errors.
[I] [TRT] [MemUsageChange] Init cuBLAS/cuBLASLt: CPU +6, GPU +10, now: CPU 1008, GPU 1511 (MiB)
[I] [TRT] [MemUsageChange] Init cuDNN: CPU +2, GPU +10, now: CPU 1010, GPU 1521 (MiB)
[I] [TRT] [MemUsageChange] TensorRT-managed allocation in engine deserialization: CPU +0, GPU +1152, now: CPU 0, GPU 1152 (MiB)
[I] [TRT] [MemUsageChange] Init cuBLAS/cuBLASLt: CPU +6, GPU +10, now: CPU 1018, GPU 1267 (MiB)
[I] [TRT] [MemUsageChange] Init cuDNN: CPU +1, GPU +10, now: CPU 1019, GPU 1277 (MiB)
[I] [TRT] [MemUsageChange] TensorRT-managed allocation in engine deserialization: CPU +1, GPU +576, now: CPU 1, GPU 1152 (MiB)
I0212 05:41:42.839025 17140 bert_server.cc:208] Engines Creation Completed
I0212 05:41:42.872778 17140 bert_core_vs.cc:385] Engine - Device Memory requirements: 1409287680
I0212 05:41:42.872784 17140 bert_core_vs.cc:393] Engine - Number of Optimization Profiles: 2
I0212 05:41:42.872789 17140 bert_core_vs.cc:415] Engine - Profile 0 maxDims 98304 Bmax=256 Smax=384
[I] [TRT] [MemUsageChange] Init cuBLAS/cuBLASLt: CPU +0, GPU +8, now: CPU 319, GPU 2859 (MiB)
[I] [TRT] [MemUsageChange] Init cuDNN: CPU +1, GPU +8, now: CPU 320, GPU 2867 (MiB)
I0212 05:41:42.944129 17140 bert_core_vs.cc:426] Setting Opt.Prof. to 0
I0212 05:41:42.944157 17140 bert_core_vs.cc:444] Context creation complete. Max supported batchSize: 256
[I] [TRT] [MemUsageChange] TensorRT-managed allocation in IExecutionContext creation: CPU +0, GPU +0, now: CPU 1, GPU 1152 (MiB)
I0212 05:41:42.944985 17140 bert_core_vs.cc:476] Setup complete
I0212 05:41:42.945134 17140 bert_core_vs.cc:385] Engine - Device Memory requirements: 1409287680
I0212 05:41:42.945137 17140 bert_core_vs.cc:393] Engine - Number of Optimization Profiles: 2
I0212 05:41:42.945140 17140 bert_core_vs.cc:415] Engine - Profile 0 maxDims 98304 Bmax=256 Smax=384
[I] [TRT] [MemUsageChange] Init cuBLAS/cuBLASLt: CPU +0, GPU +8, now: CPU 443, GPU 2615 (MiB)
[I] [TRT] [MemUsageChange] Init cuDNN: CPU +0, GPU +8, now: CPU 443, GPU 2623 (MiB)
I0212 05:41:43.023409 17140 bert_core_vs.cc:426] Setting Opt.Prof. to 0
I0212 05:41:43.023425 17140 bert_core_vs.cc:444] Context creation complete. Max supported batchSize: 256
[I] [TRT] [MemUsageChange] TensorRT-managed allocation in IExecutionContext creation: CPU +1, GPU +0, now: CPU 2, GPU 1152 (MiB)
I0212 05:41:43.024304 17140 bert_core_vs.cc:476] Setup complete
I0212 05:41:43.024508 17140 bert_core_vs.cc:385] Engine - Device Memory requirements: 1409287680
I0212 05:41:43.024513 17140 bert_core_vs.cc:393] Engine - Number of Optimization Profiles: 2
I0212 05:41:43.024516 17140 bert_core_vs.cc:415] Engine - Profile 1 maxDims 98304 Bmax=256 Smax=384
[I] [TRT] [MemUsageChange] Init cuBLAS/cuBLASLt: CPU +0, GPU +8, now: CPU 566, GPU 4345 (MiB)
[I] [TRT] [MemUsageChange] Init cuDNN: CPU +0, GPU +10, now: CPU 566, GPU 4355 (MiB)
I0212 05:41:43.122128 17140 bert_core_vs.cc:426] Setting Opt.Prof. to 1
[I] [TRT] Could not set default profile 0 for execution context. Profile index must be set explicitly.
[I] [TRT] [MemUsageChange] TensorRT-managed allocation in IExecutionContext creation: CPU +1, GPU +0, now: CPU 3, GPU 1152 (MiB)
I0212 05:41:43.122591 17140 bert_core_vs.cc:444] Context creation complete. Max supported batchSize: 256
I0212 05:41:43.123709 17140 bert_core_vs.cc:476] Setup complete
I0212 05:41:43.123939 17140 bert_core_vs.cc:385] Engine - Device Memory requirements: 1409287680
I0212 05:41:43.123944 17140 bert_core_vs.cc:393] Engine - Number of Optimization Profiles: 2
I0212 05:41:43.123948 17140 bert_core_vs.cc:415] Engine - Profile 1 maxDims 98304 Bmax=256 Smax=384
[I] [TRT] [MemUsageChange] Init cuBLAS/cuBLASLt: CPU +0, GPU +8, now: CPU 690, GPU 4101 (MiB)
[I] [TRT] [MemUsageChange] Init cuDNN: CPU +0, GPU +10, now: CPU 690, GPU 4111 (MiB)
I0212 05:41:43.235214 17140 bert_core_vs.cc:426] Setting Opt.Prof. to 1
[I] [TRT] Could not set default profile 0 for execution context. Profile index must be set explicitly.
[I] [TRT] [MemUsageChange] TensorRT-managed allocation in IExecutionContext creation: CPU +0, GPU +0, now: CPU 3, GPU 1152 (MiB)
I0212 05:41:43.235661 17140 bert_core_vs.cc:444] Context creation complete. Max supported batchSize: 256
I0212 05:41:43.236761 17140 bert_core_vs.cc:476] Setup complete
I0212 05:41:44.426607 17140 main_bert.cc:185] Starting running actual test.
I0212 05:53:22.305178 17140 main_bert.cc:191] Finished running actual test.
================================================
MLPerf Results Summary
================================================
SUT name : BERT SERVER
Scenario : Offline
Mode     : PerformanceOnly
Samples per second: 3345.41
Result is : VALID
  Min duration satisfied : Yes
  Min queries satisfied : Yes
  Early stopping satisfied: Yes

================================================
Additional Stats
================================================
Min latency (ns)                : 1156692643
Max latency (ns)                : 697403219258
Mean latency (ns)               : 421530462870
50.00 percentile latency (ns)   : 448807666702
90.00 percentile latency (ns)   : 664894408709
95.00 percentile latency (ns)   : 684121765801
97.00 percentile latency (ns)   : 690541859582
99.00 percentile latency (ns)   : 695544296467
99.90 percentile latency (ns)   : 697275355647

================================================
Test Parameters Used
================================================
samples_per_query : 2333100
target_qps : 3535
target_latency (ns): 0
max_async_queries : 1
min_duration (ms): 600000
max_duration (ms): 0
min_query_count : 1
max_query_count : 0
qsl_rng_seed : 6023615788873153749
sample_index_rng_seed : 15036839855038426416
schedule_rng_seed : 9933818062894767841
accuracy_log_rng_seed : 0
accuracy_log_probability : 0
accuracy_log_sampling_target : 0
print_timestamps : 0
performance_issue_unique : 0
performance_issue_same : 0
performance_issue_same_index : 0
performance_sample_count : 10833

No warnings encountered during test.

No errors encountered during test.
[2025-02-12 05:53:22,532 run_harness.py:166 INFO] Result: result_samples_per_second: 3345.41, Result is VALID
 
======================== Result summaries: ========================

