[2024-12-24 22:01:12,961 main.py:229 INFO] Detected system ID: KnownSystem.RTX4090x1
[2024-12-24 22:01:13,465 generate_conf_files.py:107 INFO] Generated measurements/ entries for RTX4090x1_TRT/bert-99.9/Offline
[2024-12-24 22:01:13,466 __init__.py:46 INFO] Running command: ./build/bin/harness_bert --logfile_outdir="/cm-mount/home/arjun/gh_action_results/valid_results/RTX4090x1-nvidia_original-gpu-tensorrt-vdefault-default_config/bert-99.9/offline/accuracy" --logfile_prefix="mlperf_log_" --performance_sample_count=10833 --test_mode="AccuracyOnly" --gpu_batch_size=256 --mlperf_conf_path="/home/cmuser/CM/repos/local/cache/fbcd7f26382c4773/inference/mlperf.conf" --tensor_path="build/preprocessed_data/squad_tokenized/input_ids.npy,build/preprocessed_data/squad_tokenized/segment_ids.npy,build/preprocessed_data/squad_tokenized/input_mask.npy" --use_graphs=false --user_conf_path="/home/cmuser/CM/repos/mlcommons@mlperf-automations/script/generate-mlperf-inference-user-conf/tmp/5e3ccaaa5d8d400eb1b93872a20c30ca.conf" --gpu_inference_streams=2 --gpu_copy_streams=2 --gpu_engines="./build/engines/RTX4090x1/bert/Offline/bert-Offline-gpu-fp16_S_384_B_256_P_2_vs.custom_k_99_9_MaxP.plan" --scenario Offline --model bert
[2024-12-24 22:01:13,466 __init__.py:53 INFO] Overriding Environment
benchmark : Benchmark.BERT
buffer_manager_thread_count : 0
coalesced_tensor : True
data_dir : /home/cmuser/CM/repos/local/cache/a8c152aef5494496/data
gpu_batch_size : 256
gpu_copy_streams : 2
gpu_inference_streams : 2
input_dtype : int32
input_format : linear
log_dir : /home/cmuser/CM/repos/local/cache/ba8d5f2a6bc546f9/repo/closed/NVIDIA/build/logs/2024.12.24-22.01.12
mlperf_conf_path : /home/cmuser/CM/repos/local/cache/fbcd7f26382c4773/inference/mlperf.conf
offline_expected_qps : 0.0
precision : fp16
preprocessed_data_dir : /home/cmuser/CM/repos/local/cache/a8c152aef5494496/preprocessed_data
scenario : Scenario.Offline
system : SystemConfiguration(host_cpu_conf=CPUConfiguration(layout={CPU(name='AMD Ryzen 9 7950X 16-Core Processor', architecture=<CPUArchitecture.x86_64: AliasedName(name='x86_64', aliases=(), patterns=())>, core_count=16, threads_per_core=2): 1}), host_mem_conf=MemoryConfiguration(host_memory_capacity=Memory(quantity=131.080068, byte_suffix=<ByteSuffix.GB: (1000, 3)>, _num_bytes=131080068000), comparison_tolerance=0.05), accelerator_conf=AcceleratorConfiguration(layout=defaultdict(<class 'int'>, {GPU(name='NVIDIA GeForce RTX 4090', accelerator_type=<AcceleratorType.Discrete: AliasedName(name='Discrete', aliases=(), patterns=())>, vram=Memory(quantity=23.98828125, byte_suffix=<ByteSuffix.GiB: (1024, 3)>, _num_bytes=25757220864), max_power_limit=450.0, pci_id='0x268410DE', compute_sm=89): 1})), numa_conf=None, system_id='RTX4090x1')
tensor_path : build/preprocessed_data/squad_tokenized/input_ids.npy,build/preprocessed_data/squad_tokenized/segment_ids.npy,build/preprocessed_data/squad_tokenized/input_mask.npy
test_mode : AccuracyOnly
use_graphs : False
user_conf_path : /home/cmuser/CM/repos/mlcommons@mlperf-automations/script/generate-mlperf-inference-user-conf/tmp/5e3ccaaa5d8d400eb1b93872a20c30ca.conf
system_id : RTX4090x1
config_name : RTX4090x1_bert_Offline
workload_setting : WorkloadSetting(HarnessType.Custom, AccuracyTarget.k_99_9, PowerSetting.MaxP)
optimization_level : plugin-enabled
num_profiles : 2
config_ver : custom_k_99_9_MaxP
accuracy_level : 99.9%
inference_server : custom
skip_file_checks : True
power_limit : None
cpu_freq : None
&&&& RUNNING BERT_HARNESS # ./build/bin/harness_bert
I1224 22:01:13.520726 19726 main_bert.cc:163] Found 1 GPUs
I1224 22:01:13.928432 19726 bert_server.cc:147] Engine Path: ./build/engines/RTX4090x1/bert/Offline/bert-Offline-gpu-fp16_S_384_B_256_P_2_vs.custom_k_99_9_MaxP.plan
[I] [TRT] Loaded engine size: 700 MiB
[I] [TRT] [MemUsageChange] Init cuBLAS/cuBLASLt: CPU +7, GPU +10, now: CPU 864, GPU 1518 (MiB)
[I] [TRT] [MemUsageChange] Init cuDNN: CPU +1, GPU +10, now: CPU 865, GPU 1528 (MiB)
[I] [TRT] [MemUsageChange] TensorRT-managed allocation in engine deserialization: CPU +0, GPU +576, now: CPU 0, GPU 576 (MiB)
I1224 22:01:14.397239 19726 bert_server.cc:208] Engines Creation Completed
I1224 22:01:14.429843 19726 bert_core_vs.cc:385] Engine - Device Memory requirements: 1409287680
I1224 22:01:14.429858 19726 bert_core_vs.cc:393] Engine - Number of Optimization Profiles: 2
I1224 22:01:14.429864 19726 bert_core_vs.cc:415] Engine - Profile 0 maxDims 98304 Bmax=256 Smax=384
[I] [TRT] [MemUsageChange] Init cuBLAS/cuBLASLt: CPU +0, GPU +8, now: CPU 166, GPU 2866 (MiB)
[I] [TRT] [MemUsageChange] Init cuDNN: CPU +0, GPU +8, now: CPU 166, GPU 2874 (MiB)
I1224 22:01:14.485257 19726 bert_core_vs.cc:426] Setting Opt.Prof. to 0
[I] [TRT] [MemUsageChange] TensorRT-managed allocation in IExecutionContext creation: CPU +1, GPU +0, now: CPU 1, GPU 576 (MiB)
I1224 22:01:14.485293 19726 bert_core_vs.cc:444] Context creation complete. Max supported batchSize: 256
I1224 22:01:14.486265 19726 bert_core_vs.cc:476] Setup complete
I1224 22:01:14.486442 19726 bert_core_vs.cc:385] Engine - Device Memory requirements: 1409287680
I1224 22:01:14.486446 19726 bert_core_vs.cc:393] Engine - Number of Optimization Profiles: 2
I1224 22:01:14.486449 19726 bert_core_vs.cc:415] Engine - Profile 1 maxDims 98304 Bmax=256 Smax=384
[I] [TRT] [MemUsageChange] Init cuBLAS/cuBLASLt: CPU +0, GPU +8, now: CPU 289, GPU 4352 (MiB)
[I] [TRT] [MemUsageChange] Init cuDNN: CPU +1, GPU +10, now: CPU 290, GPU 4362 (MiB)
I1224 22:01:14.539996 19726 bert_core_vs.cc:426] Setting Opt.Prof. to 1
[I] [TRT] Could not set default profile 0 for execution context. Profile index must be set explicitly.
[I] [TRT] [MemUsageChange] TensorRT-managed allocation in IExecutionContext creation: CPU +0, GPU +0, now: CPU 1, GPU 576 (MiB)
I1224 22:01:14.540407 19726 bert_core_vs.cc:444] Context creation complete. Max supported batchSize: 256
I1224 22:01:14.541359 19726 bert_core_vs.cc:476] Setup complete
I1224 22:01:15.140805 19726 main_bert.cc:184] Starting running actual test.
I1224 22:01:21.638042 19726 main_bert.cc:190] Finished running actual test.

No warnings encountered during test.

No errors encountered during test.
[2024-12-24 22:01:21,919 run_harness.py:166 INFO] Result: Accuracy run detected.
[2024-12-24 22:01:21,920 __init__.py:46 INFO] Running command: PYTHONPATH=code/bert/tensorrt/helpers python3 /home/cmuser/CM/repos/local/cache/ba8d5f2a6bc546f9/repo/closed/NVIDIA/build/inference/language/bert/accuracy-squad.py --log_file /cm-mount/home/arjun/gh_action_results/valid_results/RTX4090x1-nvidia_original-gpu-tensorrt-vdefault-default_config/bert-99.9/offline/accuracy/mlperf_log_accuracy.json --vocab_file build/models/bert/vocab.txt --val_data /home/cmuser/CM/repos/local/cache/a8c152aef5494496/data/squad/dev-v1.1.json --out_file /cm-mount/home/arjun/gh_action_results/valid_results/RTX4090x1-nvidia_original-gpu-tensorrt-vdefault-default_config/bert-99.9/offline/accuracy/predictions.json --output_dtype float16
{"exact_match": 83.67076631977294, "f1": 90.8832407068292}
Reading examples...
Loading cached features from 'eval_features.pickle'...
Loading LoadGen logs...
Post-processing predictions...
Writing predictions to: /cm-mount/home/arjun/gh_action_results/valid_results/RTX4090x1-nvidia_original-gpu-tensorrt-vdefault-default_config/bert-99.9/offline/accuracy/predictions.json
Evaluating predictions...
 
======================== Result summaries: ========================

