[2024-12-21 18:37:32,062 main.py:229 INFO] Detected system ID: KnownSystem.RTX4090x1
[2024-12-21 18:37:32,478 generate_conf_files.py:107 INFO] Generated measurements/ entries for RTX4090x1_TRT/bert-99.9/Offline
[2024-12-21 18:37:32,478 __init__.py:46 INFO] Running command: ./build/bin/harness_bert --logfile_outdir="/cm-mount/home/arjun/gh_action_results/valid_results/RTX4090x1-nvidia_original-gpu-tensorrt-vdefault-default_config/bert-99.9/offline/performance/run_1" --logfile_prefix="mlperf_log_" --performance_sample_count=10833 --test_mode="PerformanceOnly" --gpu_batch_size=256 --mlperf_conf_path="/home/cmuser/CM/repos/local/cache/8ff21614ad114a3f/inference/mlperf.conf" --tensor_path="build/preprocessed_data/squad_tokenized/input_ids.npy,build/preprocessed_data/squad_tokenized/segment_ids.npy,build/preprocessed_data/squad_tokenized/input_mask.npy" --use_graphs=false --user_conf_path="/home/cmuser/CM/repos/mlcommons@mlperf-automations/script/generate-mlperf-inference-user-conf/tmp/f74e11305da9437bb1e80d0a0d4c2596.conf" --gpu_inference_streams=2 --gpu_copy_streams=2 --gpu_engines="./build/engines/RTX4090x1/bert/Offline/bert-Offline-gpu-fp16_S_384_B_256_P_2_vs.custom_k_99_9_MaxP.plan" --scenario Offline --model bert
[2024-12-21 18:37:32,478 __init__.py:53 INFO] Overriding Environment
benchmark : Benchmark.BERT
buffer_manager_thread_count : 0
coalesced_tensor : True
data_dir : /home/cmuser/CM/repos/local/cache/5b2b0cc913a4453a/data
gpu_batch_size : 256
gpu_copy_streams : 2
gpu_inference_streams : 2
input_dtype : int32
input_format : linear
log_dir : /home/cmuser/CM/repos/local/cache/dfbf240f980947f5/repo/closed/NVIDIA/build/logs/2024.12.21-18.37.31
mlperf_conf_path : /home/cmuser/CM/repos/local/cache/8ff21614ad114a3f/inference/mlperf.conf
offline_expected_qps : 0.0
precision : fp16
preprocessed_data_dir : /home/cmuser/CM/repos/local/cache/5b2b0cc913a4453a/preprocessed_data
scenario : Scenario.Offline
system : SystemConfiguration(host_cpu_conf=CPUConfiguration(layout={CPU(name='13th Gen Intel(R) Core(TM) i9-13900K', architecture=<CPUArchitecture.x86_64: AliasedName(name='x86_64', aliases=(), patterns=())>, core_count=24, threads_per_core=1): 1}), host_mem_conf=MemoryConfiguration(host_memory_capacity=Memory(quantity=131.634476, byte_suffix=<ByteSuffix.GB: (1000, 3)>, _num_bytes=131634476000), comparison_tolerance=0.05), accelerator_conf=AcceleratorConfiguration(layout=defaultdict(<class 'int'>, {GPU(name='NVIDIA GeForce RTX 4090', accelerator_type=<AcceleratorType.Discrete: AliasedName(name='Discrete', aliases=(), patterns=())>, vram=Memory(quantity=23.98828125, byte_suffix=<ByteSuffix.GiB: (1024, 3)>, _num_bytes=25757220864), max_power_limit=450.0, pci_id='0x268410DE', compute_sm=89): 1})), numa_conf=None, system_id='RTX4090x1')
tensor_path : build/preprocessed_data/squad_tokenized/input_ids.npy,build/preprocessed_data/squad_tokenized/segment_ids.npy,build/preprocessed_data/squad_tokenized/input_mask.npy
test_mode : PerformanceOnly
use_graphs : False
user_conf_path : /home/cmuser/CM/repos/mlcommons@mlperf-automations/script/generate-mlperf-inference-user-conf/tmp/f74e11305da9437bb1e80d0a0d4c2596.conf
system_id : RTX4090x1
config_name : RTX4090x1_bert_Offline
workload_setting : WorkloadSetting(HarnessType.Custom, AccuracyTarget.k_99_9, PowerSetting.MaxP)
optimization_level : plugin-enabled
num_profiles : 2
config_ver : custom_k_99_9_MaxP
accuracy_level : 99.9%
inference_server : custom
skip_file_checks : True
power_limit : None
cpu_freq : None
&&&& RUNNING BERT_HARNESS # ./build/bin/harness_bert
I1221 18:37:32.513209 10478 main_bert.cc:163] Found 1 GPUs
I1221 18:37:32.592316 10478 bert_server.cc:147] Engine Path: ./build/engines/RTX4090x1/bert/Offline/bert-Offline-gpu-fp16_S_384_B_256_P_2_vs.custom_k_99_9_MaxP.plan
[I] [TRT] Loaded engine size: 699 MiB
[I] [TRT] [MemUsageChange] Init cuBLAS/cuBLASLt: CPU +7, GPU +10, now: CPU 860, GPU 1511 (MiB)
[I] [TRT] [MemUsageChange] Init cuDNN: CPU +1, GPU +10, now: CPU 861, GPU 1521 (MiB)
[I] [TRT] [MemUsageChange] TensorRT-managed allocation in engine deserialization: CPU +0, GPU +576, now: CPU 0, GPU 576 (MiB)
I1221 18:37:32.962503 10478 bert_server.cc:208] Engines Creation Completed
I1221 18:37:32.982537 10478 bert_core_vs.cc:385] Engine - Device Memory requirements: 1409287680
I1221 18:37:32.982544 10478 bert_core_vs.cc:393] Engine - Number of Optimization Profiles: 2
I1221 18:37:32.982551 10478 bert_core_vs.cc:415] Engine - Profile 0 maxDims 98304 Bmax=256 Smax=384
[I] [TRT] [MemUsageChange] Init cuBLAS/cuBLASLt: CPU +0, GPU +8, now: CPU 162, GPU 2859 (MiB)
[I] [TRT] [MemUsageChange] Init cuDNN: CPU +0, GPU +8, now: CPU 162, GPU 2867 (MiB)
I1221 18:37:33.024693 10478 bert_core_vs.cc:426] Setting Opt.Prof. to 0
I1221 18:37:33.024713 10478 bert_core_vs.cc:444] Context creation complete. Max supported batchSize: 256
[I] [TRT] [MemUsageChange] TensorRT-managed allocation in IExecutionContext creation: CPU +1, GPU +0, now: CPU 1, GPU 576 (MiB)
I1221 18:37:33.025259 10478 bert_core_vs.cc:476] Setup complete
I1221 18:37:33.025418 10478 bert_core_vs.cc:385] Engine - Device Memory requirements: 1409287680
I1221 18:37:33.025420 10478 bert_core_vs.cc:393] Engine - Number of Optimization Profiles: 2
I1221 18:37:33.025424 10478 bert_core_vs.cc:415] Engine - Profile 1 maxDims 98304 Bmax=256 Smax=384
[I] [TRT] [MemUsageChange] Init cuBLAS/cuBLASLt: CPU +0, GPU +8, now: CPU 286, GPU 4345 (MiB)
[I] [TRT] [MemUsageChange] Init cuDNN: CPU +0, GPU +10, now: CPU 286, GPU 4355 (MiB)
I1221 18:37:33.067199 10478 bert_core_vs.cc:426] Setting Opt.Prof. to 1
[I] [TRT] Could not set default profile 0 for execution context. Profile index must be set explicitly.
[I] [TRT] [MemUsageChange] TensorRT-managed allocation in IExecutionContext creation: CPU +0, GPU +0, now: CPU 1, GPU 576 (MiB)
I1221 18:37:33.067507 10478 bert_core_vs.cc:444] Context creation complete. Max supported batchSize: 256
I1221 18:37:33.068044 10478 bert_core_vs.cc:476] Setup complete
I1221 18:37:33.667511 10478 main_bert.cc:184] Starting running actual test.
I1221 18:50:48.810895 10478 main_bert.cc:190] Finished running actual test.
================================================
MLPerf Results Summary
================================================
SUT name : BERT SERVER
Scenario : Offline
Mode     : PerformanceOnly
Samples per second: 1677.15
Result is : VALID
  Min duration satisfied : Yes
  Min queries satisfied : Yes
  Early stopping satisfied: Yes

================================================
Additional Stats
================================================
Min latency (ns)                : 857811990
Max latency (ns)                : 794922074942
Mean latency (ns)               : 480674293255
50.00 percentile latency (ns)   : 511736852485
90.00 percentile latency (ns)   : 757921366281
95.00 percentile latency (ns)   : 779873801502
97.00 percentile latency (ns)   : 787076599088
99.00 percentile latency (ns)   : 792806468396
99.90 percentile latency (ns)   : 794789668521

================================================
Test Parameters Used
================================================
samples_per_query : 1333200
target_qps : 2020
target_latency (ns): 0
max_async_queries : 1
min_duration (ms): 600000
max_duration (ms): 0
min_query_count : 1
max_query_count : 0
qsl_rng_seed : 3066443479025735752
sample_index_rng_seed : 10688027786191513374
schedule_rng_seed : 14962580496156340209
accuracy_log_rng_seed : 0
accuracy_log_probability : 0
accuracy_log_sampling_target : 0
print_timestamps : 0
performance_issue_unique : 0
performance_issue_same : 0
performance_issue_same_index : 0
performance_sample_count : 10833

No warnings encountered during test.

No errors encountered during test.
[2024-12-21 18:50:48,901 run_harness.py:166 INFO] Result: result_samples_per_second: 1677.15, Result is VALID
 
======================== Result summaries: ========================

