[2024-12-31 20:49:35,904 main.py:229 INFO] Detected system ID: KnownSystem.RTX4090x1
[2024-12-31 20:49:36,222 generate_conf_files.py:107 INFO] Generated measurements/ entries for RTX4090x1_TRT/bert-99.9/SingleStream
[2024-12-31 20:49:36,222 __init__.py:46 INFO] Running command: ./build/bin/harness_bert --logfile_outdir="/cm-mount/home/arjun/gh_action_results/valid_results/RTX4090x1-nvidia_original-gpu-tensorrt-vdefault-default_config/bert-99.9/singlestream/performance/run_1" --logfile_prefix="mlperf_log_" --performance_sample_count=10833 --test_mode="PerformanceOnly" --gpu_batch_size=1 --mlperf_conf_path="/home/cmuser/CM/repos/local/cache/551e61f86b914205/inference/mlperf.conf" --tensor_path="build/preprocessed_data/squad_tokenized/input_ids.npy,build/preprocessed_data/squad_tokenized/segment_ids.npy,build/preprocessed_data/squad_tokenized/input_mask.npy" --use_graphs=true --user_conf_path="/home/cmuser/CM/repos/mlcommons@mlperf-automations/script/generate-mlperf-inference-user-conf/tmp/f788d4ba4c0c4dd1baea217d3d496940.conf" --gpu_inference_streams=1 --gpu_copy_streams=1 --gpu_engines="./build/engines/RTX4090x1/bert/SingleStream/bert-SingleStream-gpu-fp16_S_384_B_1_P_1_vs.custom_k_99_9_MaxP.plan" --scenario SingleStream --model bert
[2024-12-31 20:49:36,222 __init__.py:53 INFO] Overriding Environment
benchmark : Benchmark.BERT
buffer_manager_thread_count : 0
coalesced_tensor : True
data_dir : /home/cmuser/CM/repos/local/cache/a8c152aef5494496/data
gpu_batch_size : 1
gpu_copy_streams : 1
gpu_inference_streams : 1
input_dtype : int32
input_format : linear
log_dir : /home/cmuser/CM/repos/local/cache/ba8d5f2a6bc546f9/repo/closed/NVIDIA/build/logs/2024.12.31-20.49.34
mlperf_conf_path : /home/cmuser/CM/repos/local/cache/551e61f86b914205/inference/mlperf.conf
precision : fp16
preprocessed_data_dir : /home/cmuser/CM/repos/local/cache/a8c152aef5494496/preprocessed_data
scenario : Scenario.SingleStream
single_stream_expected_latency_ns : 0
system : SystemConfiguration(host_cpu_conf=CPUConfiguration(layout={CPU(name='AMD Ryzen 9 7950X 16-Core Processor', architecture=<CPUArchitecture.x86_64: AliasedName(name='x86_64', aliases=(), patterns=())>, core_count=16, threads_per_core=2): 1}), host_mem_conf=MemoryConfiguration(host_memory_capacity=Memory(quantity=131.080068, byte_suffix=<ByteSuffix.GB: (1000, 3)>, _num_bytes=131080068000), comparison_tolerance=0.05), accelerator_conf=AcceleratorConfiguration(layout=defaultdict(<class 'int'>, {GPU(name='NVIDIA GeForce RTX 4090', accelerator_type=<AcceleratorType.Discrete: AliasedName(name='Discrete', aliases=(), patterns=())>, vram=Memory(quantity=23.98828125, byte_suffix=<ByteSuffix.GiB: (1024, 3)>, _num_bytes=25757220864), max_power_limit=450.0, pci_id='0x268410DE', compute_sm=89): 1})), numa_conf=None, system_id='RTX4090x1')
tensor_path : build/preprocessed_data/squad_tokenized/input_ids.npy,build/preprocessed_data/squad_tokenized/segment_ids.npy,build/preprocessed_data/squad_tokenized/input_mask.npy
test_mode : PerformanceOnly
use_graphs : True
use_small_tile_gemm_plugin : False
user_conf_path : /home/cmuser/CM/repos/mlcommons@mlperf-automations/script/generate-mlperf-inference-user-conf/tmp/f788d4ba4c0c4dd1baea217d3d496940.conf
system_id : RTX4090x1
config_name : RTX4090x1_bert_SingleStream
workload_setting : WorkloadSetting(HarnessType.Custom, AccuracyTarget.k_99_9, PowerSetting.MaxP)
optimization_level : plugin-enabled
num_profiles : 1
config_ver : custom_k_99_9_MaxP
accuracy_level : 99.9%
inference_server : custom
skip_file_checks : True
power_limit : None
cpu_freq : None
&&&& RUNNING BERT_HARNESS # ./build/bin/harness_bert
I1231 20:49:36.283025 10481 main_bert.cc:163] Found 1 GPUs
I1231 20:49:36.699986 10481 bert_server.cc:147] Engine Path: ./build/engines/RTX4090x1/bert/SingleStream/bert-SingleStream-gpu-fp16_S_384_B_1_P_1_vs.custom_k_99_9_MaxP.plan
[I] [TRT] Loaded engine size: 638 MiB
[I] [TRT] [MemUsageChange] Init cuBLAS/cuBLASLt: CPU +6, GPU +10, now: CPU 740, GPU 1456 (MiB)
[I] [TRT] [MemUsageChange] Init cuDNN: CPU +2, GPU +10, now: CPU 742, GPU 1466 (MiB)
[I] [TRT] [MemUsageChange] TensorRT-managed allocation in engine deserialization: CPU +0, GPU +576, now: CPU 0, GPU 576 (MiB)
I1231 20:49:37.133580 10481 bert_server.cc:208] Engines Creation Completed
I1231 20:49:37.165242 10481 bert_server.cc:213] Use CUDA graphs
I1231 20:49:37.165441 10481 bert_core_vs.cc:385] Engine - Device Memory requirements: 8652288
I1231 20:49:37.165445 10481 bert_core_vs.cc:393] Engine - Number of Optimization Profiles: 1
I1231 20:49:37.165450 10481 bert_core_vs.cc:415] Engine - Profile 0 maxDims 384 Bmax=1 Smax=384
[I] [TRT] [MemUsageChange] Init cuBLAS/cuBLASLt: CPU +0, GPU +8, now: CPU 103, GPU 1468 (MiB)
[I] [TRT] [MemUsageChange] Init cuDNN: CPU +1, GPU +8, now: CPU 104, GPU 1476 (MiB)
I1231 20:49:37.200336 10481 bert_core_vs.cc:426] Setting Opt.Prof. to 0
[I] [TRT] [MemUsageChange] TensorRT-managed allocation in IExecutionContext creation: CPU +0, GPU +0, now: CPU 0, GPU 576 (MiB)
I1231 20:49:37.200372 10481 bert_core_vs.cc:444] Context creation complete. Max supported batchSize: 1
I1231 20:49:37.200592 10481 bert_core_vs.cc:476] Setup complete
I1231 20:49:37.486073 10488 bert_core_vs.cc:352] Created 96 CUDA graphs
I1231 20:49:37.488246 10481 main_bert.cc:184] Starting running actual test.
I1231 21:07:36.469553 10481 main_bert.cc:190] Finished running actual test.
================================================
MLPerf Results Summary
================================================
SUT name : BERT SERVER
Scenario : SingleStream
Mode     : PerformanceOnly
90th percentile latency (ns) : 2168729
Result is : VALID
  Min duration satisfied : Yes
  Min queries satisfied : Yes
  Early stopping satisfied: Yes
Early Stopping Result:
 * Processed at least 64 queries (365018).
 * Would discard 36079 highest latency queries.
 * Early stopping 90th percentile estimate: 2169561
 * Early stopping 99th percentile estimate: 2630381

================================================
Additional Stats
================================================
QPS w/ loadgen overhead         : 608.36
QPS w/o loadgen overhead        : 637.00

Min latency (ns)                : 1166839
Max latency (ns)                : 1908648866
Mean latency (ns)               : 1569848
50.00 percentile latency (ns)   : 1428015
90.00 percentile latency (ns)   : 2168729
95.00 percentile latency (ns)   : 2492494
97.00 percentile latency (ns)   : 2609993
99.00 percentile latency (ns)   : 2629640
99.90 percentile latency (ns)   : 4032849

================================================
Test Parameters Used
================================================
samples_per_query : 1
target_qps : 2000
target_latency (ns): 0
max_async_queries : 1
min_duration (ms): 600000
max_duration (ms): 660000
min_query_count : 100
max_query_count : 0
qsl_rng_seed : 3066443479025735752
sample_index_rng_seed : 10688027786191513374
schedule_rng_seed : 14962580496156340209
accuracy_log_rng_seed : 0
accuracy_log_probability : 0
accuracy_log_sampling_target : 0
print_timestamps : 0
performance_issue_unique : 0
performance_issue_same : 0
performance_issue_same_index : 0
performance_sample_count : 10833

No warnings encountered during test.

No errors encountered during test.
[2024-12-31 21:09:30,829 run_harness.py:166 INFO] Result: result_90.00_percentile_latency_ns: 2168729, Result is VALID
 
======================== Result summaries: ========================

