[2024-12-01 22:50:26,418 main.py:229 INFO] Detected system ID: KnownSystem.RTX4090x1
[2024-12-01 22:50:26,716 generate_conf_files.py:107 INFO] Generated measurements/ entries for RTX4090x1_TRT/bert-99/SingleStream
[2024-12-01 22:50:26,717 __init__.py:46 INFO] Running command: ./build/bin/harness_bert --logfile_outdir="/cm-mount/home/arjun/gh_action_results/valid_results/RTX4090x1-nvidia_original-gpu-tensorrt-vdefault-default_config/bert-99/singlestream/performance/run_1" --logfile_prefix="mlperf_log_" --performance_sample_count=10833 --test_mode="PerformanceOnly" --gpu_batch_size=1 --mlperf_conf_path="/home/cmuser/CM/repos/local/cache/c9db85a856a14313/inference/mlperf.conf" --tensor_path="build/preprocessed_data/squad_tokenized/input_ids.npy,build/preprocessed_data/squad_tokenized/segment_ids.npy,build/preprocessed_data/squad_tokenized/input_mask.npy" --use_graphs=true --user_conf_path="/home/cmuser/CM/repos/gateoverflow@cm4mlops/script/generate-mlperf-inference-user-conf/tmp/5e8c3c119b8c4abca0a9461e94a1f580.conf" --gpu_inference_streams=1 --gpu_copy_streams=1 --gpu_engines="./build/engines/RTX4090x1/bert/SingleStream/bert-SingleStream-gpu-int8_S_384_B_1_P_1_vs.custom_k_99_MaxP.plan" --scenario SingleStream --model bert
[2024-12-01 22:50:26,717 __init__.py:53 INFO] Overriding Environment
benchmark : Benchmark.BERT
buffer_manager_thread_count : 0
coalesced_tensor : True
data_dir : /home/cmuser/CM/repos/local/cache/a8c152aef5494496/data
gpu_batch_size : 1
gpu_copy_streams : 1
gpu_inference_streams : 1
input_dtype : int32
input_format : linear
log_dir : /home/cmuser/CM/repos/local/cache/7f727c82430f4c1e/repo/closed/NVIDIA/build/logs/2024.12.01-22.50.25
mlperf_conf_path : /home/cmuser/CM/repos/local/cache/c9db85a856a14313/inference/mlperf.conf
precision : int8
preprocessed_data_dir : /home/cmuser/CM/repos/local/cache/a8c152aef5494496/preprocessed_data
scenario : Scenario.SingleStream
single_stream_expected_latency_ns : 0
system : SystemConfiguration(host_cpu_conf=CPUConfiguration(layout={CPU(name='AMD Ryzen 9 7950X 16-Core Processor', architecture=<CPUArchitecture.x86_64: AliasedName(name='x86_64', aliases=(), patterns=())>, core_count=16, threads_per_core=2): 1}), host_mem_conf=MemoryConfiguration(host_memory_capacity=Memory(quantity=131.080084, byte_suffix=<ByteSuffix.GB: (1000, 3)>, _num_bytes=131080084000), comparison_tolerance=0.05), accelerator_conf=AcceleratorConfiguration(layout=defaultdict(<class 'int'>, {GPU(name='NVIDIA GeForce RTX 4090', accelerator_type=<AcceleratorType.Discrete: AliasedName(name='Discrete', aliases=(), patterns=())>, vram=Memory(quantity=23.98828125, byte_suffix=<ByteSuffix.GiB: (1024, 3)>, _num_bytes=25757220864), max_power_limit=450.0, pci_id='0x268410DE', compute_sm=89): 1})), numa_conf=None, system_id='RTX4090x1')
tensor_path : build/preprocessed_data/squad_tokenized/input_ids.npy,build/preprocessed_data/squad_tokenized/segment_ids.npy,build/preprocessed_data/squad_tokenized/input_mask.npy
test_mode : PerformanceOnly
use_graphs : True
use_small_tile_gemm_plugin : False
user_conf_path : /home/cmuser/CM/repos/gateoverflow@cm4mlops/script/generate-mlperf-inference-user-conf/tmp/5e8c3c119b8c4abca0a9461e94a1f580.conf
system_id : RTX4090x1
config_name : RTX4090x1_bert_SingleStream
workload_setting : WorkloadSetting(HarnessType.Custom, AccuracyTarget.k_99, PowerSetting.MaxP)
optimization_level : plugin-enabled
num_profiles : 1
config_ver : custom_k_99_MaxP
accuracy_level : 99%
inference_server : custom
skip_file_checks : True
power_limit : None
cpu_freq : None
&&&& RUNNING BERT_HARNESS # ./build/bin/harness_bert
I1201 22:50:26.767741 12133 main_bert.cc:163] Found 1 GPUs
I1201 22:50:27.162277 12133 bert_server.cc:147] Engine Path: ./build/engines/RTX4090x1/bert/SingleStream/bert-SingleStream-gpu-int8_S_384_B_1_P_1_vs.custom_k_99_MaxP.plan
[I] [TRT] Loaded engine size: 352 MiB
[I] [TRT] [MemUsageChange] Init cuBLAS/cuBLASLt: CPU +6, GPU +8, now: CPU 458, GPU 1170 (MiB)
[I] [TRT] [MemUsageChange] Init cuDNN: CPU +2, GPU +10, now: CPU 460, GPU 1180 (MiB)
[I] [TRT] [MemUsageChange] TensorRT-managed allocation in engine deserialization: CPU +0, GPU +290, now: CPU 0, GPU 290 (MiB)
I1201 22:50:27.420677 12133 bert_server.cc:208] Engines Creation Completed
I1201 22:50:27.438102 12133 bert_server.cc:213] Use CUDA graphs
I1201 22:50:27.438241 12133 bert_core_vs.cc:385] Engine - Device Memory requirements: 2753024
I1201 22:50:27.438246 12133 bert_core_vs.cc:393] Engine - Number of Optimization Profiles: 1
I1201 22:50:27.438249 12133 bert_core_vs.cc:415] Engine - Profile 0 maxDims 384 Bmax=1 Smax=384
[I] [TRT] [MemUsageChange] Init cuBLAS/cuBLASLt: CPU +0, GPU +8, now: CPU 107, GPU 1176 (MiB)
[I] [TRT] [MemUsageChange] Init cuDNN: CPU +0, GPU +8, now: CPU 107, GPU 1184 (MiB)
I1201 22:50:27.467763 12133 bert_core_vs.cc:426] Setting Opt.Prof. to 0
I1201 22:50:27.467794 12133 bert_core_vs.cc:444] Context creation complete. Max supported batchSize: 1
[I] [TRT] [MemUsageChange] TensorRT-managed allocation in IExecutionContext creation: CPU +0, GPU +0, now: CPU 0, GPU 290 (MiB)
I1201 22:50:27.467857 12133 bert_core_vs.cc:476] Setup complete
I1201 22:50:27.666752 12140 bert_core_vs.cc:352] Created 96 CUDA graphs
I1201 22:50:27.668054 12133 main_bert.cc:184] Starting running actual test.
I1201 23:00:29.146051 12133 main_bert.cc:190] Finished running actual test.
================================================
MLPerf Results Summary
================================================
SUT name : BERT SERVER
Scenario : SingleStream
Mode     : PerformanceOnly
90th percentile latency (ns) : 1018350
Result is : VALID
  Min duration satisfied : Yes
  Min queries satisfied : Yes
  Early stopping satisfied: Yes
Early Stopping Result:
 * Processed at least 64 queries (634486).
 * Would discard 62891 highest latency queries.
 * Early stopping 90th percentile estimate: 1018691
 * Early stopping 99th percentile estimate: 1191525

================================================
Additional Stats
================================================
QPS w/ loadgen overhead         : 1057.47
QPS w/o loadgen overhead        : 1062.48

Min latency (ns)                : 873781
Max latency (ns)                : 1561695
Mean latency (ns)               : 941195
50.00 percentile latency (ns)   : 920538
90.00 percentile latency (ns)   : 1018350
95.00 percentile latency (ns)   : 1084916
97.00 percentile latency (ns)   : 1177749
99.00 percentile latency (ns)   : 1191453
99.90 percentile latency (ns)   : 1207153

================================================
Test Parameters Used
================================================
samples_per_query : 1
target_qps : 2000
target_latency (ns): 0
max_async_queries : 1
min_duration (ms): 600000
max_duration (ms): 660000
min_query_count : 100
max_query_count : 0
qsl_rng_seed : 3066443479025735752
sample_index_rng_seed : 10688027786191513374
schedule_rng_seed : 14962580496156340209
accuracy_log_rng_seed : 0
accuracy_log_probability : 0
accuracy_log_sampling_target : 0
print_timestamps : 0
performance_issue_unique : 0
performance_issue_same : 0
performance_issue_same_index : 0
performance_sample_count : 10833

No warnings encountered during test.

No errors encountered during test.
[2024-12-01 23:00:29,439 run_harness.py:166 INFO] Result: result_90.00_percentile_latency_ns: 1018350, Result is VALID
 
======================== Result summaries: ========================

