[2024-12-21 18:12:48,089 main.py:229 INFO] Detected system ID: KnownSystem.RTX4090x1
[2024-12-21 18:12:48,366 harness.py:249 INFO] The harness will load 3 plugins: ['build/plugins/pixelShuffle3DPlugin/libpixelshuffle3dplugin.so', 'build/plugins/conv3D1X1X1K4Plugin/libconv3D1X1X1K4Plugin.so', 'build/plugins/conv3D3X3X3C1K32Plugin/libconv3D3X3X3C1K32Plugin.so']
[2024-12-21 18:12:48,366 generate_conf_files.py:107 INFO] Generated measurements/ entries for RTX4090x1_TRT/3d-unet-99.9/Offline
[2024-12-21 18:12:48,366 __init__.py:46 INFO] Running command: ./build/bin/harness_3dunet --plugins="build/plugins/pixelShuffle3DPlugin/libpixelshuffle3dplugin.so,build/plugins/conv3D1X1X1K4Plugin/libconv3D1X1X1K4Plugin.so,build/plugins/conv3D3X3X3C1K32Plugin/libconv3D3X3X3C1K32Plugin.so" --logfile_outdir="/cm-mount/home/arjun/gh_action_results/valid_results/RTX4090x1-nvidia_original-gpu-tensorrt-vdefault-default_config/3d-unet-99.9/offline/accuracy" --logfile_prefix="mlperf_log_" --performance_sample_count=43 --test_mode="AccuracyOnly" --gpu_copy_streams=1 --gpu_inference_streams=1 --use_deque_limit=true --gpu_batch_size=8 --map_path="data_maps/kits19/val_map.txt" --mlperf_conf_path="/home/cmuser/CM/repos/local/cache/c1d8c371d52d46a3/inference/mlperf.conf" --tensor_path="build/preprocessed_data/KiTS19/inference/int8" --use_graphs=false --user_conf_path="/home/cmuser/CM/repos/mlcommons@mlperf-automations/script/generate-mlperf-inference-user-conf/tmp/9f050352d56444458b861e3f0fdab327.conf" --unet3d_sw_gaussian_patch_path="/home/cmuser/CM/repos/local/cache/5b2b0cc913a4453a/preprocessed_data/KiTS19/etc/gaussian_patches.npy" --gpu_engines="./build/engines/RTX4090x1/3d-unet/Offline/3d-unet-Offline-gpu-b8-int8.custom_k_99_9_MaxP.plan" --max_dlas=0 --slice_overlap_patch_kernel_cg_impl=false --scenario Offline --model 3d-unet
[2024-12-21 18:12:48,366 __init__.py:53 INFO] Overriding Environment
benchmark : Benchmark.UNET3D
buffer_manager_thread_count : 0
data_dir : /home/cmuser/CM/repos/local/cache/5b2b0cc913a4453a/data
gpu_batch_size : 8
gpu_copy_streams : 1
gpu_inference_streams : 1
input_dtype : int8
input_format : linear
log_dir : /home/cmuser/CM/repos/local/cache/dfbf240f980947f5/repo/closed/NVIDIA/build/logs/2024.12.21-18.12.47
map_path : data_maps/kits19/val_map.txt
mlperf_conf_path : /home/cmuser/CM/repos/local/cache/c1d8c371d52d46a3/inference/mlperf.conf
offline_expected_qps : 0.0
precision : int8
preprocessed_data_dir : /home/cmuser/CM/repos/local/cache/5b2b0cc913a4453a/preprocessed_data
scenario : Scenario.Offline
slice_overlap_patch_kernel_cg_impl : False
system : SystemConfiguration(host_cpu_conf=CPUConfiguration(layout={CPU(name='13th Gen Intel(R) Core(TM) i9-13900K', architecture=<CPUArchitecture.x86_64: AliasedName(name='x86_64', aliases=(), patterns=())>, core_count=24, threads_per_core=1): 1}), host_mem_conf=MemoryConfiguration(host_memory_capacity=Memory(quantity=131.634476, byte_suffix=<ByteSuffix.GB: (1000, 3)>, _num_bytes=131634476000), comparison_tolerance=0.05), accelerator_conf=AcceleratorConfiguration(layout=defaultdict(<class 'int'>, {GPU(name='NVIDIA GeForce RTX 4090', accelerator_type=<AcceleratorType.Discrete: AliasedName(name='Discrete', aliases=(), patterns=())>, vram=Memory(quantity=23.98828125, byte_suffix=<ByteSuffix.GiB: (1024, 3)>, _num_bytes=25757220864), max_power_limit=450.0, pci_id='0x268410DE', compute_sm=89): 1})), numa_conf=None, system_id='RTX4090x1')
tensor_path : build/preprocessed_data/KiTS19/inference/int8
test_mode : AccuracyOnly
unet3d_sw_gaussian_patch_path : /home/cmuser/CM/repos/local/cache/5b2b0cc913a4453a/preprocessed_data/KiTS19/etc/gaussian_patches.npy
use_deque_limit : True
use_graphs : False
user_conf_path : /home/cmuser/CM/repos/mlcommons@mlperf-automations/script/generate-mlperf-inference-user-conf/tmp/9f050352d56444458b861e3f0fdab327.conf
system_id : RTX4090x1
config_name : RTX4090x1_3d-unet_Offline
workload_setting : WorkloadSetting(HarnessType.Custom, AccuracyTarget.k_99_9, PowerSetting.MaxP)
optimization_level : plugin-enabled
num_profiles : 1
config_ver : custom_k_99_9_MaxP
accuracy_level : 99.9%
inference_server : custom
skip_file_checks : False
power_limit : None
cpu_freq : None
&&&& RUNNING MLPerf_Inference_3DUNet_Harness # ./build/bin/harness_3dunet
[I] mlperf.conf path: /home/cmuser/CM/repos/local/cache/c1d8c371d52d46a3/inference/mlperf.conf
[I] user.conf path: /home/cmuser/CM/repos/mlcommons@mlperf-automations/script/generate-mlperf-inference-user-conf/tmp/9f050352d56444458b861e3f0fdab327.conf
Creating QSL.
Finished Creating QSL.
Setting up SUT.
[I] [TRT] Loaded engine size: 31 MiB
[I] [TRT] [MemUsageChange] Init cuBLAS/cuBLASLt: CPU +0, GPU +8, now: CPU 80, GPU 1097 (MiB)
[I] [TRT] [MemUsageChange] Init cuDNN: CPU +0, GPU +10, now: CPU 80, GPU 1107 (MiB)
[I] [TRT] [MemUsageChange] TensorRT-managed allocation in engine deserialization: CPU +0, GPU +29, now: CPU 0, GPU 29 (MiB)
[I] Device:0: ./build/engines/RTX4090x1/3d-unet/Offline/3d-unet-Offline-gpu-b8-int8.custom_k_99_9_MaxP.plan has been successfully loaded.
[E] [TRT] 3: [runtime.cpp::~Runtime::401] Error Code 3: API Usage Error (Parameter check failed at: runtime/rt/runtime.cpp::~Runtime::401, condition: mEngineCounter.use_count() == 1 Destroying a runtime before destroying deserialized engines created by the runtime leads to undefined behavior.)
[I] [TRT] [MemUsageChange] Init cuBLAS/cuBLASLt: CPU +1, GPU +8, now: CPU 49, GPU 1813 (MiB)
[I] [TRT] [MemUsageChange] Init cuDNN: CPU +0, GPU +8, now: CPU 49, GPU 1821 (MiB)
[I] [TRT] [MemUsageChange] TensorRT-managed allocation in IExecutionContext creation: CPU +0, GPU +2218, now: CPU 0, GPU 2247 (MiB)
[I] Creating batcher thread: 0 EnableBatcherThreadPerDevice: true
Finished setting up SUT.
Starting warmup. Running for a minimum of 5 seconds.
Finished warmup. Ran for 5.45507s.
Starting running actual test.

No warnings encountered during test.

No errors encountered during test.
Finished running actual test.
Device Device:0 processed:
  8 batches of size 2
  2 batches of size 3
  7 batches of size 4
  3 batches of size 5
  337 batches of size 8
  Memcpy Calls: 0
  PerSampleCudaMemcpy Calls: 43
  BatchedCudaMemcpy Calls: 0
&&&& PASSED MLPerf_Inference_3DUNet_Harness # ./build/bin/harness_3dunet
[2024-12-21 18:13:05,511 run_harness.py:166 INFO] Result: Accuracy run detected.
[2024-12-21 18:13:05,511 __init__.py:46 INFO] Running command: python3 code/3d-unet/tensorrt/accuracy_kits.py --log_file /cm-mount/home/arjun/gh_action_results/valid_results/RTX4090x1-nvidia_original-gpu-tensorrt-vdefault-default_config/3d-unet-99.9/offline/accuracy/mlperf_log_accuracy.json
Loading necessary metadata...
Loading loadgen accuracy log...
Running postprocessing...
Saving predictions...
Running evaluation...
code/3d-unet/tensorrt/accuracy_kits.py:209: FutureWarning: The frame.append method is deprecated and will be removed from pandas in a future version. Use pandas.concat instead.
  df = df.append(
code/3d-unet/tensorrt/accuracy_kits.py:209: FutureWarning: The frame.append method is deprecated and will be removed from pandas in a future version. Use pandas.concat instead.
  df = df.append(
code/3d-unet/tensorrt/accuracy_kits.py:209: FutureWarning: The frame.append method is deprecated and will be removed from pandas in a future version. Use pandas.concat instead.
  df = df.append(
code/3d-unet/tensorrt/accuracy_kits.py:209: FutureWarning: The frame.append method is deprecated and will be removed from pandas in a future version. Use pandas.concat instead.
  df = df.append(
code/3d-unet/tensorrt/accuracy_kits.py:209: FutureWarning: The frame.append method is deprecated and will be removed from pandas in a future version. Use pandas.concat instead.
  df = df.append(
code/3d-unet/tensorrt/accuracy_kits.py:209: FutureWarning: The frame.append method is deprecated and will be removed from pandas in a future version. Use pandas.concat instead.
  df = df.append(
code/3d-unet/tensorrt/accuracy_kits.py:209: FutureWarning: The frame.append method is deprecated and will be removed from pandas in a future version. Use pandas.concat instead.
  df = df.append(
code/3d-unet/tensorrt/accuracy_kits.py:209: FutureWarning: The frame.append method is deprecated and will be removed from pandas in a future version. Use pandas.concat instead.
  df = df.append(
code/3d-unet/tensorrt/accuracy_kits.py:209: FutureWarning: The frame.append method is deprecated and will be removed from pandas in a future version. Use pandas.concat instead.
  df = df.append(
code/3d-unet/tensorrt/accuracy_kits.py:209: FutureWarning: The frame.append method is deprecated and will be removed from pandas in a future version. Use pandas.concat instead.
  df = df.append(
code/3d-unet/tensorrt/accuracy_kits.py:209: FutureWarning: The frame.append method is deprecated and will be removed from pandas in a future version. Use pandas.concat instead.
  df = df.append(
code/3d-unet/tensorrt/accuracy_kits.py:209: FutureWarning: The frame.append method is deprecated and will be removed from pandas in a future version. Use pandas.concat instead.
  df = df.append(
code/3d-unet/tensorrt/accuracy_kits.py:209: FutureWarning: The frame.append method is deprecated and will be removed from pandas in a future version. Use pandas.concat instead.
  df = df.append(
code/3d-unet/tensorrt/accuracy_kits.py:209: FutureWarning: The frame.append method is deprecated and will be removed from pandas in a future version. Use pandas.concat instead.
  df = df.append(
code/3d-unet/tensorrt/accuracy_kits.py:209: FutureWarning: The frame.append method is deprecated and will be removed from pandas in a future version. Use pandas.concat instead.
  df = df.append(
code/3d-unet/tensorrt/accuracy_kits.py:209: FutureWarning: The frame.append method is deprecated and will be removed from pandas in a future version. Use pandas.concat instead.
  df = df.append(
code/3d-unet/tensorrt/accuracy_kits.py:209: FutureWarning: The frame.append method is deprecated and will be removed from pandas in a future version. Use pandas.concat instead.
  df = df.append(
code/3d-unet/tensorrt/accuracy_kits.py:209: FutureWarning: The frame.append method is deprecated and will be removed from pandas in a future version. Use pandas.concat instead.
  df = df.append(
code/3d-unet/tensorrt/accuracy_kits.py:209: FutureWarning: The frame.append method is deprecated and will be removed from pandas in a future version. Use pandas.concat instead.
  df = df.append(
code/3d-unet/tensorrt/accuracy_kits.py:209: FutureWarning: The frame.append method is deprecated and will be removed from pandas in a future version. Use pandas.concat instead.
  df = df.append(
code/3d-unet/tensorrt/accuracy_kits.py:209: FutureWarning: The frame.append method is deprecated and will be removed from pandas in a future version. Use pandas.concat instead.
  df = df.append(
code/3d-unet/tensorrt/accuracy_kits.py:209: FutureWarning: The frame.append method is deprecated and will be removed from pandas in a future version. Use pandas.concat instead.
  df = df.append(
code/3d-unet/tensorrt/accuracy_kits.py:209: FutureWarning: The frame.append method is deprecated and will be removed from pandas in a future version. Use pandas.concat instead.
  df = df.append(
code/3d-unet/tensorrt/accuracy_kits.py:209: FutureWarning: The frame.append method is deprecated and will be removed from pandas in a future version. Use pandas.concat instead.
  df = df.append(
code/3d-unet/tensorrt/accuracy_kits.py:209: FutureWarning: The frame.append method is deprecated and will be removed from pandas in a future version. Use pandas.concat instead.
  df = df.append(
code/3d-unet/tensorrt/accuracy_kits.py:209: FutureWarning: The frame.append method is deprecated and will be removed from pandas in a future version. Use pandas.concat instead.
  df = df.append(
code/3d-unet/tensorrt/accuracy_kits.py:209: FutureWarning: The frame.append method is deprecated and will be removed from pandas in a future version. Use pandas.concat instead.
  df = df.append(
code/3d-unet/tensorrt/accuracy_kits.py:209: FutureWarning: The frame.append method is deprecated and will be removed from pandas in a future version. Use pandas.concat instead.
  df = df.append(
code/3d-unet/tensorrt/accuracy_kits.py:209: FutureWarning: The frame.append method is deprecated and will be removed from pandas in a future version. Use pandas.concat instead.
  df = df.append(
code/3d-unet/tensorrt/accuracy_kits.py:209: FutureWarning: The frame.append method is deprecated and will be removed from pandas in a future version. Use pandas.concat instead.
  df = df.append(
code/3d-unet/tensorrt/accuracy_kits.py:209: FutureWarning: The frame.append method is deprecated and will be removed from pandas in a future version. Use pandas.concat instead.
  df = df.append(
code/3d-unet/tensorrt/accuracy_kits.py:209: FutureWarning: The frame.append method is deprecated and will be removed from pandas in a future version. Use pandas.concat instead.
  df = df.append(
code/3d-unet/tensorrt/accuracy_kits.py:209: FutureWarning: The frame.append method is deprecated and will be removed from pandas in a future version. Use pandas.concat instead.
  df = df.append(
code/3d-unet/tensorrt/accuracy_kits.py:209: FutureWarning: The frame.append method is deprecated and will be removed from pandas in a future version. Use pandas.concat instead.
  df = df.append(
code/3d-unet/tensorrt/accuracy_kits.py:209: FutureWarning: The frame.append method is deprecated and will be removed from pandas in a future version. Use pandas.concat instead.
  df = df.append(
code/3d-unet/tensorrt/accuracy_kits.py:209: FutureWarning: The frame.append method is deprecated and will be removed from pandas in a future version. Use pandas.concat instead.
  df = df.append(
code/3d-unet/tensorrt/accuracy_kits.py:209: FutureWarning: The frame.append method is deprecated and will be removed from pandas in a future version. Use pandas.concat instead.
  df = df.append(
code/3d-unet/tensorrt/accuracy_kits.py:209: FutureWarning: The frame.append method is deprecated and will be removed from pandas in a future version. Use pandas.concat instead.
  df = df.append(
code/3d-unet/tensorrt/accuracy_kits.py:209: FutureWarning: The frame.append method is deprecated and will be removed from pandas in a future version. Use pandas.concat instead.
  df = df.append(
code/3d-unet/tensorrt/accuracy_kits.py:209: FutureWarning: The frame.append method is deprecated and will be removed from pandas in a future version. Use pandas.concat instead.
  df = df.append(
code/3d-unet/tensorrt/accuracy_kits.py:209: FutureWarning: The frame.append method is deprecated and will be removed from pandas in a future version. Use pandas.concat instead.
  df = df.append(
code/3d-unet/tensorrt/accuracy_kits.py:209: FutureWarning: The frame.append method is deprecated and will be removed from pandas in a future version. Use pandas.concat instead.
  df = df.append(
code/3d-unet/tensorrt/accuracy_kits.py:209: FutureWarning: The frame.append method is deprecated and will be removed from pandas in a future version. Use pandas.concat instead.
  df = df.append(
Processing evaluation summary...
Accuracy: mean = 0.86236, kidney = 0.9350, tumor = 0.7897
Done!
 
======================== Result summaries: ========================

