[2024-12-05 22:15:13,714 main.py:229 INFO] Detected system ID: KnownSystem.RTX4090x1
[2024-12-05 22:15:14,048 harness.py:249 INFO] The harness will load 3 plugins: ['build/plugins/pixelShuffle3DPlugin/libpixelshuffle3dplugin.so', 'build/plugins/conv3D1X1X1K4Plugin/libconv3D1X1X1K4Plugin.so', 'build/plugins/conv3D3X3X3C1K32Plugin/libconv3D3X3X3C1K32Plugin.so']
[2024-12-05 22:15:14,048 generate_conf_files.py:107 INFO] Generated measurements/ entries for RTX4090x1_TRT/3d-unet-99.9/Offline
[2024-12-05 22:15:14,048 __init__.py:46 INFO] Running command: ./build/bin/harness_3dunet --plugins="build/plugins/pixelShuffle3DPlugin/libpixelshuffle3dplugin.so,build/plugins/conv3D1X1X1K4Plugin/libconv3D1X1X1K4Plugin.so,build/plugins/conv3D3X3X3C1K32Plugin/libconv3D3X3X3C1K32Plugin.so" --logfile_outdir="/cm-mount/home/arjun/gh_action_results/valid_results/RTX4090x1-nvidia_original-gpu-tensorrt-vdefault-default_config/3d-unet-99.9/offline/performance/run_1" --logfile_prefix="mlperf_log_" --performance_sample_count=43 --test_mode="PerformanceOnly" --gpu_copy_streams=1 --gpu_inference_streams=1 --use_deque_limit=true --gpu_batch_size=8 --map_path="data_maps/kits19/val_map.txt" --mlperf_conf_path="/home/cmuser/CM/repos/local/cache/870abc06f4204a94/inference/mlperf.conf" --tensor_path="build/preprocessed_data/KiTS19/inference/int8" --use_graphs=false --user_conf_path="/home/cmuser/CM/repos/gateoverflow@cm4mlops/script/generate-mlperf-inference-user-conf/tmp/ff410b57631f4a21ad720fc9011d2497.conf" --unet3d_sw_gaussian_patch_path="/home/cmuser/CM/repos/local/cache/a8c152aef5494496/preprocessed_data/KiTS19/etc/gaussian_patches.npy" --gpu_engines="./build/engines/RTX4090x1/3d-unet/Offline/3d-unet-Offline-gpu-b8-int8.custom_k_99_9_MaxP.plan" --max_dlas=0 --slice_overlap_patch_kernel_cg_impl=false --scenario Offline --model 3d-unet
[2024-12-05 22:15:14,048 __init__.py:53 INFO] Overriding Environment
benchmark : Benchmark.UNET3D
buffer_manager_thread_count : 0
data_dir : /home/cmuser/CM/repos/local/cache/a8c152aef5494496/data
gpu_batch_size : 8
gpu_copy_streams : 1
gpu_inference_streams : 1
input_dtype : int8
input_format : linear
log_dir : /home/cmuser/CM/repos/local/cache/7f727c82430f4c1e/repo/closed/NVIDIA/build/logs/2024.12.05-22.15.12
map_path : data_maps/kits19/val_map.txt
mlperf_conf_path : /home/cmuser/CM/repos/local/cache/870abc06f4204a94/inference/mlperf.conf
offline_expected_qps : 0.0
precision : int8
preprocessed_data_dir : /home/cmuser/CM/repos/local/cache/a8c152aef5494496/preprocessed_data
scenario : Scenario.Offline
slice_overlap_patch_kernel_cg_impl : False
system : SystemConfiguration(host_cpu_conf=CPUConfiguration(layout={CPU(name='AMD Ryzen 9 7950X 16-Core Processor', architecture=<CPUArchitecture.x86_64: AliasedName(name='x86_64', aliases=(), patterns=())>, core_count=16, threads_per_core=2): 1}), host_mem_conf=MemoryConfiguration(host_memory_capacity=Memory(quantity=131.080084, byte_suffix=<ByteSuffix.GB: (1000, 3)>, _num_bytes=131080084000), comparison_tolerance=0.05), accelerator_conf=AcceleratorConfiguration(layout=defaultdict(<class 'int'>, {GPU(name='NVIDIA GeForce RTX 4090', accelerator_type=<AcceleratorType.Discrete: AliasedName(name='Discrete', aliases=(), patterns=())>, vram=Memory(quantity=23.98828125, byte_suffix=<ByteSuffix.GiB: (1024, 3)>, _num_bytes=25757220864), max_power_limit=450.0, pci_id='0x268410DE', compute_sm=89): 1})), numa_conf=None, system_id='RTX4090x1')
tensor_path : build/preprocessed_data/KiTS19/inference/int8
test_mode : PerformanceOnly
unet3d_sw_gaussian_patch_path : /home/cmuser/CM/repos/local/cache/a8c152aef5494496/preprocessed_data/KiTS19/etc/gaussian_patches.npy
use_deque_limit : True
use_graphs : False
user_conf_path : /home/cmuser/CM/repos/gateoverflow@cm4mlops/script/generate-mlperf-inference-user-conf/tmp/ff410b57631f4a21ad720fc9011d2497.conf
system_id : RTX4090x1
config_name : RTX4090x1_3d-unet_Offline
workload_setting : WorkloadSetting(HarnessType.Custom, AccuracyTarget.k_99_9, PowerSetting.MaxP)
optimization_level : plugin-enabled
num_profiles : 1
config_ver : custom_k_99_9_MaxP
accuracy_level : 99.9%
inference_server : custom
skip_file_checks : False
power_limit : None
cpu_freq : None
&&&& RUNNING MLPerf_Inference_3DUNet_Harness # ./build/bin/harness_3dunet
[I] mlperf.conf path: /home/cmuser/CM/repos/local/cache/870abc06f4204a94/inference/mlperf.conf
[I] user.conf path: /home/cmuser/CM/repos/gateoverflow@cm4mlops/script/generate-mlperf-inference-user-conf/tmp/ff410b57631f4a21ad720fc9011d2497.conf
Creating QSL.
Finished Creating QSL.
Setting up SUT.
[I] [TRT] Loaded engine size: 31 MiB
[I] [TRT] [MemUsageChange] Init cuBLAS/cuBLASLt: CPU +0, GPU +8, now: CPU 85, GPU 2235 (MiB)
[I] [TRT] [MemUsageChange] Init cuDNN: CPU +0, GPU +10, now: CPU 85, GPU 2245 (MiB)
[I] [TRT] [MemUsageChange] TensorRT-managed allocation in engine deserialization: CPU +0, GPU +29, now: CPU 0, GPU 29 (MiB)
[I] Device:0: ./build/engines/RTX4090x1/3d-unet/Offline/3d-unet-Offline-gpu-b8-int8.custom_k_99_9_MaxP.plan has been successfully loaded.
[E] [TRT] 3: [runtime.cpp::~Runtime::401] Error Code 3: API Usage Error (Parameter check failed at: runtime/rt/runtime.cpp::~Runtime::401, condition: mEngineCounter.use_count() == 1 Destroying a runtime before destroying deserialized engines created by the runtime leads to undefined behavior.)
[I] [TRT] [MemUsageChange] Init cuBLAS/cuBLASLt: CPU +0, GPU +8, now: CPU 53, GPU 2949 (MiB)
[I] [TRT] [MemUsageChange] Init cuDNN: CPU +0, GPU +8, now: CPU 53, GPU 2957 (MiB)
[I] [TRT] [MemUsageChange] TensorRT-managed allocation in IExecutionContext creation: CPU +0, GPU +2218, now: CPU 0, GPU 2247 (MiB)
[I] Creating batcher thread: 0 EnableBatcherThreadPerDevice: true
Finished setting up SUT.
Starting warmup. Running for a minimum of 5 seconds.
Finished warmup. Ran for 5.43702s.
Starting running actual test.
================================================
MLPerf Results Summary
================================================
SUT name : Server_3DUNet
Scenario : Offline
Mode     : PerformanceOnly
Samples per second: 4.1674
Result is : VALID
  Min duration satisfied : Yes
  Min queries satisfied : Yes
  Early stopping satisfied: Yes

================================================
Additional Stats
================================================
Min latency (ns)                : 186413561
Max latency (ns)                : 639727935339
Mean latency (ns)               : 319919364602
50.00 percentile latency (ns)   : 319934525022
90.00 percentile latency (ns)   : 575993665389
95.00 percentile latency (ns)   : 607174350866
97.00 percentile latency (ns)   : 620943020267
99.00 percentile latency (ns)   : 633768110729
99.90 percentile latency (ns)   : 639301049167

================================================
Test Parameters Used
================================================
samples_per_query : 2666
target_qps : 4.04
target_latency (ns): 0
max_async_queries : 1
min_duration (ms): 600000
max_duration (ms): 0
min_query_count : 1
max_query_count : 0
qsl_rng_seed : 3066443479025735752
sample_index_rng_seed : 10688027786191513374
schedule_rng_seed : 14962580496156340209
accuracy_log_rng_seed : 0
accuracy_log_probability : 0
accuracy_log_sampling_target : 0
print_timestamps : 0
performance_issue_unique : 0
performance_issue_same : 0
performance_issue_same_index : 0
performance_sample_count : 43

No warnings encountered during test.

No errors encountered during test.
Finished running actual test.
Device Device:0 processed:
  496 batches of size 2
  124 batches of size 3
  434 batches of size 4
  186 batches of size 5
  20894 batches of size 8
  Memcpy Calls: 0
  PerSampleCudaMemcpy Calls: 2666
  BatchedCudaMemcpy Calls: 0
&&&& PASSED MLPerf_Inference_3DUNet_Harness # ./build/bin/harness_3dunet
[2024-12-05 22:26:01,519 run_harness.py:166 INFO] Result: result_samples_per_second: 4.1674, Result is VALID
 
======================== Result summaries: ========================

