[2024-12-07 00:05:31,380 main.py:229 INFO] Detected system ID: KnownSystem.RTX4090x2
[2024-12-07 00:05:31,712 generate_conf_files.py:107 INFO] Generated measurements/ entries for RTX4090x2_TRT/bert-99/SingleStream
[2024-12-07 00:05:31,712 __init__.py:46 INFO] Running command: ./build/bin/harness_bert --logfile_outdir="/cm-mount/home/arjun/gh_action_results/valid_results/RTX4090x2-nvidia_original-gpu-tensorrt-vdefault-default_config/bert-99/singlestream/performance/run_1" --logfile_prefix="mlperf_log_" --performance_sample_count=10833 --test_mode="PerformanceOnly" --gpu_batch_size=1 --mlperf_conf_path="/home/cmuser/CM/repos/local/cache/3e720d0c42924933/inference/mlperf.conf" --tensor_path="build/preprocessed_data/squad_tokenized/input_ids.npy,build/preprocessed_data/squad_tokenized/segment_ids.npy,build/preprocessed_data/squad_tokenized/input_mask.npy" --use_graphs=true --user_conf_path="/home/cmuser/CM/repos/gateoverflow@cm4mlops/script/generate-mlperf-inference-user-conf/tmp/b32c6f9221c04085beecc403137ec273.conf" --gpu_inference_streams=1 --gpu_copy_streams=1 --gpu_engines="./build/engines/RTX4090x2/bert/SingleStream/bert-SingleStream-gpu-int8_S_384_B_1_P_1_vs.custom_k_99_MaxP.plan" --scenario SingleStream --model bert
[2024-12-07 00:05:31,712 __init__.py:53 INFO] Overriding Environment
benchmark : Benchmark.BERT
buffer_manager_thread_count : 0
coalesced_tensor : True
data_dir : /home/cmuser/CM/repos/local/cache/e066920512fd47b7/data
gpu_batch_size : 1
gpu_copy_streams : 1
gpu_inference_streams : 1
input_dtype : int32
input_format : linear
log_dir : /home/cmuser/CM/repos/local/cache/f042d2560d924ad6/repo/closed/NVIDIA/build/logs/2024.12.07-00.05.29
mlperf_conf_path : /home/cmuser/CM/repos/local/cache/3e720d0c42924933/inference/mlperf.conf
precision : int8
preprocessed_data_dir : /home/cmuser/CM/repos/local/cache/e066920512fd47b7/preprocessed_data
scenario : Scenario.SingleStream
single_stream_expected_latency_ns : 0
system : SystemConfiguration(host_cpu_conf=CPUConfiguration(layout={CPU(name='Intel(R) Xeon(R) w7-2495X', architecture=<CPUArchitecture.x86_64: AliasedName(name='x86_64', aliases=(), patterns=())>, core_count=24, threads_per_core=2): 1}), host_mem_conf=MemoryConfiguration(host_memory_capacity=Memory(quantity=197.330052, byte_suffix=<ByteSuffix.GB: (1000, 3)>, _num_bytes=197330052000), comparison_tolerance=0.05), accelerator_conf=AcceleratorConfiguration(layout=defaultdict(<class 'int'>, {GPU(name='NVIDIA GeForce RTX 4090', accelerator_type=<AcceleratorType.Discrete: AliasedName(name='Discrete', aliases=(), patterns=())>, vram=Memory(quantity=23.98828125, byte_suffix=<ByteSuffix.GiB: (1024, 3)>, _num_bytes=25757220864), max_power_limit=450.0, pci_id='0x268410DE', compute_sm=89): 1, GPU(name='NVIDIA GeForce RTX 4090', accelerator_type=<AcceleratorType.Discrete: AliasedName(name='Discrete', aliases=(), patterns=())>, vram=Memory(quantity=23.98828125, byte_suffix=<ByteSuffix.GiB: (1024, 3)>, _num_bytes=25757220864), max_power_limit=500.0, pci_id='0x268410DE', compute_sm=89): 1})), numa_conf=None, system_id='RTX4090x2')
tensor_path : build/preprocessed_data/squad_tokenized/input_ids.npy,build/preprocessed_data/squad_tokenized/segment_ids.npy,build/preprocessed_data/squad_tokenized/input_mask.npy
test_mode : PerformanceOnly
use_graphs : True
use_small_tile_gemm_plugin : False
user_conf_path : /home/cmuser/CM/repos/gateoverflow@cm4mlops/script/generate-mlperf-inference-user-conf/tmp/b32c6f9221c04085beecc403137ec273.conf
system_id : RTX4090x2
config_name : RTX4090x2_bert_SingleStream
workload_setting : WorkloadSetting(HarnessType.Custom, AccuracyTarget.k_99, PowerSetting.MaxP)
optimization_level : plugin-enabled
num_profiles : 1
config_ver : custom_k_99_MaxP
accuracy_level : 99%
inference_server : custom
skip_file_checks : True
power_limit : None
cpu_freq : None
&&&& RUNNING BERT_HARNESS # ./build/bin/harness_bert
I1207 00:05:31.998158 12245 main_bert.cc:163] Found 2 GPUs
I1207 00:05:32.348340 12245 bert_server.cc:147] Engine Path: ./build/engines/RTX4090x2/bert/SingleStream/bert-SingleStream-gpu-int8_S_384_B_1_P_1_vs.custom_k_99_MaxP.plan
[I] [TRT] Loaded engine size: 352 MiB
[I] [TRT] Loaded engine size: 352 MiB
[W] [TRT] Using an engine plan file across different models of devices is not recommended and is likely to affect performance or even cause errors.
[I] [TRT] [MemUsageChange] Init cuBLAS/cuBLASLt: CPU +6, GPU +8, now: CPU 591, GPU 1163 (MiB)
[I] [TRT] [MemUsageChange] Init cuDNN: CPU +2, GPU +10, now: CPU 593, GPU 1173 (MiB)
[I] [TRT] [MemUsageChange] TensorRT-managed allocation in engine deserialization: CPU +0, GPU +581, now: CPU 0, GPU 581 (MiB)
[I] [TRT] [MemUsageChange] Init cuBLAS/cuBLASLt: CPU +6, GPU +8, now: CPU 543, GPU 871 (MiB)
[I] [TRT] [MemUsageChange] Init cuDNN: CPU +1, GPU +10, now: CPU 544, GPU 881 (MiB)
[I] [TRT] [MemUsageChange] TensorRT-managed allocation in engine deserialization: CPU +0, GPU +291, now: CPU 0, GPU 581 (MiB)
I1207 00:05:35.820569 12245 bert_server.cc:208] Engines Creation Completed
I1207 00:05:35.856583 12245 bert_server.cc:213] Use CUDA graphs
I1207 00:05:35.856909 12245 bert_core_vs.cc:385] Engine - Device Memory requirements: 2753024
I1207 00:05:35.856913 12245 bert_core_vs.cc:393] Engine - Number of Optimization Profiles: 1
I1207 00:05:35.856923 12245 bert_core_vs.cc:415] Engine - Profile 0 maxDims 384 Bmax=1 Smax=384
[I] [TRT] [MemUsageChange] Init cuBLAS/cuBLASLt: CPU +0, GPU +8, now: CPU 191, GPU 1169 (MiB)
[I] [TRT] [MemUsageChange] Init cuDNN: CPU +0, GPU +8, now: CPU 191, GPU 1177 (MiB)
I1207 00:05:36.117704 12245 bert_core_vs.cc:426] Setting Opt.Prof. to 0
[I] [TRT] [MemUsageChange] TensorRT-managed allocation in IExecutionContext creation: CPU +1, GPU +0, now: CPU 1, GPU 581 (MiB)
I1207 00:05:36.117802 12245 bert_core_vs.cc:444] Context creation complete. Max supported batchSize: 1
I1207 00:05:36.117921 12245 bert_core_vs.cc:476] Setup complete
I1207 00:05:36.118341 12245 bert_core_vs.cc:385] Engine - Device Memory requirements: 2753024
I1207 00:05:36.118345 12245 bert_core_vs.cc:393] Engine - Number of Optimization Profiles: 1
I1207 00:05:36.118346 12245 bert_core_vs.cc:415] Engine - Profile 0 maxDims 384 Bmax=1 Smax=384
[I] [TRT] [MemUsageChange] Init cuBLAS/cuBLASLt: CPU +0, GPU +8, now: CPU 253, GPU 877 (MiB)
[I] [TRT] [MemUsageChange] Init cuDNN: CPU +2, GPU +8, now: CPU 255, GPU 885 (MiB)
I1207 00:05:36.460786 12245 bert_core_vs.cc:426] Setting Opt.Prof. to 0
I1207 00:05:36.461042 12245 bert_core_vs.cc:444] Context creation complete. Max supported batchSize: 1
[I] [TRT] [MemUsageChange] TensorRT-managed allocation in IExecutionContext creation: CPU +0, GPU +0, now: CPU 1, GPU 581 (MiB)
I1207 00:05:36.461542 12245 bert_core_vs.cc:476] Setup complete
I1207 00:05:36.853327 12255 bert_core_vs.cc:352] Created 96 CUDA graphs
I1207 00:05:36.962901 12257 bert_core_vs.cc:352] Created 96 CUDA graphs
I1207 00:05:36.967470 12245 main_bert.cc:184] Starting running actual test.
I1207 00:15:50.949328 12245 main_bert.cc:190] Finished running actual test.
================================================
MLPerf Results Summary
================================================
SUT name : BERT SERVER
Scenario : SingleStream
Mode     : PerformanceOnly
90th percentile latency (ns) : 1062408
Result is : VALID
  Min duration satisfied : Yes
  Min queries satisfied : Yes
  Early stopping satisfied: Yes
Early Stopping Result:
 * Processed at least 64 queries (621845).
 * Would discard 61633 highest latency queries.
 * Early stopping 90th percentile estimate: 1063227
 * Early stopping 99th percentile estimate: 1226933

================================================
Additional Stats
================================================
QPS w/ loadgen overhead         : 1036.41
QPS w/o loadgen overhead        : 1047.42

Min latency (ns)                : 866673
Max latency (ns)                : 7084971
Mean latency (ns)               : 954731
50.00 percentile latency (ns)   : 931061
90.00 percentile latency (ns)   : 1062408
95.00 percentile latency (ns)   : 1161257
97.00 percentile latency (ns)   : 1203420
99.00 percentile latency (ns)   : 1226476
99.90 percentile latency (ns)   : 1364854

================================================
Test Parameters Used
================================================
samples_per_query : 1
target_qps : 2000
target_latency (ns): 0
max_async_queries : 1
min_duration (ms): 600000
max_duration (ms): 660000
min_query_count : 100
max_query_count : 0
qsl_rng_seed : 3066443479025735752
sample_index_rng_seed : 10688027786191513374
schedule_rng_seed : 14962580496156340209
accuracy_log_rng_seed : 0
accuracy_log_probability : 0
accuracy_log_sampling_target : 0
print_timestamps : 0
performance_issue_unique : 0
performance_issue_same : 0
performance_issue_same_index : 0
performance_sample_count : 10833

No warnings encountered during test.

No errors encountered during test.
[2024-12-07 00:15:51,556 run_harness.py:166 INFO] Result: result_90.00_percentile_latency_ns: 1062408, Result is VALID
 
======================== Result summaries: ========================

