[2024-12-31 21:07:11,102 main.py:229 INFO] Detected system ID: KnownSystem.RTX4090x2
[2024-12-31 21:07:11,417 generate_conf_files.py:107 INFO] Generated measurements/ entries for RTX4090x2_TRT/bert-99.9/SingleStream
[2024-12-31 21:07:11,417 __init__.py:46 INFO] Running command: ./build/bin/harness_bert --logfile_outdir="/cm-mount/home/arjun/gh_action_results/valid_results/RTX4090x2-nvidia_original-gpu-tensorrt-vdefault-default_config/bert-99.9/singlestream/performance/run_1" --logfile_prefix="mlperf_log_" --performance_sample_count=10833 --test_mode="PerformanceOnly" --gpu_batch_size=1 --mlperf_conf_path="/home/cmuser/CM/repos/local/cache/fe9ab9b6109f4c4b/inference/mlperf.conf" --tensor_path="build/preprocessed_data/squad_tokenized/input_ids.npy,build/preprocessed_data/squad_tokenized/segment_ids.npy,build/preprocessed_data/squad_tokenized/input_mask.npy" --use_graphs=true --user_conf_path="/home/cmuser/CM/repos/mlcommons@mlperf-automations/script/generate-mlperf-inference-user-conf/tmp/976e683a97e44ee3ba49f4814129a9b6.conf" --gpu_inference_streams=1 --gpu_copy_streams=1 --gpu_engines="./build/engines/RTX4090x2/bert/SingleStream/bert-SingleStream-gpu-fp16_S_384_B_1_P_1_vs.custom_k_99_9_MaxP.plan" --scenario SingleStream --model bert
[2024-12-31 21:07:11,417 __init__.py:53 INFO] Overriding Environment
benchmark : Benchmark.BERT
buffer_manager_thread_count : 0
coalesced_tensor : True
data_dir : /home/cmuser/CM/repos/local/cache/4db00c74da1e44c8/data
gpu_batch_size : 1
gpu_copy_streams : 1
gpu_inference_streams : 1
input_dtype : int32
input_format : linear
log_dir : /home/cmuser/CM/repos/local/cache/94a57f78972843c6/repo/closed/NVIDIA/build/logs/2024.12.31-21.07.09
mlperf_conf_path : /home/cmuser/CM/repos/local/cache/fe9ab9b6109f4c4b/inference/mlperf.conf
precision : fp16
preprocessed_data_dir : /home/cmuser/CM/repos/local/cache/4db00c74da1e44c8/preprocessed_data
scenario : Scenario.SingleStream
single_stream_expected_latency_ns : 0
system : SystemConfiguration(host_cpu_conf=CPUConfiguration(layout={CPU(name='Intel(R) Xeon(R) w7-2495X', architecture=<CPUArchitecture.x86_64: AliasedName(name='x86_64', aliases=(), patterns=())>, core_count=24, threads_per_core=2): 1}), host_mem_conf=MemoryConfiguration(host_memory_capacity=Memory(quantity=197.334532, byte_suffix=<ByteSuffix.GB: (1000, 3)>, _num_bytes=197334532000), comparison_tolerance=0.05), accelerator_conf=AcceleratorConfiguration(layout=defaultdict(<class 'int'>, {GPU(name='NVIDIA GeForce RTX 4090', accelerator_type=<AcceleratorType.Discrete: AliasedName(name='Discrete', aliases=(), patterns=())>, vram=Memory(quantity=23.98828125, byte_suffix=<ByteSuffix.GiB: (1024, 3)>, _num_bytes=25757220864), max_power_limit=450.0, pci_id='0x268410DE', compute_sm=89): 1, GPU(name='NVIDIA GeForce RTX 4090', accelerator_type=<AcceleratorType.Discrete: AliasedName(name='Discrete', aliases=(), patterns=())>, vram=Memory(quantity=23.98828125, byte_suffix=<ByteSuffix.GiB: (1024, 3)>, _num_bytes=25757220864), max_power_limit=500.0, pci_id='0x268410DE', compute_sm=89): 1})), numa_conf=None, system_id='RTX4090x2')
tensor_path : build/preprocessed_data/squad_tokenized/input_ids.npy,build/preprocessed_data/squad_tokenized/segment_ids.npy,build/preprocessed_data/squad_tokenized/input_mask.npy
test_mode : PerformanceOnly
use_graphs : True
use_small_tile_gemm_plugin : False
user_conf_path : /home/cmuser/CM/repos/mlcommons@mlperf-automations/script/generate-mlperf-inference-user-conf/tmp/976e683a97e44ee3ba49f4814129a9b6.conf
system_id : RTX4090x2
config_name : RTX4090x2_bert_SingleStream
workload_setting : WorkloadSetting(HarnessType.Custom, AccuracyTarget.k_99_9, PowerSetting.MaxP)
optimization_level : plugin-enabled
num_profiles : 1
config_ver : custom_k_99_9_MaxP
accuracy_level : 99.9%
inference_server : custom
skip_file_checks : True
power_limit : None
cpu_freq : None
&&&& RUNNING BERT_HARNESS # ./build/bin/harness_bert
I1231 21:07:11.469818 10578 main_bert.cc:163] Found 2 GPUs
I1231 21:07:11.586555 10578 bert_server.cc:147] Engine Path: ./build/engines/RTX4090x2/bert/SingleStream/bert-SingleStream-gpu-fp16_S_384_B_1_P_1_vs.custom_k_99_9_MaxP.plan
[I] [TRT] Loaded engine size: 638 MiB
[I] [TRT] Loaded engine size: 638 MiB
[W] [TRT] Using an engine plan file across different models of devices is not recommended and is likely to affect performance or even cause errors.
[I] [TRT] [MemUsageChange] Init cuBLAS/cuBLASLt: CPU +68, GPU +10, now: CPU 823, GPU 1449 (MiB)
[I] [TRT] [MemUsageChange] Init cuDNN: CPU +1, GPU +10, now: CPU 824, GPU 1459 (MiB)
[I] [TRT] [MemUsageChange] TensorRT-managed allocation in engine deserialization: CPU +0, GPU +1152, now: CPU 0, GPU 1152 (MiB)
[I] [TRT] [MemUsageChange] Init cuBLAS/cuBLASLt: CPU +6, GPU +10, now: CPU 832, GPU 1192 (MiB)
[I] [TRT] [MemUsageChange] Init cuDNN: CPU +1, GPU +10, now: CPU 833, GPU 1202 (MiB)
[I] [TRT] [MemUsageChange] TensorRT-managed allocation in engine deserialization: CPU +0, GPU +576, now: CPU 0, GPU 1152 (MiB)
I1231 21:07:12.144311 10578 bert_server.cc:208] Engines Creation Completed
I1231 21:07:12.168295 10578 bert_server.cc:213] Use CUDA graphs
I1231 21:07:12.168437 10578 bert_core_vs.cc:385] Engine - Device Memory requirements: 8652288
I1231 21:07:12.168440 10578 bert_core_vs.cc:393] Engine - Number of Optimization Profiles: 1
I1231 21:07:12.168445 10578 bert_core_vs.cc:415] Engine - Profile 0 maxDims 384 Bmax=1 Smax=384
[I] [TRT] [MemUsageChange] Init cuBLAS/cuBLASLt: CPU +0, GPU +8, now: CPU 195, GPU 1461 (MiB)
[I] [TRT] [MemUsageChange] Init cuDNN: CPU +0, GPU +8, now: CPU 195, GPU 1469 (MiB)
[I] [TRT] [MemUsageChange] TensorRT-managed allocation in IExecutionContext creation: CPU +1, GPU +0, now: CPU 1, GPU 1152 (MiB)
I1231 21:07:12.202661 10578 bert_core_vs.cc:426] Setting Opt.Prof. to 0
I1231 21:07:12.202687 10578 bert_core_vs.cc:444] Context creation complete. Max supported batchSize: 1
I1231 21:07:12.202752 10578 bert_core_vs.cc:476] Setup complete
I1231 21:07:12.202900 10578 bert_core_vs.cc:385] Engine - Device Memory requirements: 8652288
I1231 21:07:12.202903 10578 bert_core_vs.cc:393] Engine - Number of Optimization Profiles: 1
I1231 21:07:12.202906 10578 bert_core_vs.cc:415] Engine - Profile 0 maxDims 384 Bmax=1 Smax=384
[I] [TRT] [MemUsageChange] Init cuBLAS/cuBLASLt: CPU +2, GPU +8, now: CPU 259, GPU 1204 (MiB)
[I] [TRT] [MemUsageChange] Init cuDNN: CPU +0, GPU +8, now: CPU 259, GPU 1212 (MiB)
I1231 21:07:12.239107 10578 bert_core_vs.cc:426] Setting Opt.Prof. to 0
I1231 21:07:12.239121 10578 bert_core_vs.cc:444] Context creation complete. Max supported batchSize: 1
I1231 21:07:12.239183 10578 bert_core_vs.cc:476] Setup complete
[I] [TRT] [MemUsageChange] TensorRT-managed allocation in IExecutionContext creation: CPU +1, GPU +0, now: CPU 2, GPU 1152 (MiB)
I1231 21:07:12.468290 10588 bert_core_vs.cc:352] Created 96 CUDA graphs
I1231 21:07:12.506110 10590 bert_core_vs.cc:352] Created 96 CUDA graphs
I1231 21:07:12.510797 10578 main_bert.cc:184] Starting running actual test.
I1231 21:17:14.093286 10578 main_bert.cc:190] Finished running actual test.
================================================
MLPerf Results Summary
================================================
SUT name : BERT SERVER
Scenario : SingleStream
Mode     : PerformanceOnly
90th percentile latency (ns) : 2174055
Result is : VALID
  Min duration satisfied : Yes
  Min queries satisfied : Yes
  Early stopping satisfied: Yes
Early Stopping Result:
 * Processed at least 64 queries (391000).
 * Would discard 38662 highest latency queries.
 * Early stopping 90th percentile estimate: 2175143
 * Early stopping 99th percentile estimate: 2640115

================================================
Additional Stats
================================================
QPS w/ loadgen overhead         : 651.66
QPS w/o loadgen overhead        : 654.43

Min latency (ns)                : 1165734
Max latency (ns)                : 2961663
Mean latency (ns)               : 1528053
50.00 percentile latency (ns)   : 1443355
90.00 percentile latency (ns)   : 2174055
95.00 percentile latency (ns)   : 2442036
97.00 percentile latency (ns)   : 2611248
99.00 percentile latency (ns)   : 2639244
99.90 percentile latency (ns)   : 2664446

================================================
Test Parameters Used
================================================
samples_per_query : 1
target_qps : 2000
target_latency (ns): 0
max_async_queries : 1
min_duration (ms): 600000
max_duration (ms): 660000
min_query_count : 100
max_query_count : 0
qsl_rng_seed : 3066443479025735752
sample_index_rng_seed : 10688027786191513374
schedule_rng_seed : 14962580496156340209
accuracy_log_rng_seed : 0
accuracy_log_probability : 0
accuracy_log_sampling_target : 0
print_timestamps : 0
performance_issue_unique : 0
performance_issue_same : 0
performance_issue_same_index : 0
performance_sample_count : 10833

No warnings encountered during test.

No errors encountered during test.
[2024-12-31 21:17:14,318 run_harness.py:166 INFO] Result: result_90.00_percentile_latency_ns: 2174055, Result is VALID
 
======================== Result summaries: ========================

