[2025-02-03 19:06:15,101 main.py:229 INFO] Detected system ID: KnownSystem.e486ed3b0ac4
[2025-02-03 19:06:15,609 generate_conf_files.py:107 INFO] Generated measurements/ entries for e486ed3b0ac4_TRT/bert-99.9/Offline
[2025-02-03 19:06:15,609 __init__.py:46 INFO] Running command: ./build/bin/harness_bert --logfile_outdir="/mlc-mount/home/arjun/gh_action_results/valid_results/RTX4090x1-nvidia_original-gpu-tensorrt-vdefault-default_config/bert-99.9/offline/performance/run_1" --logfile_prefix="mlperf_log_" --performance_sample_count=10833 --test_mode="PerformanceOnly" --gpu_batch_size=256 --mlperf_conf_path="/home/mlcuser/MLC/repos/local/cache/get-git-repo_b25187cb/inference/mlperf.conf" --tensor_path="build/preprocessed_data/squad_tokenized/input_ids.npy,build/preprocessed_data/squad_tokenized/segment_ids.npy,build/preprocessed_data/squad_tokenized/input_mask.npy" --use_graphs=false --user_conf_path="/home/mlcuser/MLC/repos/mlcommons@mlperf-automations/script/generate-mlperf-inference-user-conf/tmp/091248d7777a4d358c8864087b9b282d.conf" --gpu_inference_streams=2 --gpu_copy_streams=2 --gpu_engines="./build/engines/e486ed3b0ac4/bert/Offline/bert-Offline-gpu-fp16_S_384_B_256_P_2_vs.custom_k_99_9_MaxP.plan" --scenario Offline --model bert
[2025-02-03 19:06:15,609 __init__.py:53 INFO] Overriding Environment
benchmark : Benchmark.BERT
buffer_manager_thread_count : 0
coalesced_tensor : True
data_dir : /home/mlcuser/MLC/repos/local/cache/get-mlperf-inference-nvidia-scratch-space_fe95ede4/data
gpu_batch_size : 256
gpu_copy_streams : 2
gpu_inference_streams : 2
input_dtype : int32
input_format : linear
log_dir : /home/mlcuser/MLC/repos/local/cache/get-git-repo_e7fa5107/repo/closed/NVIDIA/build/logs/2025.02.03-19.06.14
mlperf_conf_path : /home/mlcuser/MLC/repos/local/cache/get-git-repo_b25187cb/inference/mlperf.conf
offline_expected_qps : 0.0
precision : fp16
preprocessed_data_dir : /home/mlcuser/MLC/repos/local/cache/get-mlperf-inference-nvidia-scratch-space_fe95ede4/preprocessed_data
scenario : Scenario.Offline
system : SystemConfiguration(host_cpu_conf=CPUConfiguration(layout={CPU(name='AMD Ryzen 9 7950X 16-Core Processor', architecture=<CPUArchitecture.x86_64: AliasedName(name='x86_64', aliases=(), patterns=())>, core_count=16, threads_per_core=2): 1}), host_mem_conf=MemoryConfiguration(host_memory_capacity=Memory(quantity=131.080068, byte_suffix=<ByteSuffix.GB: (1000, 3)>, _num_bytes=131080068000), comparison_tolerance=0.05), accelerator_conf=AcceleratorConfiguration(layout=defaultdict(<class 'int'>, {GPU(name='NVIDIA GeForce RTX 4090', accelerator_type=<AcceleratorType.Discrete: AliasedName(name='Discrete', aliases=(), patterns=())>, vram=Memory(quantity=23.98828125, byte_suffix=<ByteSuffix.GiB: (1024, 3)>, _num_bytes=25757220864), max_power_limit=450.0, pci_id='0x268410DE', compute_sm=89): 1})), numa_conf=None, system_id='e486ed3b0ac4')
tensor_path : build/preprocessed_data/squad_tokenized/input_ids.npy,build/preprocessed_data/squad_tokenized/segment_ids.npy,build/preprocessed_data/squad_tokenized/input_mask.npy
test_mode : PerformanceOnly
use_graphs : False
user_conf_path : /home/mlcuser/MLC/repos/mlcommons@mlperf-automations/script/generate-mlperf-inference-user-conf/tmp/091248d7777a4d358c8864087b9b282d.conf
system_id : e486ed3b0ac4
config_name : e486ed3b0ac4_bert_Offline
workload_setting : WorkloadSetting(HarnessType.Custom, AccuracyTarget.k_99_9, PowerSetting.MaxP)
optimization_level : plugin-enabled
num_profiles : 2
config_ver : custom_k_99_9_MaxP
accuracy_level : 99.9%
inference_server : custom
skip_file_checks : True
power_limit : None
cpu_freq : None
&&&& RUNNING BERT_HARNESS # ./build/bin/harness_bert
I0203 19:06:15.665972 17560 main_bert.cc:164] Found 1 GPUs
I0203 19:06:16.058070 17560 bert_server.cc:147] Engine Path: ./build/engines/e486ed3b0ac4/bert/Offline/bert-Offline-gpu-fp16_S_384_B_256_P_2_vs.custom_k_99_9_MaxP.plan
[I] [TRT] Loaded engine size: 699 MiB
[I] [TRT] [MemUsageChange] Init cuBLAS/cuBLASLt: CPU +6, GPU +10, now: CPU 863, GPU 1518 (MiB)
[I] [TRT] [MemUsageChange] Init cuDNN: CPU +2, GPU +10, now: CPU 865, GPU 1528 (MiB)
[I] [TRT] [MemUsageChange] TensorRT-managed allocation in engine deserialization: CPU +0, GPU +576, now: CPU 0, GPU 576 (MiB)
I0203 19:06:16.541123 17560 bert_server.cc:208] Engines Creation Completed
I0203 19:06:16.578122 17560 bert_core_vs.cc:385] Engine - Device Memory requirements: 1409287680
I0203 19:06:16.578128 17560 bert_core_vs.cc:393] Engine - Number of Optimization Profiles: 2
I0203 19:06:16.578133 17560 bert_core_vs.cc:415] Engine - Profile 0 maxDims 98304 Bmax=256 Smax=384
[I] [TRT] [MemUsageChange] Init cuBLAS/cuBLASLt: CPU +1, GPU +8, now: CPU 166, GPU 2866 (MiB)
[I] [TRT] [MemUsageChange] Init cuDNN: CPU +0, GPU +8, now: CPU 166, GPU 2874 (MiB)
I0203 19:06:16.632390 17560 bert_core_vs.cc:426] Setting Opt.Prof. to 0
[I] [TRT] [MemUsageChange] TensorRT-managed allocation in IExecutionContext creation: CPU +1, GPU +0, now: CPU 1, GPU 576 (MiB)
I0203 19:06:16.632411 17560 bert_core_vs.cc:444] Context creation complete. Max supported batchSize: 256
I0203 19:06:16.633322 17560 bert_core_vs.cc:476] Setup complete
I0203 19:06:16.633496 17560 bert_core_vs.cc:385] Engine - Device Memory requirements: 1409287680
I0203 19:06:16.633500 17560 bert_core_vs.cc:393] Engine - Number of Optimization Profiles: 2
I0203 19:06:16.633502 17560 bert_core_vs.cc:415] Engine - Profile 1 maxDims 98304 Bmax=256 Smax=384
[I] [TRT] [MemUsageChange] Init cuBLAS/cuBLASLt: CPU +0, GPU +8, now: CPU 289, GPU 4352 (MiB)
[I] [TRT] [MemUsageChange] Init cuDNN: CPU +0, GPU +10, now: CPU 289, GPU 4362 (MiB)
I0203 19:06:16.686866 17560 bert_core_vs.cc:426] Setting Opt.Prof. to 1
[I] [TRT] Could not set default profile 0 for execution context. Profile index must be set explicitly.
[I] [TRT] [MemUsageChange] TensorRT-managed allocation in IExecutionContext creation: CPU +0, GPU +0, now: CPU 1, GPU 576 (MiB)
I0203 19:06:16.687242 17560 bert_core_vs.cc:444] Context creation complete. Max supported batchSize: 256
I0203 19:06:16.688182 17560 bert_core_vs.cc:476] Setup complete
I0203 19:06:17.289959 17560 main_bert.cc:185] Starting running actual test.
I0203 19:19:35.066485 17560 main_bert.cc:191] Finished running actual test.
================================================
MLPerf Results Summary
================================================
SUT name : BERT SERVER
Scenario : Offline
Mode     : PerformanceOnly
Samples per second: 1671.64
Result is : VALID
  Min duration satisfied : Yes
  Min queries satisfied : Yes
  Early stopping satisfied: Yes

================================================
Additional Stats
================================================
Min latency (ns)                : 848433243
Max latency (ns)                : 797538705867
Mean latency (ns)               : 482514631933
50.00 percentile latency (ns)   : 513724464896
90.00 percentile latency (ns)   : 760491183362
95.00 percentile latency (ns)   : 782488677593
97.00 percentile latency (ns)   : 789701022653
99.00 percentile latency (ns)   : 795429748138
99.90 percentile latency (ns)   : 797406605979

================================================
Test Parameters Used
================================================
samples_per_query : 1333200
target_qps : 2020
target_latency (ns): 0
max_async_queries : 1
min_duration (ms): 600000
max_duration (ms): 0
min_query_count : 1
max_query_count : 0
qsl_rng_seed : 6023615788873153749
sample_index_rng_seed : 15036839855038426416
schedule_rng_seed : 9933818062894767841
accuracy_log_rng_seed : 0
accuracy_log_probability : 0
accuracy_log_sampling_target : 0
print_timestamps : 0
performance_issue_unique : 0
performance_issue_same : 0
performance_issue_same_index : 0
performance_sample_count : 10833

No warnings encountered during test.

No errors encountered during test.
[2025-02-03 19:19:35,344 run_harness.py:166 INFO] Result: result_samples_per_second: 1671.64, Result is VALID
 
======================== Result summaries: ========================

