[2024-11-21 18:05:36,726 main.py:229 INFO] Detected system ID: KnownSystem.RTX4090x1
[2024-11-21 18:05:36,968 generate_conf_files.py:107 INFO] Generated measurements/ entries for RTX4090x1_TRT/bert-99.9/Server
[2024-11-21 18:05:36,968 __init__.py:46 INFO] Running command: ./build/bin/harness_bert --logfile_outdir="/cm-mount/home/arjun/gh_action_results/valid_results/RTX4090x1-nvidia_original-gpu-tensorrt-vdefault-default_config/bert-99.9/server/accuracy" --logfile_prefix="mlperf_log_" --performance_sample_count=10833 --test_mode="AccuracyOnly" --gpu_batch_size=256 --mlperf_conf_path="/home/cmuser/CM/repos/local/cache/efcc245f978a4f0a/inference/mlperf.conf" --tensor_path="build/preprocessed_data/squad_tokenized/input_ids.npy,build/preprocessed_data/squad_tokenized/segment_ids.npy,build/preprocessed_data/squad_tokenized/input_mask.npy" --use_graphs=true --user_conf_path="/home/cmuser/CM/repos/gateoverflow@cm4mlops/script/generate-mlperf-inference-user-conf/tmp/a903fbacc06e4508bea43f275f07b281.conf" --gpu_inference_streams=2 --gpu_copy_streams=1 --gpu_engines="./build/engines/RTX4090x1/bert/Server/bert-Server-gpu-fp16_S_384_B_256_P_2_vs.custom_k_99_9_MaxP.plan" --scenario Server --model bert
[2024-11-21 18:05:36,968 __init__.py:53 INFO] Overriding Environment
benchmark : Benchmark.BERT
buffer_manager_thread_count : 0
coalesced_tensor : True
data_dir : /home/cmuser/CM/repos/local/cache/5b2b0cc913a4453a/data
gpu_batch_size : 256
gpu_copy_streams : 1
gpu_inference_streams : 2
input_dtype : int32
input_format : linear
log_dir : /home/cmuser/CM/repos/local/cache/6bf76155ad874a21/repo/closed/NVIDIA/build/logs/2024.11.21-18.05.35
mlperf_conf_path : /home/cmuser/CM/repos/local/cache/efcc245f978a4f0a/inference/mlperf.conf
precision : fp16
preprocessed_data_dir : /home/cmuser/CM/repos/local/cache/5b2b0cc913a4453a/preprocessed_data
scenario : Scenario.Server
server_target_qps : 0.0
server_target_qps_adj_factor : 0.0
system : SystemConfiguration(host_cpu_conf=CPUConfiguration(layout={CPU(name='13th Gen Intel(R) Core(TM) i9-13900K', architecture=<CPUArchitecture.x86_64: AliasedName(name='x86_64', aliases=(), patterns=())>, core_count=24, threads_per_core=1): 1}), host_mem_conf=MemoryConfiguration(host_memory_capacity=Memory(quantity=131.63446, byte_suffix=<ByteSuffix.GB: (1000, 3)>, _num_bytes=131634460000), comparison_tolerance=0.05), accelerator_conf=AcceleratorConfiguration(layout=defaultdict(<class 'int'>, {GPU(name='NVIDIA GeForce RTX 4090', accelerator_type=<AcceleratorType.Discrete: AliasedName(name='Discrete', aliases=(), patterns=())>, vram=Memory(quantity=23.98828125, byte_suffix=<ByteSuffix.GiB: (1024, 3)>, _num_bytes=25757220864), max_power_limit=450.0, pci_id='0x268410DE', compute_sm=89): 1})), numa_conf=None, system_id='RTX4090x1')
tensor_path : build/preprocessed_data/squad_tokenized/input_ids.npy,build/preprocessed_data/squad_tokenized/segment_ids.npy,build/preprocessed_data/squad_tokenized/input_mask.npy
test_mode : AccuracyOnly
use_graphs : True
use_small_tile_gemm_plugin : True
user_conf_path : /home/cmuser/CM/repos/gateoverflow@cm4mlops/script/generate-mlperf-inference-user-conf/tmp/a903fbacc06e4508bea43f275f07b281.conf
system_id : RTX4090x1
config_name : RTX4090x1_bert_Server
workload_setting : WorkloadSetting(HarnessType.Custom, AccuracyTarget.k_99_9, PowerSetting.MaxP)
optimization_level : plugin-enabled
num_profiles : 1
config_ver : custom_k_99_9_MaxP
accuracy_level : 99.9%
inference_server : custom
skip_file_checks : True
power_limit : None
cpu_freq : None
&&&& RUNNING BERT_HARNESS # ./build/bin/harness_bert
I1121 18:05:37.004773 21284 main_bert.cc:163] Found 1 GPUs
I1121 18:05:37.085880 21284 bert_server.cc:147] Engine Path: ./build/engines/RTX4090x1/bert/Server/bert-Server-gpu-fp16_S_384_B_256_P_2_vs.custom_k_99_9_MaxP.plan
[I] [TRT] Loaded engine size: 700 MiB
[I] [TRT] [MemUsageChange] Init cuBLAS/cuBLASLt: CPU +6, GPU +10, now: CPU 860, GPU 1511 (MiB)
[I] [TRT] [MemUsageChange] Init cuDNN: CPU +2, GPU +10, now: CPU 862, GPU 1521 (MiB)
[I] [TRT] [MemUsageChange] TensorRT-managed allocation in engine deserialization: CPU +0, GPU +576, now: CPU 0, GPU 576 (MiB)
I1121 18:05:37.458401 21284 bert_server.cc:208] Engines Creation Completed
I1121 18:05:37.478622 21284 bert_server.cc:213] Use CUDA graphs
I1121 18:05:37.478822 21284 bert_core_vs.cc:385] Engine - Device Memory requirements: 1409287680
I1121 18:05:37.478825 21284 bert_core_vs.cc:393] Engine - Number of Optimization Profiles: 2
I1121 18:05:37.478829 21284 bert_core_vs.cc:415] Engine - Profile 0 maxDims 98304 Bmax=256 Smax=384
[I] [TRT] [MemUsageChange] Init cuBLAS/cuBLASLt: CPU +0, GPU +8, now: CPU 162, GPU 2859 (MiB)
[I] [TRT] [MemUsageChange] Init cuDNN: CPU +0, GPU +8, now: CPU 162, GPU 2867 (MiB)
I1121 18:05:37.525640 21284 bert_core_vs.cc:426] Setting Opt.Prof. to 0
I1121 18:05:37.525673 21284 bert_core_vs.cc:444] Context creation complete. Max supported batchSize: 256
[I] [TRT] [MemUsageChange] TensorRT-managed allocation in IExecutionContext creation: CPU +1, GPU +0, now: CPU 1, GPU 576 (MiB)
I1121 18:05:37.525779 21284 bert_core_vs.cc:476] Setup complete
I1121 18:06:08.469739 21291 bert_core_vs.cc:352] Created 200 CUDA graphs
I1121 18:06:08.470014 21284 bert_core_vs.cc:385] Engine - Device Memory requirements: 1409287680
I1121 18:06:08.470019 21284 bert_core_vs.cc:393] Engine - Number of Optimization Profiles: 2
I1121 18:06:08.470022 21284 bert_core_vs.cc:415] Engine - Profile 1 maxDims 98304 Bmax=256 Smax=384
[I] [TRT] [MemUsageChange] Init cuBLAS/cuBLASLt: CPU +0, GPU +8, now: CPU 511, GPU 6573 (MiB)
[I] [TRT] [MemUsageChange] Init cuDNN: CPU +0, GPU +10, now: CPU 511, GPU 6583 (MiB)
I1121 18:06:08.515403 21284 bert_core_vs.cc:426] Setting Opt.Prof. to 1
[I] [TRT] Could not set default profile 0 for execution context. Profile index must be set explicitly.
[I] [TRT] [MemUsageChange] TensorRT-managed allocation in IExecutionContext creation: CPU +0, GPU +0, now: CPU 1, GPU 576 (MiB)
I1121 18:06:08.515699 21284 bert_core_vs.cc:444] Context creation complete. Max supported batchSize: 256
I1121 18:06:08.516240 21284 bert_core_vs.cc:476] Setup complete
I1121 18:06:39.604413 21293 bert_core_vs.cc:352] Created 200 CUDA graphs
I1121 18:06:40.215001 21284 main_bert.cc:184] Starting running actual test.
I1121 18:06:47.969859 21284 main_bert.cc:190] Finished running actual test.

No warnings encountered during test.

No errors encountered during test.
[2024-11-21 18:06:48,154 run_harness.py:166 INFO] Result: Accuracy run detected.
[2024-11-21 18:06:48,154 __init__.py:46 INFO] Running command: PYTHONPATH=code/bert/tensorrt/helpers python3 /home/cmuser/CM/repos/local/cache/6bf76155ad874a21/repo/closed/NVIDIA/build/inference/language/bert/accuracy-squad.py --log_file /cm-mount/home/arjun/gh_action_results/valid_results/RTX4090x1-nvidia_original-gpu-tensorrt-vdefault-default_config/bert-99.9/server/accuracy/mlperf_log_accuracy.json --vocab_file build/models/bert/vocab.txt --val_data /home/cmuser/CM/repos/local/cache/5b2b0cc913a4453a/data/squad/dev-v1.1.json --out_file /cm-mount/home/arjun/gh_action_results/valid_results/RTX4090x1-nvidia_original-gpu-tensorrt-vdefault-default_config/bert-99.9/server/accuracy/predictions.json --output_dtype float16
{"exact_match": 83.68968779564806, "f1": 90.88636511427569}
Reading examples...
Loading cached features from 'eval_features.pickle'...
Loading LoadGen logs...
Post-processing predictions...
Writing predictions to: /cm-mount/home/arjun/gh_action_results/valid_results/RTX4090x1-nvidia_original-gpu-tensorrt-vdefault-default_config/bert-99.9/server/accuracy/predictions.json
Evaluating predictions...
 
======================== Result summaries: ========================

