[2024-12-16 21:16:01,096 main.py:229 INFO] Detected system ID: KnownSystem.RTX4090x1
[2024-12-16 21:16:01,323 generate_conf_files.py:107 INFO] Generated measurements/ entries for RTX4090x1_TRT/bert-99.9/Server
[2024-12-16 21:16:01,323 __init__.py:46 INFO] Running command: ./build/bin/harness_bert --logfile_outdir="/cm-mount/home/arjun/gh_action_results/valid_results/RTX4090x1-nvidia_original-gpu-tensorrt-vdefault-default_config/bert-99.9/server/performance/run_1" --logfile_prefix="mlperf_log_" --performance_sample_count=10833 --test_mode="PerformanceOnly" --gpu_batch_size=256 --mlperf_conf_path="/home/cmuser/CM/repos/local/cache/9a9386b152ff4d03/inference/mlperf.conf" --tensor_path="build/preprocessed_data/squad_tokenized/input_ids.npy,build/preprocessed_data/squad_tokenized/segment_ids.npy,build/preprocessed_data/squad_tokenized/input_mask.npy" --use_graphs=true --user_conf_path="/home/cmuser/CM/repos/gateoverflow@cm4mlops/script/generate-mlperf-inference-user-conf/tmp/8d50449eacb64866894295b55f6103d7.conf" --gpu_inference_streams=2 --gpu_copy_streams=1 --gpu_engines="./build/engines/RTX4090x1/bert/Server/bert-Server-gpu-fp16_S_384_B_256_P_2_vs.custom_k_99_9_MaxP.plan" --scenario Server --model bert
[2024-12-16 21:16:01,323 __init__.py:53 INFO] Overriding Environment
benchmark : Benchmark.BERT
buffer_manager_thread_count : 0
coalesced_tensor : True
data_dir : /home/cmuser/CM/repos/local/cache/5b2b0cc913a4453a/data
gpu_batch_size : 256
gpu_copy_streams : 1
gpu_inference_streams : 2
input_dtype : int32
input_format : linear
log_dir : /home/cmuser/CM/repos/local/cache/6bf76155ad874a21/repo/closed/NVIDIA/build/logs/2024.12.16-21.16.00
mlperf_conf_path : /home/cmuser/CM/repos/local/cache/9a9386b152ff4d03/inference/mlperf.conf
precision : fp16
preprocessed_data_dir : /home/cmuser/CM/repos/local/cache/5b2b0cc913a4453a/preprocessed_data
scenario : Scenario.Server
server_target_qps : 0.0
server_target_qps_adj_factor : 0.0
system : SystemConfiguration(host_cpu_conf=CPUConfiguration(layout={CPU(name='13th Gen Intel(R) Core(TM) i9-13900K', architecture=<CPUArchitecture.x86_64: AliasedName(name='x86_64', aliases=(), patterns=())>, core_count=24, threads_per_core=1): 1}), host_mem_conf=MemoryConfiguration(host_memory_capacity=Memory(quantity=131.634476, byte_suffix=<ByteSuffix.GB: (1000, 3)>, _num_bytes=131634476000), comparison_tolerance=0.05), accelerator_conf=AcceleratorConfiguration(layout=defaultdict(<class 'int'>, {GPU(name='NVIDIA GeForce RTX 4090', accelerator_type=<AcceleratorType.Discrete: AliasedName(name='Discrete', aliases=(), patterns=())>, vram=Memory(quantity=23.98828125, byte_suffix=<ByteSuffix.GiB: (1024, 3)>, _num_bytes=25757220864), max_power_limit=450.0, pci_id='0x268410DE', compute_sm=89): 1})), numa_conf=None, system_id='RTX4090x1')
tensor_path : build/preprocessed_data/squad_tokenized/input_ids.npy,build/preprocessed_data/squad_tokenized/segment_ids.npy,build/preprocessed_data/squad_tokenized/input_mask.npy
test_mode : PerformanceOnly
use_graphs : True
use_small_tile_gemm_plugin : True
user_conf_path : /home/cmuser/CM/repos/gateoverflow@cm4mlops/script/generate-mlperf-inference-user-conf/tmp/8d50449eacb64866894295b55f6103d7.conf
system_id : RTX4090x1
config_name : RTX4090x1_bert_Server
workload_setting : WorkloadSetting(HarnessType.Custom, AccuracyTarget.k_99_9, PowerSetting.MaxP)
optimization_level : plugin-enabled
num_profiles : 1
config_ver : custom_k_99_9_MaxP
accuracy_level : 99.9%
inference_server : custom
skip_file_checks : True
power_limit : None
cpu_freq : None
&&&& RUNNING BERT_HARNESS # ./build/bin/harness_bert
I1216 21:16:01.356235 20370 main_bert.cc:163] Found 1 GPUs
I1216 21:16:01.435943 20370 bert_server.cc:147] Engine Path: ./build/engines/RTX4090x1/bert/Server/bert-Server-gpu-fp16_S_384_B_256_P_2_vs.custom_k_99_9_MaxP.plan
[I] [TRT] Loaded engine size: 699 MiB
[I] [TRT] [MemUsageChange] Init cuBLAS/cuBLASLt: CPU +7, GPU +10, now: CPU 860, GPU 1511 (MiB)
[I] [TRT] [MemUsageChange] Init cuDNN: CPU +1, GPU +10, now: CPU 861, GPU 1521 (MiB)
[I] [TRT] [MemUsageChange] TensorRT-managed allocation in engine deserialization: CPU +0, GPU +576, now: CPU 0, GPU 576 (MiB)
I1216 21:16:01.795738 20370 bert_server.cc:208] Engines Creation Completed
I1216 21:16:01.812476 20370 bert_server.cc:213] Use CUDA graphs
I1216 21:16:01.812637 20370 bert_core_vs.cc:385] Engine - Device Memory requirements: 1409287680
I1216 21:16:01.812640 20370 bert_core_vs.cc:393] Engine - Number of Optimization Profiles: 2
I1216 21:16:01.812644 20370 bert_core_vs.cc:415] Engine - Profile 0 maxDims 98304 Bmax=256 Smax=384
[I] [TRT] [MemUsageChange] Init cuBLAS/cuBLASLt: CPU +0, GPU +8, now: CPU 162, GPU 2859 (MiB)
[I] [TRT] [MemUsageChange] Init cuDNN: CPU +0, GPU +8, now: CPU 162, GPU 2867 (MiB)
I1216 21:16:01.854549 20370 bert_core_vs.cc:426] Setting Opt.Prof. to 0
I1216 21:16:01.854568 20370 bert_core_vs.cc:444] Context creation complete. Max supported batchSize: 256
[I] [TRT] [MemUsageChange] TensorRT-managed allocation in IExecutionContext creation: CPU +1, GPU +0, now: CPU 1, GPU 576 (MiB)
I1216 21:16:01.854656 20370 bert_core_vs.cc:476] Setup complete
I1216 21:16:32.780572 20377 bert_core_vs.cc:352] Created 200 CUDA graphs
I1216 21:16:32.780839 20370 bert_core_vs.cc:385] Engine - Device Memory requirements: 1409287680
I1216 21:16:32.780845 20370 bert_core_vs.cc:393] Engine - Number of Optimization Profiles: 2
I1216 21:16:32.780848 20370 bert_core_vs.cc:415] Engine - Profile 1 maxDims 98304 Bmax=256 Smax=384
[I] [TRT] [MemUsageChange] Init cuBLAS/cuBLASLt: CPU +0, GPU +8, now: CPU 620, GPU 6573 (MiB)
[I] [TRT] [MemUsageChange] Init cuDNN: CPU +1, GPU +10, now: CPU 621, GPU 6583 (MiB)
I1216 21:16:32.825053 20370 bert_core_vs.cc:426] Setting Opt.Prof. to 1
[I] [TRT] Could not set default profile 0 for execution context. Profile index must be set explicitly.
[I] [TRT] [MemUsageChange] TensorRT-managed allocation in IExecutionContext creation: CPU +0, GPU +0, now: CPU 1, GPU 576 (MiB)
I1216 21:16:32.825353 20370 bert_core_vs.cc:444] Context creation complete. Max supported batchSize: 256
I1216 21:16:32.825881 20370 bert_core_vs.cc:476] Setup complete
I1216 21:17:03.873063 20379 bert_core_vs.cc:352] Created 200 CUDA graphs
I1216 21:17:04.481747 20370 main_bert.cc:184] Starting running actual test.
I1216 21:27:04.993521 20370 main_bert.cc:190] Finished running actual test.
================================================
MLPerf Results Summary
================================================
SUT name : BERT SERVER
Scenario : Server
Mode     : PerformanceOnly
Scheduled samples per second : 1415.02
Result is : VALID
  Performance constraints satisfied : Yes
  Min duration satisfied : Yes
  Min queries satisfied : Yes
  Early stopping satisfied: Yes
Early Stopping Result:
 * Run successful.

================================================
Additional Stats
================================================
Completed samples per second    : 1414.96

Min latency (ns)                : 5937168
Max latency (ns)                : 106722752
Mean latency (ns)               : 40775029
50.00 percentile latency (ns)   : 39393183
90.00 percentile latency (ns)   : 56917784
95.00 percentile latency (ns)   : 62099775
97.00 percentile latency (ns)   : 65539528
99.00 percentile latency (ns)   : 72516510
99.90 percentile latency (ns)   : 85649426

================================================
Test Parameters Used
================================================
samples_per_query : 1
target_qps : 1414
target_latency (ns): 130000000
max_async_queries : 0
min_duration (ms): 600000
max_duration (ms): 0
min_query_count : 100
max_query_count : 0
qsl_rng_seed : 3066443479025735752
sample_index_rng_seed : 10688027786191513374
schedule_rng_seed : 14962580496156340209
accuracy_log_rng_seed : 0
accuracy_log_probability : 0
accuracy_log_sampling_target : 0
print_timestamps : 0
performance_issue_unique : 0
performance_issue_same : 0
performance_issue_same_index : 0
performance_sample_count : 10833

No warnings encountered during test.

No errors encountered during test.
[2024-12-16 21:27:05,172 run_harness.py:166 INFO] Result: result_scheduled_samples_per_sec: 1415.02, Result is VALID
 
======================== Result summaries: ========================

