[2024-12-04 21:42:40,905 main.py:229 INFO] Detected system ID: KnownSystem.RTX4090x1
[2024-12-04 21:42:41,133 generate_conf_files.py:107 INFO] Generated measurements/ entries for RTX4090x1_TRT/bert-99/Server
[2024-12-04 21:42:41,133 __init__.py:46 INFO] Running command: ./build/bin/harness_bert --logfile_outdir="/cm-mount/home/arjun/gh_action_results/valid_results/RTX4090x1-nvidia_original-gpu-tensorrt-vdefault-default_config/bert-99/server/performance/run_1" --logfile_prefix="mlperf_log_" --performance_sample_count=10833 --test_mode="PerformanceOnly" --gpu_batch_size=256 --mlperf_conf_path="/home/cmuser/CM/repos/local/cache/42b7700cfc5d43ff/inference/mlperf.conf" --tensor_path="build/preprocessed_data/squad_tokenized/input_ids.npy,build/preprocessed_data/squad_tokenized/segment_ids.npy,build/preprocessed_data/squad_tokenized/input_mask.npy" --use_graphs=true --user_conf_path="/home/cmuser/CM/repos/gateoverflow@cm4mlops/script/generate-mlperf-inference-user-conf/tmp/4098b248f0a64861b56fb70cacafa70a.conf" --gpu_inference_streams=2 --gpu_copy_streams=1 --gpu_engines="./build/engines/RTX4090x1/bert/Server/bert-Server-gpu-int8_S_384_B_256_P_2_vs.custom_k_99_MaxP.plan" --scenario Server --model bert
[2024-12-04 21:42:41,133 __init__.py:53 INFO] Overriding Environment
benchmark : Benchmark.BERT
buffer_manager_thread_count : 0
coalesced_tensor : True
data_dir : /home/cmuser/CM/repos/local/cache/5b2b0cc913a4453a/data
gpu_batch_size : 256
gpu_copy_streams : 1
gpu_inference_streams : 2
input_dtype : int32
input_format : linear
log_dir : /home/cmuser/CM/repos/local/cache/6bf76155ad874a21/repo/closed/NVIDIA/build/logs/2024.12.04-21.42.40
mlperf_conf_path : /home/cmuser/CM/repos/local/cache/42b7700cfc5d43ff/inference/mlperf.conf
precision : int8
preprocessed_data_dir : /home/cmuser/CM/repos/local/cache/5b2b0cc913a4453a/preprocessed_data
scenario : Scenario.Server
server_target_qps : 0
server_target_qps_adj_factor : 0.0
system : SystemConfiguration(host_cpu_conf=CPUConfiguration(layout={CPU(name='13th Gen Intel(R) Core(TM) i9-13900K', architecture=<CPUArchitecture.x86_64: AliasedName(name='x86_64', aliases=(), patterns=())>, core_count=24, threads_per_core=1): 1}), host_mem_conf=MemoryConfiguration(host_memory_capacity=Memory(quantity=131.63446, byte_suffix=<ByteSuffix.GB: (1000, 3)>, _num_bytes=131634460000), comparison_tolerance=0.05), accelerator_conf=AcceleratorConfiguration(layout=defaultdict(<class 'int'>, {GPU(name='NVIDIA GeForce RTX 4090', accelerator_type=<AcceleratorType.Discrete: AliasedName(name='Discrete', aliases=(), patterns=())>, vram=Memory(quantity=23.98828125, byte_suffix=<ByteSuffix.GiB: (1024, 3)>, _num_bytes=25757220864), max_power_limit=450.0, pci_id='0x268410DE', compute_sm=89): 1})), numa_conf=None, system_id='RTX4090x1')
tensor_path : build/preprocessed_data/squad_tokenized/input_ids.npy,build/preprocessed_data/squad_tokenized/segment_ids.npy,build/preprocessed_data/squad_tokenized/input_mask.npy
test_mode : PerformanceOnly
use_graphs : True
use_small_tile_gemm_plugin : True
user_conf_path : /home/cmuser/CM/repos/gateoverflow@cm4mlops/script/generate-mlperf-inference-user-conf/tmp/4098b248f0a64861b56fb70cacafa70a.conf
system_id : RTX4090x1
config_name : RTX4090x1_bert_Server
workload_setting : WorkloadSetting(HarnessType.Custom, AccuracyTarget.k_99, PowerSetting.MaxP)
optimization_level : plugin-enabled
num_profiles : 1
config_ver : custom_k_99_MaxP
accuracy_level : 99%
inference_server : custom
skip_file_checks : True
power_limit : None
cpu_freq : None
&&&& RUNNING BERT_HARNESS # ./build/bin/harness_bert
I1204 21:42:41.169901 26399 main_bert.cc:163] Found 1 GPUs
I1204 21:42:41.254475 26399 bert_server.cc:147] Engine Path: ./build/engines/RTX4090x1/bert/Server/bert-Server-gpu-int8_S_384_B_256_P_2_vs.custom_k_99_MaxP.plan
[I] [TRT] Loaded engine size: 608 MiB
[I] [TRT] [MemUsageChange] Init cuBLAS/cuBLASLt: CPU +7, GPU +8, now: CPU 1160, GPU 1031 (MiB)
[I] [TRT] [MemUsageChange] Init cuDNN: CPU +1, GPU +10, now: CPU 1161, GPU 1041 (MiB)
[I] [TRT] [MemUsageChange] TensorRT-managed allocation in engine deserialization: CPU +0, GPU +97, now: CPU 0, GPU 97 (MiB)
I1204 21:42:41.703545 26399 bert_server.cc:208] Engines Creation Completed
I1204 21:42:41.718477 26399 bert_server.cc:213] Use CUDA graphs
I1204 21:42:41.718639 26399 bert_core_vs.cc:385] Engine - Device Memory requirements: 704644608
I1204 21:42:41.718642 26399 bert_core_vs.cc:393] Engine - Number of Optimization Profiles: 2
I1204 21:42:41.718647 26399 bert_core_vs.cc:415] Engine - Profile 0 maxDims 98304 Bmax=256 Smax=384
[I] [TRT] [MemUsageChange] Init cuBLAS/cuBLASLt: CPU +0, GPU +8, now: CPU 553, GPU 1707 (MiB)
[I] [TRT] [MemUsageChange] Init cuDNN: CPU +0, GPU +8, now: CPU 553, GPU 1715 (MiB)
I1204 21:42:41.938273 26399 bert_core_vs.cc:426] Setting Opt.Prof. to 0
I1204 21:42:41.938297 26399 bert_core_vs.cc:444] Context creation complete. Max supported batchSize: 256
[I] [TRT] [MemUsageChange] TensorRT-managed allocation in IExecutionContext creation: CPU +0, GPU +0, now: CPU 0, GPU 97 (MiB)
I1204 21:42:41.938391 26399 bert_core_vs.cc:476] Setup complete
I1204 21:42:54.082453 26406 bert_core_vs.cc:352] Created 200 CUDA graphs
I1204 21:42:54.082710 26399 bert_core_vs.cc:385] Engine - Device Memory requirements: 704644608
I1204 21:42:54.082715 26399 bert_core_vs.cc:393] Engine - Number of Optimization Profiles: 2
I1204 21:42:54.082718 26399 bert_core_vs.cc:415] Engine - Profile 1 maxDims 98304 Bmax=256 Smax=384
[I] [TRT] [MemUsageChange] Init cuBLAS/cuBLASLt: CPU +0, GPU +8, now: CPU 1276, GPU 5197 (MiB)
[I] [TRT] [MemUsageChange] Init cuDNN: CPU +1, GPU +10, now: CPU 1277, GPU 5207 (MiB)
I1204 21:42:54.295986 26399 bert_core_vs.cc:426] Setting Opt.Prof. to 1
[I] [TRT] Could not set default profile 0 for execution context. Profile index must be set explicitly.
[I] [TRT] [MemUsageChange] TensorRT-managed allocation in IExecutionContext creation: CPU +0, GPU +0, now: CPU 0, GPU 97 (MiB)
I1204 21:42:54.296084 26399 bert_core_vs.cc:444] Context creation complete. Max supported batchSize: 256
I1204 21:42:54.296648 26399 bert_core_vs.cc:476] Setup complete
I1204 21:43:06.480988 26408 bert_core_vs.cc:352] Created 200 CUDA graphs
I1204 21:43:06.720310 26399 main_bert.cc:184] Starting running actual test.
I1204 21:53:08.099027 26399 main_bert.cc:190] Finished running actual test.
================================================
MLPerf Results Summary
================================================
SUT name : BERT SERVER
Scenario : Server
Mode     : PerformanceOnly
Scheduled samples per second : 3841.32
Result is : VALID
  Performance constraints satisfied : Yes
  Min duration satisfied : Yes
  Min queries satisfied : Yes
  Early stopping satisfied: Yes
Early Stopping Result:
 * Run successful.

================================================
Additional Stats
================================================
Completed samples per second    : 3841.09

Min latency (ns)                : 3028000
Max latency (ns)                : 121974350
Mean latency (ns)               : 43457794
50.00 percentile latency (ns)   : 41873452
90.00 percentile latency (ns)   : 58950787
95.00 percentile latency (ns)   : 64913742
97.00 percentile latency (ns)   : 69005608
99.00 percentile latency (ns)   : 77075707
99.90 percentile latency (ns)   : 96402471

================================================
Test Parameters Used
================================================
samples_per_query : 1
target_qps : 3838
target_latency (ns): 130000000
max_async_queries : 0
min_duration (ms): 600000
max_duration (ms): 0
min_query_count : 100
max_query_count : 0
qsl_rng_seed : 3066443479025735752
sample_index_rng_seed : 10688027786191513374
schedule_rng_seed : 14962580496156340209
accuracy_log_rng_seed : 0
accuracy_log_probability : 0
accuracy_log_sampling_target : 0
print_timestamps : 0
performance_issue_unique : 0
performance_issue_same : 0
performance_issue_same_index : 0
performance_sample_count : 10833

No warnings encountered during test.

No errors encountered during test.
[2024-12-04 21:53:08,338 run_harness.py:166 INFO] Result: result_scheduled_samples_per_sec: 3841.32, Result is VALID
 
======================== Result summaries: ========================

