[2024-12-23 02:51:48,535 main.py:229 INFO] Detected system ID: KnownSystem.RTX4090x1
/home/cmuser/.local/lib/python3.8/site-packages/torchvision/datapoints/__init__.py:12: UserWarning: The torchvision.datapoints and torchvision.transforms.v2 namespaces are still Beta. While we do not expect major breaking changes, some APIs may still change according to user feedback. Please submit any feedback you may have in this issue: https://github.com/pytorch/vision/issues/6753, and you can also check out https://github.com/pytorch/vision/issues/7319 to learn more about the APIs that we suspect might involve future changes. You can silence this warning by calling torchvision.disable_beta_transforms_warning().
  warnings.warn(_BETA_TRANSFORMS_WARNING)
/home/cmuser/.local/lib/python3.8/site-packages/torchvision/transforms/v2/__init__.py:54: UserWarning: The torchvision.datapoints and torchvision.transforms.v2 namespaces are still Beta. While we do not expect major breaking changes, some APIs may still change according to user feedback. Please submit any feedback you may have in this issue: https://github.com/pytorch/vision/issues/6753, and you can also check out https://github.com/pytorch/vision/issues/7319 to learn more about the APIs that we suspect might involve future changes. You can silence this warning by calling torchvision.disable_beta_transforms_warning().
  warnings.warn(_BETA_TRANSFORMS_WARNING)
[2024-12-23 02:51:49,535 generate_conf_files.py:107 INFO] Generated measurements/ entries for RTX4090x1_TRT/stable-diffusion-xl/SingleStream
[2024-12-23 02:51:49,535 __init__.py:46 INFO] Running command: python3 -m code.stable-diffusion-xl.tensorrt.harness --logfile_outdir="/cm-mount/home/arjun/gh_action_results/valid_results/RTX4090x1-nvidia_original-gpu-tensorrt-vdefault-default_config/stable-diffusion-xl/singlestream/performance/run_1" --logfile_prefix="mlperf_log_" --performance_sample_count=5000 --test_mode="PerformanceOnly" --gpu_batch_size=1 --mlperf_conf_path="/home/cmuser/CM/repos/local/cache/c1d8c371d52d46a3/inference/mlperf.conf" --tensor_path="build/preprocessed_data/coco2014-tokenized-sdxl/5k_dataset_final/" --use_graphs=true --user_conf_path="/home/cmuser/CM/repos/mlcommons@mlperf-automations/script/generate-mlperf-inference-user-conf/tmp/b757026e3450487da58c2fc9987ba86b.conf" --gpu_inference_streams=1 --gpu_copy_streams=1 --gpu_engines="./build/engines/RTX4090x1/stable-diffusion-xl/SingleStream/stable-diffusion-xl-CLIP-SingleStream-gpu-b1-fp16.custom_k_99_MaxP.plan,./build/engines/RTX4090x1/stable-diffusion-xl/SingleStream/stable-diffusion-xl-CLIPWithProj-SingleStream-gpu-b1-fp16.custom_k_99_MaxP.plan,./build/engines/RTX4090x1/stable-diffusion-xl/SingleStream/stable-diffusion-xl-UNetXL-SingleStream-gpu-b1-int8.custom_k_99_MaxP.plan,./build/engines/RTX4090x1/stable-diffusion-xl/SingleStream/stable-diffusion-xl-VAE-SingleStream-gpu-b1-fp32.custom_k_99_MaxP.plan" --scenario SingleStream --model stable-diffusion-xl
[2024-12-23 02:51:49,535 __init__.py:53 INFO] Overriding Environment
/home/cmuser/.local/lib/python3.8/site-packages/torchvision/datapoints/__init__.py:12: UserWarning: The torchvision.datapoints and torchvision.transforms.v2 namespaces are still Beta. While we do not expect major breaking changes, some APIs may still change according to user feedback. Please submit any feedback you may have in this issue: https://github.com/pytorch/vision/issues/6753, and you can also check out https://github.com/pytorch/vision/issues/7319 to learn more about the APIs that we suspect might involve future changes. You can silence this warning by calling torchvision.disable_beta_transforms_warning().
  warnings.warn(_BETA_TRANSFORMS_WARNING)
/home/cmuser/.local/lib/python3.8/site-packages/torchvision/transforms/v2/__init__.py:54: UserWarning: The torchvision.datapoints and torchvision.transforms.v2 namespaces are still Beta. While we do not expect major breaking changes, some APIs may still change according to user feedback. Please submit any feedback you may have in this issue: https://github.com/pytorch/vision/issues/6753, and you can also check out https://github.com/pytorch/vision/issues/7319 to learn more about the APIs that we suspect might involve future changes. You can silence this warning by calling torchvision.disable_beta_transforms_warning().
  warnings.warn(_BETA_TRANSFORMS_WARNING)
[2024-12-23 02:51:50,831 backend.py:71 INFO] Loading TensorRT engine: ./build/engines/RTX4090x1/stable-diffusion-xl/SingleStream/stable-diffusion-xl-CLIP-SingleStream-gpu-b1-fp16.custom_k_99_MaxP.plan.
[2024-12-23 02:51:50,925 backend.py:71 INFO] Loading TensorRT engine: ./build/engines/RTX4090x1/stable-diffusion-xl/SingleStream/stable-diffusion-xl-CLIPWithProj-SingleStream-gpu-b1-fp16.custom_k_99_MaxP.plan.
[2024-12-23 02:51:51,408 backend.py:71 INFO] Loading TensorRT engine: ./build/engines/RTX4090x1/stable-diffusion-xl/SingleStream/stable-diffusion-xl-UNetXL-SingleStream-gpu-b1-int8.custom_k_99_MaxP.plan.
[2024-12-23 02:51:52,434 backend.py:71 INFO] Loading TensorRT engine: ./build/engines/RTX4090x1/stable-diffusion-xl/SingleStream/stable-diffusion-xl-VAE-SingleStream-gpu-b1-fp32.custom_k_99_MaxP.plan.
[2024-12-23 02:51:53,020 backend.py:96 INFO] Enabling cuda graphs for unet
[2024-12-23 02:51:53,162 backend.py:154 INFO] captured graph for BS=1
[2024-12-23 02:51:53,162 harness.py:207 INFO] Start Warm Up!
[2024-12-23 02:51:56,030 harness.py:209 INFO] Warm Up Done!
[2024-12-23 02:51:56,030 harness.py:211 INFO] Start Test!
[2024-12-23 03:01:59,189 backend.py:801 INFO] [Server] Received 424 total samples
[2024-12-23 03:01:59,190 backend.py:809 INFO] [Device 0] Reported 424 samples
[2024-12-23 03:01:59,190 harness.py:214 INFO] Test Done!
[2024-12-23 03:01:59,190 harness.py:216 INFO] Destroying SUT...
[2024-12-23 03:01:59,190 harness.py:219 INFO] Destroying QSL...
benchmark : Benchmark.SDXL
buffer_manager_thread_count : 0
data_dir : /home/cmuser/CM/repos/local/cache/5b2b0cc913a4453a/data
gpu_batch_size : 1
gpu_copy_streams : 1
gpu_inference_streams : 1
input_dtype : int32
input_format : linear
log_dir : /home/cmuser/CM/repos/local/cache/dfbf240f980947f5/repo/closed/NVIDIA/build/logs/2024.12.23-02.51.47
mlperf_conf_path : /home/cmuser/CM/repos/local/cache/c1d8c371d52d46a3/inference/mlperf.conf
model_path : /home/cmuser/CM/repos/local/cache/5b2b0cc913a4453a/models/SDXL/
precision : int8
preprocessed_data_dir : /home/cmuser/CM/repos/local/cache/5b2b0cc913a4453a/preprocessed_data
scenario : Scenario.SingleStream
single_stream_expected_latency_ns : 0
system : SystemConfiguration(host_cpu_conf=CPUConfiguration(layout={CPU(name='13th Gen Intel(R) Core(TM) i9-13900K', architecture=<CPUArchitecture.x86_64: AliasedName(name='x86_64', aliases=(), patterns=())>, core_count=24, threads_per_core=1): 1}), host_mem_conf=MemoryConfiguration(host_memory_capacity=Memory(quantity=131.634476, byte_suffix=<ByteSuffix.GB: (1000, 3)>, _num_bytes=131634476000), comparison_tolerance=0.05), accelerator_conf=AcceleratorConfiguration(layout=defaultdict(<class 'int'>, {GPU(name='NVIDIA GeForce RTX 4090', accelerator_type=<AcceleratorType.Discrete: AliasedName(name='Discrete', aliases=(), patterns=())>, vram=Memory(quantity=23.98828125, byte_suffix=<ByteSuffix.GiB: (1024, 3)>, _num_bytes=25757220864), max_power_limit=450.0, pci_id='0x268410DE', compute_sm=89): 1})), numa_conf=None, system_id='RTX4090x1')
tensor_path : build/preprocessed_data/coco2014-tokenized-sdxl/5k_dataset_final/
test_mode : PerformanceOnly
use_graphs : True
user_conf_path : /home/cmuser/CM/repos/mlcommons@mlperf-automations/script/generate-mlperf-inference-user-conf/tmp/b757026e3450487da58c2fc9987ba86b.conf
system_id : RTX4090x1
config_name : RTX4090x1_stable-diffusion-xl_SingleStream
workload_setting : WorkloadSetting(HarnessType.Custom, AccuracyTarget.k_99, PowerSetting.MaxP)
optimization_level : plugin-enabled
num_profiles : 1
config_ver : custom_k_99_MaxP
accuracy_level : 99%
inference_server : custom
skip_file_checks : False
power_limit : None
cpu_freq : None
[I] Loading bytes from ./build/engines/RTX4090x1/stable-diffusion-xl/SingleStream/stable-diffusion-xl-CLIP-SingleStream-gpu-b1-fp16.custom_k_99_MaxP.plan
[I] Loading bytes from ./build/engines/RTX4090x1/stable-diffusion-xl/SingleStream/stable-diffusion-xl-CLIPWithProj-SingleStream-gpu-b1-fp16.custom_k_99_MaxP.plan
[I] Loading bytes from ./build/engines/RTX4090x1/stable-diffusion-xl/SingleStream/stable-diffusion-xl-UNetXL-SingleStream-gpu-b1-int8.custom_k_99_MaxP.plan
[I] Loading bytes from ./build/engines/RTX4090x1/stable-diffusion-xl/SingleStream/stable-diffusion-xl-VAE-SingleStream-gpu-b1-fp32.custom_k_99_MaxP.plan
[2024-12-23 03:01:59,482 run_harness.py:166 INFO] Result: result_90.00_percentile_latency_ns: 1423371292, Result is VALID
 
======================== Result summaries: ========================

