[2024-12-01 06:02:26,348 main.py:229 INFO] Detected system ID: KnownSystem.RTX4090x2
[2024-12-01 06:02:26,624 generate_conf_files.py:107 INFO] Generated measurements/ entries for RTX4090x2_TRT/resnet50/Offline
[2024-12-01 06:02:26,625 __init__.py:46 INFO] Running command: ./build/bin/harness_default --logfile_outdir="/cm-mount/home/arjun/gh_action_results/valid_results/RTX4090x2-nvidia_original-gpu-tensorrt-vdefault-default_config/resnet50/offline/performance/run_1" --logfile_prefix="mlperf_log_" --performance_sample_count=2048 --test_mode="PerformanceOnly" --gpu_res2res3_loop_count=1 --gpu_copy_streams=2 --gpu_inference_streams=1 --run_infer_on_copy_streams=false --use_deque_limit=true --gpu_batch_size=64 --map_path="data_maps/imagenet/val_map.txt" --mlperf_conf_path="/home/cmuser/CM/repos/local/cache/c5c692c2ed0540a1/inference/mlperf.conf" --tensor_path="build/preprocessed_data/imagenet/ResNet50/int8_linear" --use_graphs=false --user_conf_path="/home/cmuser/CM/repos/gateoverflow@cm4mlops/script/generate-mlperf-inference-user-conf/tmp/645f122d1d274b9d97f96770f2391f9e.conf" --gpu_engines="./build/engines/RTX4090x2/resnet50/Offline/resnet50-Offline-gpu-b64-int8.lwis_k_99_MaxP.plan" --max_dlas=0 --scenario Offline --model resnet50
[2024-12-01 06:02:26,625 __init__.py:53 INFO] Overriding Environment
benchmark : Benchmark.ResNet50
buffer_manager_thread_count : 0
data_dir : /home/cmuser/CM/repos/local/cache/e066920512fd47b7/data
gpu_batch_size : 64
gpu_copy_streams : 2
gpu_inference_streams : 1
gpu_res2res3_loop_count : 1
input_dtype : int8
input_format : linear
log_dir : /home/cmuser/CM/repos/local/cache/f042d2560d924ad6/repo/closed/NVIDIA/build/logs/2024.12.01-06.02.24
map_path : data_maps/imagenet/val_map.txt
mlperf_conf_path : /home/cmuser/CM/repos/local/cache/c5c692c2ed0540a1/inference/mlperf.conf
offline_expected_qps : 0.0
precision : int8
preprocessed_data_dir : /home/cmuser/CM/repos/local/cache/e066920512fd47b7/preprocessed_data
run_infer_on_copy_streams : False
scenario : Scenario.Offline
system : SystemConfiguration(host_cpu_conf=CPUConfiguration(layout={CPU(name='Intel(R) Xeon(R) w7-2495X', architecture=<CPUArchitecture.x86_64: AliasedName(name='x86_64', aliases=(), patterns=())>, core_count=24, threads_per_core=2): 1}), host_mem_conf=MemoryConfiguration(host_memory_capacity=Memory(quantity=197.330052, byte_suffix=<ByteSuffix.GB: (1000, 3)>, _num_bytes=197330052000), comparison_tolerance=0.05), accelerator_conf=AcceleratorConfiguration(layout=defaultdict(<class 'int'>, {GPU(name='NVIDIA GeForce RTX 4090', accelerator_type=<AcceleratorType.Discrete: AliasedName(name='Discrete', aliases=(), patterns=())>, vram=Memory(quantity=23.98828125, byte_suffix=<ByteSuffix.GiB: (1024, 3)>, _num_bytes=25757220864), max_power_limit=450.0, pci_id='0x268410DE', compute_sm=89): 1, GPU(name='NVIDIA GeForce RTX 4090', accelerator_type=<AcceleratorType.Discrete: AliasedName(name='Discrete', aliases=(), patterns=())>, vram=Memory(quantity=23.98828125, byte_suffix=<ByteSuffix.GiB: (1024, 3)>, _num_bytes=25757220864), max_power_limit=500.0, pci_id='0x268410DE', compute_sm=89): 1})), numa_conf=NUMAConfiguration(numa_nodes={}, num_numa_nodes=1), system_id='RTX4090x2')
tensor_path : build/preprocessed_data/imagenet/ResNet50/int8_linear
test_mode : PerformanceOnly
use_deque_limit : True
use_graphs : False
user_conf_path : /home/cmuser/CM/repos/gateoverflow@cm4mlops/script/generate-mlperf-inference-user-conf/tmp/645f122d1d274b9d97f96770f2391f9e.conf
system_id : RTX4090x2
config_name : RTX4090x2_resnet50_Offline
workload_setting : WorkloadSetting(HarnessType.LWIS, AccuracyTarget.k_99, PowerSetting.MaxP)
optimization_level : plugin-enabled
num_profiles : 2
config_ver : lwis_k_99_MaxP
accuracy_level : 99%
inference_server : lwis
skip_file_checks : False
power_limit : None
cpu_freq : None
&&&& RUNNING Default_Harness # ./build/bin/harness_default
[I] mlperf.conf path: /home/cmuser/CM/repos/local/cache/c5c692c2ed0540a1/inference/mlperf.conf
[I] user.conf path: /home/cmuser/CM/repos/gateoverflow@cm4mlops/script/generate-mlperf-inference-user-conf/tmp/645f122d1d274b9d97f96770f2391f9e.conf
Creating QSL.
Finished Creating QSL.
Setting up SUT.
[I] [TRT] Loaded engine size: 32 MiB
[I] [TRT] [MemUsageChange] Init cuBLAS/cuBLASLt: CPU +6, GPU +10, now: CPU 88, GPU 831 (MiB)
[I] [TRT] [MemUsageChange] Init cuDNN: CPU +2, GPU +10, now: CPU 90, GPU 841 (MiB)
[I] [TRT] [MemUsageChange] TensorRT-managed allocation in engine deserialization: CPU +0, GPU +19, now: CPU 0, GPU 19 (MiB)
[I] Device:0.GPU: [0] ./build/engines/RTX4090x2/resnet50/Offline/resnet50-Offline-gpu-b64-int8.lwis_k_99_MaxP.plan has been successfully loaded.
[I] [TRT] Loaded engine size: 32 MiB
[W] [TRT] Using an engine plan file across different models of devices is not recommended and is likely to affect performance or even cause errors.
[I] [TRT] [MemUsageChange] Init cuBLAS/cuBLASLt: CPU +7, GPU +10, now: CPU 126, GPU 539 (MiB)
[I] [TRT] [MemUsageChange] Init cuDNN: CPU +1, GPU +10, now: CPU 127, GPU 549 (MiB)
[I] [TRT] [MemUsageChange] TensorRT-managed allocation in engine deserialization: CPU +0, GPU +20, now: CPU 0, GPU 39 (MiB)
[I] Device:1.GPU: [0] ./build/engines/RTX4090x2/resnet50/Offline/resnet50-Offline-gpu-b64-int8.lwis_k_99_MaxP.plan has been successfully loaded.
[E] [TRT] 3: [runtime.cpp::~Runtime::401] Error Code 3: API Usage Error (Parameter check failed at: runtime/rt/runtime.cpp::~Runtime::401, condition: mEngineCounter.use_count() == 1 Destroying a runtime before destroying deserialized engines created by the runtime leads to undefined behavior.)
[I] [TRT] [MemUsageChange] Init cuBLAS/cuBLASLt: CPU +0, GPU +10, now: CPU 95, GPU 833 (MiB)
[I] [TRT] [MemUsageChange] Init cuDNN: CPU +0, GPU +8, now: CPU 95, GPU 841 (MiB)
[I] [TRT] [MemUsageChange] TensorRT-managed allocation in IExecutionContext creation: CPU +0, GPU +99, now: CPU 0, GPU 138 (MiB)
[I] [TRT] [MemUsageChange] Init cuBLAS/cuBLASLt: CPU +0, GPU +8, now: CPU 106, GPU 959 (MiB)
[I] [TRT] [MemUsageChange] Init cuDNN: CPU +1, GPU +10, now: CPU 107, GPU 969 (MiB)
[I] [TRT] Could not set default profile 0 for execution context. Profile index must be set explicitly.
[I] [TRT] [MemUsageChange] TensorRT-managed allocation in IExecutionContext creation: CPU +0, GPU +100, now: CPU 0, GPU 238 (MiB)
[I] [TRT] [MemUsageChange] Init cuBLAS/cuBLASLt: CPU +0, GPU +10, now: CPU 118, GPU 541 (MiB)
[I] [TRT] [MemUsageChange] Init cuDNN: CPU +0, GPU +8, now: CPU 118, GPU 549 (MiB)
[I] [TRT] [MemUsageChange] TensorRT-managed allocation in IExecutionContext creation: CPU +0, GPU +99, now: CPU 0, GPU 337 (MiB)
[I] [TRT] [MemUsageChange] Init cuBLAS/cuBLASLt: CPU +0, GPU +8, now: CPU 130, GPU 667 (MiB)
[I] [TRT] [MemUsageChange] Init cuDNN: CPU +0, GPU +10, now: CPU 130, GPU 677 (MiB)
[I] [TRT] Could not set default profile 0 for execution context. Profile index must be set explicitly.
[I] [TRT] [MemUsageChange] TensorRT-managed allocation in IExecutionContext creation: CPU +0, GPU +100, now: CPU 0, GPU 437 (MiB)
[I] Creating batcher thread: 0 EnableBatcherThreadPerDevice: false
Finished setting up SUT.
Starting warmup. Running for a minimum of 5 seconds.
Finished warmup. Ran for 5.02997s.
Starting running actual test.
================================================
MLPerf Results Summary
================================================
SUT name : LWIS_Server
Scenario : Offline
Mode     : PerformanceOnly
Samples per second: 87752.8
Result is : VALID
  Min duration satisfied : Yes
  Min queries satisfied : Yes
  Early stopping satisfied: Yes

================================================
Additional Stats
================================================
Min latency (ns)                : 357638756
Max latency (ns)                : 668477511929
Mean latency (ns)               : 19362716742
50.00 percentile latency (ns)   : 333813429514
90.00 percentile latency (ns)   : 601358004754
95.00 percentile latency (ns)   : 634898518282
97.00 percentile latency (ns)   : 648326707653
99.00 percentile latency (ns)   : 661760350288
99.90 percentile latency (ns)   : 667806511095

================================================
Test Parameters Used
================================================
samples_per_query : 58660800
target_qps : 88880
target_latency (ns): 0
max_async_queries : 1
min_duration (ms): 600000
max_duration (ms): 0
min_query_count : 1
max_query_count : 0
qsl_rng_seed : 3066443479025735752
sample_index_rng_seed : 10688027786191513374
schedule_rng_seed : 14962580496156340209
accuracy_log_rng_seed : 0
accuracy_log_probability : 0
accuracy_log_sampling_target : 0
print_timestamps : 0
performance_issue_unique : 0
performance_issue_same : 0
performance_issue_same_index : 0
performance_sample_count : 1024

No warnings encountered during test.

No errors encountered during test.
Finished running actual test.
Device Device:0.GPU processed:
  457187 batches of size 64
  Memcpy Calls: 0
  PerSampleCudaMemcpy Calls: 0
  BatchedCudaMemcpy Calls: 457187
Device Device:1.GPU processed:
  459388 batches of size 64
  Memcpy Calls: 0
  PerSampleCudaMemcpy Calls: 0
  BatchedCudaMemcpy Calls: 459388
&&&& PASSED Default_Harness # ./build/bin/harness_default
[2024-12-01 06:13:46,999 run_harness.py:166 INFO] Result: result_samples_per_second: 87752.8, Result is VALID
 
======================== Result summaries: ========================

